{"numFailedTestSuites":6,"numFailedTests":8,"numPassedTestSuites":8,"numPassedTests":39,"numPendingTestSuites":0,"numPendingTests":0,"numRuntimeErrorTestSuites":3,"numTodoTests":0,"numTotalTestSuites":14,"numTotalTests":47,"openHandles":[],"snapshot":{"added":0,"didUpdate":false,"failure":false,"filesAdded":0,"filesRemoved":0,"filesRemovedList":[],"filesUnmatched":0,"filesUpdated":0,"matched":0,"total":0,"unchecked":0,"uncheckedKeysByFile":[],"unmatched":0,"updated":0},"startTime":1777145486322,"success":false,"testResults":[{"assertionResults":[{"ancestorTitles":["AI Service"],"duration":27,"failing":false,"failureDetails":[],"failureMessages":[],"fullName":"AI Service should return mock recommendations when API key is missing","invocations":1,"location":null,"numPassingAsserts":2,"retryReasons":[],"startAt":1777145487740,"status":"passed","title":"should return mock recommendations when API key is missing"},{"ancestorTitles":["AI Service"],"duration":2,"failing":false,"failureDetails":[],"failureMessages":[],"fullName":"AI Service should call Groq API when key is present","invocations":1,"location":null,"numPassingAsserts":2,"retryReasons":[],"startAt":1777145487769,"status":"passed","title":"should call Groq API when key is present"},{"ancestorTitles":["AI Service"],"duration":4,"failing":false,"failureDetails":[{"matcherResult":{"message":"expect(received).toHaveLength(expected)\n\nExpected length: 2\nReceived length: 1\nReceived array:  [{\"category\": \"Web\", \"id\": \"1\", \"title\": \"React Masterclass\"}]","pass":false}}],"failureMessages":["Error: expect(received).toHaveLength(expected)\n\nExpected length: 2\nReceived length: 1\nReceived array:  [{\"category\": \"Web\", \"id\": \"1\", \"title\": \"React Masterclass\"}]\n    at Object.toHaveLength (D:\\Telegram Desktop\\New folder (2)\\AITVMini\\features\\courses\\utils\\ai.test.ts:56:17)\n    at Generator.next (<anonymous>)\n    at asyncGeneratorStep (D:\\Telegram Desktop\\New folder (2)\\AITVMini\\node_modules\\.pnpm\\@babel+runtime@7.29.2\\node_modules\\@babel\\runtime\\helpers\\asyncToGenerator.js:3:17)\n    at _next (D:\\Telegram Desktop\\New folder (2)\\AITVMini\\node_modules\\.pnpm\\@babel+runtime@7.29.2\\node_modules\\@babel\\runtime\\helpers\\asyncToGenerator.js:17:9)\n    at processTicksAndRejections (node:internal/process/task_queues:103:5)"],"fullName":"AI Service should fallback to first courses on error","invocations":1,"location":null,"numPassingAsserts":0,"retryReasons":[],"startAt":1777145487772,"status":"failed","title":"should fallback to first courses on error"}],"endTime":1777145487812,"message":"  ● AI Service › should fallback to first courses on error\n\n    expect(received).toHaveLength(expected)\n\n    Expected length: 2\n    Received length: 1\n    Received array:  [{\"category\": \"Web\", \"id\": \"1\", \"title\": \"React Masterclass\"}]\n\n    \u001b[0m \u001b[90m 54 |\u001b[39m\n     \u001b[90m 55 |\u001b[39m     \u001b[36mconst\u001b[39m res \u001b[33m=\u001b[39m \u001b[36mawait\u001b[39m aiService\u001b[33m.\u001b[39mgetRecommendedCourses(mockCourses\u001b[33m,\u001b[39m [\u001b[32m'Web'\u001b[39m])\u001b[33m;\u001b[39m\n    \u001b[31m\u001b[1m>\u001b[22m\u001b[39m\u001b[90m 56 |\u001b[39m     expect(res)\u001b[33m.\u001b[39mtoHaveLength(\u001b[35m2\u001b[39m)\u001b[33m;\u001b[39m \u001b[90m// Fallback returns slice(0, 3)\u001b[39m\n     \u001b[90m    |\u001b[39m                 \u001b[31m\u001b[1m^\u001b[22m\u001b[39m\n     \u001b[90m 57 |\u001b[39m   })\u001b[33m;\u001b[39m\n     \u001b[90m 58 |\u001b[39m })\u001b[33m;\u001b[39m\n     \u001b[90m 59 |\u001b[39m\u001b[0m\n\n      at Object.toHaveLength (D:\\Telegram Desktop\\New folder (2)../../../AITVMini/features/courses/utils/ai.test.ts:56:17)\n      at asyncGeneratorStep (D:\\Telegram Desktop\\New folder (2)../../../AITVMini/node_modules/.pnpm/@babel+runtime@7.29.2/node_modules/@babel/runtime/helpers/asyncToGenerator.js:3:17)\n      at _next (D:\\Telegram Desktop\\New folder (2)../../../AITVMini/node_modules/.pnpm/@babel+runtime@7.29.2/node_modules/@babel/runtime/helpers/asyncToGenerator.js:17:9)\n","name":"D:\\Telegram Desktop\\New folder (2)\\AITVMini\\features\\courses\\utils\\ai.test.ts","startTime":1777145486903,"status":"failed","summary":""},{"assertionResults":[{"ancestorTitles":["Storage Utils","Secure Storage (expo-secure-store)"],"duration":21,"failing":false,"failureDetails":[{"matcherResult":{"message":"expect(jest.fn()).toHaveBeenCalledTimes(expected)\n\nExpected number of calls: 1\nReceived number of calls: 0","pass":false}}],"failureMessages":["Error: expect(jest.fn()).toHaveBeenCalledTimes(expected)\n\nExpected number of calls: 1\nReceived number of calls: 0\n    at Object.toHaveBeenCalledTimes (D:\\Telegram Desktop\\New folder (2)\\AITVMini\\shared\\utils\\__tests__\\storage.test.ts:37:32)\n    at Generator.next (<anonymous>)\n    at asyncGeneratorStep (D:\\Telegram Desktop\\New folder (2)\\AITVMini\\node_modules\\.pnpm\\@babel+runtime@7.29.2\\node_modules\\@babel\\runtime\\helpers\\asyncToGenerator.js:3:17)\n    at _next (D:\\Telegram Desktop\\New folder (2)\\AITVMini\\node_modules\\.pnpm\\@babel+runtime@7.29.2\\node_modules\\@babel\\runtime\\helpers\\asyncToGenerator.js:17:9)"],"fullName":"Storage Utils Secure Storage (expo-secure-store) setSecure: calls SecureStore.setItemAsync with correct key/value","invocations":1,"location":null,"numPassingAsserts":0,"retryReasons":[],"startAt":1777145488036,"status":"failed","title":"setSecure: calls SecureStore.setItemAsync with correct key/value"},{"ancestorTitles":["Storage Utils","Secure Storage (expo-secure-store)"],"duration":4,"failing":false,"failureDetails":[{"matcherResult":{"actual":null,"expected":"mySecret","message":"expect(received).toBe(expected) // Object.is equality\n\nExpected: \"mySecret\"\nReceived: null","name":"toBe","pass":false}}],"failureMessages":["Error: expect(received).toBe(expected) // Object.is equality\n\nExpected: \"mySecret\"\nReceived: null\n    at Object.toBe (D:\\Telegram Desktop\\New folder (2)\\AITVMini\\shared\\utils\\__tests__\\storage.test.ts:44:22)\n    at Generator.next (<anonymous>)\n    at asyncGeneratorStep (D:\\Telegram Desktop\\New folder (2)\\AITVMini\\node_modules\\.pnpm\\@babel+runtime@7.29.2\\node_modules\\@babel\\runtime\\helpers\\asyncToGenerator.js:3:17)\n    at _next (D:\\Telegram Desktop\\New folder (2)\\AITVMini\\node_modules\\.pnpm\\@babel+runtime@7.29.2\\node_modules\\@babel\\runtime\\helpers\\asyncToGenerator.js:17:9)"],"fullName":"Storage Utils Secure Storage (expo-secure-store) getSecure: returns value from SecureStore","invocations":1,"location":null,"numPassingAsserts":0,"retryReasons":[],"startAt":1777145488058,"status":"failed","title":"getSecure: returns value from SecureStore"},{"ancestorTitles":["Storage Utils","Secure Storage (expo-secure-store)"],"duration":2,"failing":false,"failureDetails":[],"failureMessages":[],"fullName":"Storage Utils Secure Storage (expo-secure-store) getSecure: returns null when key does not exist","invocations":1,"location":null,"numPassingAsserts":1,"retryReasons":[],"startAt":1777145488062,"status":"passed","title":"getSecure: returns null when key does not exist"},{"ancestorTitles":["Storage Utils","Secure Storage (expo-secure-store)"],"duration":3,"failing":false,"failureDetails":[{"matcherResult":{"message":"expect(jest.fn()).toHaveBeenCalledWith(...expected)\n\nExpected: \"token\"\n\nNumber of calls: 0","pass":false}}],"failureMessages":["Error: expect(jest.fn()).toHaveBeenCalledWith(...expected)\n\nExpected: \"token\"\n\nNumber of calls: 0\n    at Object.toHaveBeenCalledWith (D:\\Telegram Desktop\\New folder (2)\\AITVMini\\shared\\utils\\__tests__\\storage.test.ts:56:35)\n    at Generator.next (<anonymous>)\n    at asyncGeneratorStep (D:\\Telegram Desktop\\New folder (2)\\AITVMini\\node_modules\\.pnpm\\@babel+runtime@7.29.2\\node_modules\\@babel\\runtime\\helpers\\asyncToGenerator.js:3:17)\n    at _next (D:\\Telegram Desktop\\New folder (2)\\AITVMini\\node_modules\\.pnpm\\@babel+runtime@7.29.2\\node_modules\\@babel\\runtime\\helpers\\asyncToGenerator.js:17:9)"],"fullName":"Storage Utils Secure Storage (expo-secure-store) removeSecure: calls SecureStore.deleteItemAsync with correct key","invocations":1,"location":null,"numPassingAsserts":0,"retryReasons":[],"startAt":1777145488064,"status":"failed","title":"removeSecure: calls SecureStore.deleteItemAsync with correct key"},{"ancestorTitles":["Storage Utils","Async Storage (@react-native-async-storage)"],"duration":2,"failing":false,"failureDetails":[{"matcherResult":{"message":"expect(jest.fn()).toHaveBeenCalledWith(...expected)\n\nExpected: \"courses\", \"{\\\"courses\\\":[1,2,3]}\"\n\nNumber of calls: 0","pass":false}}],"failureMessages":["Error: expect(jest.fn()).toHaveBeenCalledWith(...expected)\n\nExpected: \"courses\", \"{\\\"courses\\\":[1,2,3]}\"\n\nNumber of calls: 0\n    at Object.toHaveBeenCalledWith (D:\\Telegram Desktop\\New folder (2)\\AITVMini\\shared\\utils\\__tests__\\storage.test.ts:65:32)\n    at Generator.next (<anonymous>)\n    at asyncGeneratorStep (D:\\Telegram Desktop\\New folder (2)\\AITVMini\\node_modules\\.pnpm\\@babel+runtime@7.29.2\\node_modules\\@babel\\runtime\\helpers\\asyncToGenerator.js:3:17)\n    at _next (D:\\Telegram Desktop\\New folder (2)\\AITVMini\\node_modules\\.pnpm\\@babel+runtime@7.29.2\\node_modules\\@babel\\runtime\\helpers\\asyncToGenerator.js:17:9)"],"fullName":"Storage Utils Async Storage (@react-native-async-storage) setItem: JSON.stringifies the value before saving","invocations":1,"location":null,"numPassingAsserts":0,"retryReasons":[],"startAt":1777145488067,"status":"failed","title":"setItem: JSON.stringifies the value before saving"},{"ancestorTitles":["Storage Utils","Async Storage (@react-native-async-storage)"],"duration":4,"failing":false,"failureDetails":[{"matcherResult":{"actual":null,"expected":{"courses":[1,2,3]},"message":"expect(received).toEqual(expected) // deep equality\n\nExpected: {\"courses\": [1, 2, 3]}\nReceived: null","name":"toEqual","pass":false}}],"failureMessages":["Error: expect(received).toEqual(expected) // deep equality\n\nExpected: {\"courses\": [1, 2, 3]}\nReceived: null\n    at Object.toEqual (D:\\Telegram Desktop\\New folder (2)\\AITVMini\\shared\\utils\\__tests__\\storage.test.ts:72:22)\n    at Generator.next (<anonymous>)\n    at asyncGeneratorStep (D:\\Telegram Desktop\\New folder (2)\\AITVMini\\node_modules\\.pnpm\\@babel+runtime@7.29.2\\node_modules\\@babel\\runtime\\helpers\\asyncToGenerator.js:3:17)\n    at _next (D:\\Telegram Desktop\\New folder (2)\\AITVMini\\node_modules\\.pnpm\\@babel+runtime@7.29.2\\node_modules\\@babel\\runtime\\helpers\\asyncToGenerator.js:17:9)"],"fullName":"Storage Utils Async Storage (@react-native-async-storage) getItem: JSON.parses the value on read","invocations":1,"location":null,"numPassingAsserts":0,"retryReasons":[],"startAt":1777145488069,"status":"failed","title":"getItem: JSON.parses the value on read"},{"ancestorTitles":["Storage Utils","Async Storage (@react-native-async-storage)"],"duration":2,"failing":false,"failureDetails":[],"failureMessages":[],"fullName":"Storage Utils Async Storage (@react-native-async-storage) getItem: returns null when nothing is stored","invocations":1,"location":null,"numPassingAsserts":1,"retryReasons":[],"startAt":1777145488073,"status":"passed","title":"getItem: returns null when nothing is stored"},{"ancestorTitles":["Storage Utils","Async Storage (@react-native-async-storage)"],"duration":1,"failing":false,"failureDetails":[],"failureMessages":[],"fullName":"Storage Utils Async Storage (@react-native-async-storage) getItem: returns null and does not throw on JSON parse error","invocations":1,"location":null,"numPassingAsserts":1,"retryReasons":[],"startAt":1777145488075,"status":"passed","title":"getItem: returns null and does not throw on JSON parse error"},{"ancestorTitles":["Storage Utils","Async Storage (@react-native-async-storage)"],"duration":1,"failing":false,"failureDetails":[{"matcherResult":{"message":"expect(jest.fn()).toHaveBeenCalledWith(...expected)\n\nExpected: \"courses\"\n\nNumber of calls: 0","pass":false}}],"failureMessages":["Error: expect(jest.fn()).toHaveBeenCalledWith(...expected)\n\nExpected: \"courses\"\n\nNumber of calls: 0\n    at Object.toHaveBeenCalledWith (D:\\Telegram Desktop\\New folder (2)\\AITVMini\\shared\\utils\\__tests__\\storage.test.ts:89:35)\n    at Generator.next (<anonymous>)\n    at asyncGeneratorStep (D:\\Telegram Desktop\\New folder (2)\\AITVMini\\node_modules\\.pnpm\\@babel+runtime@7.29.2\\node_modules\\@babel\\runtime\\helpers\\asyncToGenerator.js:3:17)\n    at _next (D:\\Telegram Desktop\\New folder (2)\\AITVMini\\node_modules\\.pnpm\\@babel+runtime@7.29.2\\node_modules\\@babel\\runtime\\helpers\\asyncToGenerator.js:17:9)"],"fullName":"Storage Utils Async Storage (@react-native-async-storage) removeItem: calls AsyncStorage.removeItem with correct key","invocations":1,"location":null,"numPassingAsserts":0,"retryReasons":[],"startAt":1777145488077,"status":"failed","title":"removeItem: calls AsyncStorage.removeItem with correct key"}],"endTime":1777145488095,"message":"  ● Storage Utils › Secure Storage (expo-secure-store) › setSecure: calls SecureStore.setItemAsync with correct key/value\n\n    expect(jest.fn()).toHaveBeenCalledTimes(expected)\n\n    Expected number of calls: 1\n    Received number of calls: 0\n\n    \u001b[0m \u001b[90m 35 |\u001b[39m     it(\u001b[32m'setSecure: calls SecureStore.setItemAsync with correct key/value'\u001b[39m\u001b[33m,\u001b[39m \u001b[36masync\u001b[39m () \u001b[33m=>\u001b[39m {\n     \u001b[90m 36 |\u001b[39m       \u001b[36mawait\u001b[39m storage\u001b[33m.\u001b[39msetSecure(\u001b[32m'token'\u001b[39m\u001b[33m,\u001b[39m \u001b[32m'abc123'\u001b[39m)\u001b[33m;\u001b[39m\n    \u001b[31m\u001b[1m>\u001b[22m\u001b[39m\u001b[90m 37 |\u001b[39m       expect(mockSetItemAsync)\u001b[33m.\u001b[39mtoHaveBeenCalledTimes(\u001b[35m1\u001b[39m)\u001b[33m;\u001b[39m\n     \u001b[90m    |\u001b[39m                                \u001b[31m\u001b[1m^\u001b[22m\u001b[39m\n     \u001b[90m 38 |\u001b[39m       expect(mockSetItemAsync)\u001b[33m.\u001b[39mtoHaveBeenCalledWith(\u001b[32m'token'\u001b[39m\u001b[33m,\u001b[39m \u001b[32m'abc123'\u001b[39m)\u001b[33m;\u001b[39m\n     \u001b[90m 39 |\u001b[39m     })\u001b[33m;\u001b[39m\n     \u001b[90m 40 |\u001b[39m\u001b[0m\n\n      at Object.toHaveBeenCalledTimes (D:\\Telegram Desktop\\New folder (2)../../../AITVMini/shared/utils/__tests__/storage.test.ts:37:32)\n      at asyncGeneratorStep (D:\\Telegram Desktop\\New folder (2)../../../AITVMini/node_modules/.pnpm/@babel+runtime@7.29.2/node_modules/@babel/runtime/helpers/asyncToGenerator.js:3:17)\n      at _next (D:\\Telegram Desktop\\New folder (2)../../../AITVMini/node_modules/.pnpm/@babel+runtime@7.29.2/node_modules/@babel/runtime/helpers/asyncToGenerator.js:17:9)\n\n  ● Storage Utils › Secure Storage (expo-secure-store) › getSecure: returns value from SecureStore\n\n    expect(received).toBe(expected) // Object.is equality\n\n    Expected: \"mySecret\"\n    Received: null\n\n    \u001b[0m \u001b[90m 42 |\u001b[39m       mockGetItemAsync\u001b[33m.\u001b[39mmockResolvedValueOnce(\u001b[32m'mySecret'\u001b[39m)\u001b[33m;\u001b[39m\n     \u001b[90m 43 |\u001b[39m       \u001b[36mconst\u001b[39m result \u001b[33m=\u001b[39m \u001b[36mawait\u001b[39m storage\u001b[33m.\u001b[39mgetSecure(\u001b[32m'token'\u001b[39m)\u001b[33m;\u001b[39m\n    \u001b[31m\u001b[1m>\u001b[22m\u001b[39m\u001b[90m 44 |\u001b[39m       expect(result)\u001b[33m.\u001b[39mtoBe(\u001b[32m'mySecret'\u001b[39m)\u001b[33m;\u001b[39m\n     \u001b[90m    |\u001b[39m                      \u001b[31m\u001b[1m^\u001b[22m\u001b[39m\n     \u001b[90m 45 |\u001b[39m       expect(mockGetItemAsync)\u001b[33m.\u001b[39mtoHaveBeenCalledWith(\u001b[32m'token'\u001b[39m)\u001b[33m;\u001b[39m\n     \u001b[90m 46 |\u001b[39m     })\u001b[33m;\u001b[39m\n     \u001b[90m 47 |\u001b[39m\u001b[0m\n\n      at Object.toBe (D:\\Telegram Desktop\\New folder (2)../../../AITVMini/shared/utils/__tests__/storage.test.ts:44:22)\n      at asyncGeneratorStep (D:\\Telegram Desktop\\New folder (2)../../../AITVMini/node_modules/.pnpm/@babel+runtime@7.29.2/node_modules/@babel/runtime/helpers/asyncToGenerator.js:3:17)\n      at _next (D:\\Telegram Desktop\\New folder (2)../../../AITVMini/node_modules/.pnpm/@babel+runtime@7.29.2/node_modules/@babel/runtime/helpers/asyncToGenerator.js:17:9)\n\n  ● Storage Utils › Secure Storage (expo-secure-store) › removeSecure: calls SecureStore.deleteItemAsync with correct key\n\n    expect(jest.fn()).toHaveBeenCalledWith(...expected)\n\n    Expected: \"token\"\n\n    Number of calls: 0\n\n    \u001b[0m \u001b[90m 54 |\u001b[39m     it(\u001b[32m'removeSecure: calls SecureStore.deleteItemAsync with correct key'\u001b[39m\u001b[33m,\u001b[39m \u001b[36masync\u001b[39m () \u001b[33m=>\u001b[39m {\n     \u001b[90m 55 |\u001b[39m       \u001b[36mawait\u001b[39m storage\u001b[33m.\u001b[39mremoveSecure(\u001b[32m'token'\u001b[39m)\u001b[33m;\u001b[39m\n    \u001b[31m\u001b[1m>\u001b[22m\u001b[39m\u001b[90m 56 |\u001b[39m       expect(mockDeleteItemAsync)\u001b[33m.\u001b[39mtoHaveBeenCalledWith(\u001b[32m'token'\u001b[39m)\u001b[33m;\u001b[39m\n     \u001b[90m    |\u001b[39m                                   \u001b[31m\u001b[1m^\u001b[22m\u001b[39m\n     \u001b[90m 57 |\u001b[39m     })\u001b[33m;\u001b[39m\n     \u001b[90m 58 |\u001b[39m   })\u001b[33m;\u001b[39m\n     \u001b[90m 59 |\u001b[39m\u001b[0m\n\n      at Object.toHaveBeenCalledWith (D:\\Telegram Desktop\\New folder (2)../../../AITVMini/shared/utils/__tests__/storage.test.ts:56:35)\n      at asyncGeneratorStep (D:\\Telegram Desktop\\New folder (2)../../../AITVMini/node_modules/.pnpm/@babel+runtime@7.29.2/node_modules/@babel/runtime/helpers/asyncToGenerator.js:3:17)\n      at _next (D:\\Telegram Desktop\\New folder (2)../../../AITVMini/node_modules/.pnpm/@babel+runtime@7.29.2/node_modules/@babel/runtime/helpers/asyncToGenerator.js:17:9)\n\n  ● Storage Utils › Async Storage (@react-native-async-storage) › setItem: JSON.stringifies the value before saving\n\n    expect(jest.fn()).toHaveBeenCalledWith(...expected)\n\n    Expected: \"courses\", \"{\\\"courses\\\":[1,2,3]}\"\n\n    Number of calls: 0\n\n    \u001b[0m \u001b[90m 63 |\u001b[39m       \u001b[36mconst\u001b[39m data \u001b[33m=\u001b[39m { courses\u001b[33m:\u001b[39m [\u001b[35m1\u001b[39m\u001b[33m,\u001b[39m \u001b[35m2\u001b[39m\u001b[33m,\u001b[39m \u001b[35m3\u001b[39m] }\u001b[33m;\u001b[39m\n     \u001b[90m 64 |\u001b[39m       \u001b[36mawait\u001b[39m storage\u001b[33m.\u001b[39msetItem(\u001b[32m'courses'\u001b[39m\u001b[33m,\u001b[39m data)\u001b[33m;\u001b[39m\n    \u001b[31m\u001b[1m>\u001b[22m\u001b[39m\u001b[90m 65 |\u001b[39m       expect(mockAsyncSetItem)\u001b[33m.\u001b[39mtoHaveBeenCalledWith(\u001b[32m'courses'\u001b[39m\u001b[33m,\u001b[39m \u001b[33mJSON\u001b[39m\u001b[33m.\u001b[39mstringify(data))\u001b[33m;\u001b[39m\n     \u001b[90m    |\u001b[39m                                \u001b[31m\u001b[1m^\u001b[22m\u001b[39m\n     \u001b[90m 66 |\u001b[39m     })\u001b[33m;\u001b[39m\n     \u001b[90m 67 |\u001b[39m\n     \u001b[90m 68 |\u001b[39m     it(\u001b[32m'getItem: JSON.parses the value on read'\u001b[39m\u001b[33m,\u001b[39m \u001b[36masync\u001b[39m () \u001b[33m=>\u001b[39m {\u001b[0m\n\n      at Object.toHaveBeenCalledWith (D:\\Telegram Desktop\\New folder (2)../../../AITVMini/shared/utils/__tests__/storage.test.ts:65:32)\n      at asyncGeneratorStep (D:\\Telegram Desktop\\New folder (2)../../../AITVMini/node_modules/.pnpm/@babel+runtime@7.29.2/node_modules/@babel/runtime/helpers/asyncToGenerator.js:3:17)\n      at _next (D:\\Telegram Desktop\\New folder (2)../../../AITVMini/node_modules/.pnpm/@babel+runtime@7.29.2/node_modules/@babel/runtime/helpers/asyncToGenerator.js:17:9)\n\n  ● Storage Utils › Async Storage (@react-native-async-storage) › getItem: JSON.parses the value on read\n\n    expect(received).toEqual(expected) // deep equality\n\n    Expected: {\"courses\": [1, 2, 3]}\n    Received: null\n\n    \u001b[0m \u001b[90m 70 |\u001b[39m       mockAsyncGetItem\u001b[33m.\u001b[39mmockResolvedValueOnce(\u001b[33mJSON\u001b[39m\u001b[33m.\u001b[39mstringify(data))\u001b[33m;\u001b[39m\n     \u001b[90m 71 |\u001b[39m       \u001b[36mconst\u001b[39m result \u001b[33m=\u001b[39m \u001b[36mawait\u001b[39m storage\u001b[33m.\u001b[39mgetItem(\u001b[32m'courses'\u001b[39m)\u001b[33m;\u001b[39m\n    \u001b[31m\u001b[1m>\u001b[22m\u001b[39m\u001b[90m 72 |\u001b[39m       expect(result)\u001b[33m.\u001b[39mtoEqual(data)\u001b[33m;\u001b[39m\n     \u001b[90m    |\u001b[39m                      \u001b[31m\u001b[1m^\u001b[22m\u001b[39m\n     \u001b[90m 73 |\u001b[39m     })\u001b[33m;\u001b[39m\n     \u001b[90m 74 |\u001b[39m\n     \u001b[90m 75 |\u001b[39m     it(\u001b[32m'getItem: returns null when nothing is stored'\u001b[39m\u001b[33m,\u001b[39m \u001b[36masync\u001b[39m () \u001b[33m=>\u001b[39m {\u001b[0m\n\n      at Object.toEqual (D:\\Telegram Desktop\\New folder (2)../../../AITVMini/shared/utils/__tests__/storage.test.ts:72:22)\n      at asyncGeneratorStep (D:\\Telegram Desktop\\New folder (2)../../../AITVMini/node_modules/.pnpm/@babel+runtime@7.29.2/node_modules/@babel/runtime/helpers/asyncToGenerator.js:3:17)\n      at _next (D:\\Telegram Desktop\\New folder (2)../../../AITVMini/node_modules/.pnpm/@babel+runtime@7.29.2/node_modules/@babel/runtime/helpers/asyncToGenerator.js:17:9)\n\n  ● Storage Utils › Async Storage (@react-native-async-storage) › removeItem: calls AsyncStorage.removeItem with correct key\n\n    expect(jest.fn()).toHaveBeenCalledWith(...expected)\n\n    Expected: \"courses\"\n\n    Number of calls: 0\n\n    \u001b[0m \u001b[90m 87 |\u001b[39m     it(\u001b[32m'removeItem: calls AsyncStorage.removeItem with correct key'\u001b[39m\u001b[33m,\u001b[39m \u001b[36masync\u001b[39m () \u001b[33m=>\u001b[39m {\n     \u001b[90m 88 |\u001b[39m       \u001b[36mawait\u001b[39m storage\u001b[33m.\u001b[39mremoveItem(\u001b[32m'courses'\u001b[39m)\u001b[33m;\u001b[39m\n    \u001b[31m\u001b[1m>\u001b[22m\u001b[39m\u001b[90m 89 |\u001b[39m       expect(mockAsyncRemoveItem)\u001b[33m.\u001b[39mtoHaveBeenCalledWith(\u001b[32m'courses'\u001b[39m)\u001b[33m;\u001b[39m\n     \u001b[90m    |\u001b[39m                                   \u001b[31m\u001b[1m^\u001b[22m\u001b[39m\n     \u001b[90m 90 |\u001b[39m     })\u001b[33m;\u001b[39m\n     \u001b[90m 91 |\u001b[39m   })\u001b[33m;\u001b[39m\n     \u001b[90m 92 |\u001b[39m })\u001b[33m;\u001b[39m\u001b[0m\n\n      at Object.toHaveBeenCalledWith (D:\\Telegram Desktop\\New folder (2)../../../AITVMini/shared/utils/__tests__/storage.test.ts:89:35)\n      at asyncGeneratorStep (D:\\Telegram Desktop\\New folder (2)../../../AITVMini/node_modules/.pnpm/@babel+runtime@7.29.2/node_modules/@babel/runtime/helpers/asyncToGenerator.js:3:17)\n      at _next (D:\\Telegram Desktop\\New folder (2)../../../AITVMini/node_modules/.pnpm/@babel+runtime@7.29.2/node_modules/@babel/runtime/helpers/asyncToGenerator.js:17:9)\n","name":"D:\\Telegram Desktop\\New folder (2)\\AITVMini\\shared\\utils\\__tests__\\storage.test.ts","startTime":1777145487841,"status":"failed","summary":""},{"assertionResults":[{"ancestorTitles":["Auth API"],"duration":2,"failing":false,"failureDetails":[{}],"failureMessages":["TypeError: Cannot read properties of undefined (reading 'accessToken')\n    at Object.accessToken (D:\\Telegram Desktop\\New folder (2)\\AITVMini\\features\\auth\\api\\authApi.test.ts:25:21)\n    at Generator.next (<anonymous>)\n    at asyncGeneratorStep (D:\\Telegram Desktop\\New folder (2)\\AITVMini\\node_modules\\.pnpm\\@babel+runtime@7.29.2\\node_modules\\@babel\\runtime\\helpers\\asyncToGenerator.js:3:17)\n    at _next (D:\\Telegram Desktop\\New folder (2)\\AITVMini\\node_modules\\.pnpm\\@babel+runtime@7.29.2\\node_modules\\@babel\\runtime\\helpers\\asyncToGenerator.js:17:9)"],"fullName":"Auth API should call login endpoint","invocations":1,"location":null,"numPassingAsserts":1,"retryReasons":[],"startAt":1777145488299,"status":"failed","title":"should call login endpoint"},{"ancestorTitles":["Auth API"],"duration":1,"failing":false,"failureDetails":[],"failureMessages":[],"fullName":"Auth API should call register endpoint","invocations":1,"location":null,"numPassingAsserts":1,"retryReasons":[],"startAt":1777145488306,"status":"passed","title":"should call register endpoint"},{"ancestorTitles":["Auth API"],"duration":1,"failing":false,"failureDetails":[],"failureMessages":[],"fullName":"Auth API should get current user","invocations":1,"location":null,"numPassingAsserts":1,"retryReasons":[],"startAt":1777145488307,"status":"passed","title":"should get current user"},{"ancestorTitles":["Auth API"],"duration":0,"failing":false,"failureDetails":[],"failureMessages":[],"fullName":"Auth API should refresh token","invocations":1,"location":null,"numPassingAsserts":1,"retryReasons":[],"startAt":1777145488308,"status":"passed","title":"should refresh token"}],"endTime":1777145488312,"message":"  ● Auth API › should call login endpoint\n\n    TypeError: Cannot read properties of undefined (reading 'accessToken')\n\n    \u001b[0m \u001b[90m 23 |\u001b[39m       password\u001b[33m:\u001b[39m \u001b[32m'password'\u001b[39m\n     \u001b[90m 24 |\u001b[39m     })\u001b[33m;\u001b[39m\n    \u001b[31m\u001b[1m>\u001b[22m\u001b[39m\u001b[90m 25 |\u001b[39m     expect(res\u001b[33m.\u001b[39mdata\u001b[33m.\u001b[39maccessToken)\u001b[33m.\u001b[39mtoBe(\u001b[32m'token'\u001b[39m)\u001b[33m;\u001b[39m\n     \u001b[90m    |\u001b[39m                     \u001b[31m\u001b[1m^\u001b[22m\u001b[39m\n     \u001b[90m 26 |\u001b[39m   })\u001b[33m;\u001b[39m\n     \u001b[90m 27 |\u001b[39m\n     \u001b[90m 28 |\u001b[39m   it(\u001b[32m'should call register endpoint'\u001b[39m\u001b[33m,\u001b[39m \u001b[36masync\u001b[39m () \u001b[33m=>\u001b[39m {\u001b[0m\n\n      at Object.accessToken (D:\\Telegram Desktop\\New folder (2)../../../AITVMini/features/auth/api/authApi.test.ts:25:21)\n      at asyncGeneratorStep (D:\\Telegram Desktop\\New folder (2)../../../AITVMini/node_modules/.pnpm/@babel+runtime@7.29.2/node_modules/@babel/runtime/helpers/asyncToGenerator.js:3:17)\n      at _next (D:\\Telegram Desktop\\New folder (2)../../../AITVMini/node_modules/.pnpm/@babel+runtime@7.29.2/node_modules/@babel/runtime/helpers/asyncToGenerator.js:17:9)\n","name":"D:\\Telegram Desktop\\New folder (2)\\AITVMini\\features\\auth\\api\\authApi.test.ts","startTime":1777145488158,"status":"failed","summary":""},{"assertionResults":[],"coverage":{},"endTime":1777145499026,"message":"  ● Test suite failed to run\n\n    Incorrect version of \"react-test-renderer\" detected. Expected \"19.1.0\", but found \"19.2.5\".\n\n    Fix it by running:\n    npm install -D react-test-renderer@19.1.0\n\n    \u001b[0m \u001b[90m 2 |\u001b[39m \u001b[36mimport\u001b[39m { useAuthStore } \u001b[36mfrom\u001b[39m \u001b[32m'@/features/auth/store/authStore'\u001b[39m\u001b[33m;\u001b[39m\n     \u001b[90m 3 |\u001b[39m \u001b[36mimport\u001b[39m { useCourseStore } \u001b[36mfrom\u001b[39m \u001b[32m'@/features/courses/store/courseStore'\u001b[39m\u001b[33m;\u001b[39m\n    \u001b[31m\u001b[1m>\u001b[22m\u001b[39m\u001b[90m 4 |\u001b[39m \u001b[36mimport\u001b[39m { fireEvent\u001b[33m,\u001b[39m render } \u001b[36mfrom\u001b[39m \u001b[32m'@testing-library/react-native'\u001b[39m\u001b[33m;\u001b[39m\n     \u001b[90m   |\u001b[39m \u001b[31m\u001b[1m^\u001b[22m\u001b[39m\n     \u001b[90m 5 |\u001b[39m \u001b[36mimport\u001b[39m { useRouter } \u001b[36mfrom\u001b[39m \u001b[32m'expo-router'\u001b[39m\u001b[33m;\u001b[39m\n     \u001b[90m 6 |\u001b[39m \u001b[36mimport\u001b[39m \u001b[33mReact\u001b[39m \u001b[36mfrom\u001b[39m \u001b[32m'react'\u001b[39m\u001b[33m;\u001b[39m\n     \u001b[90m 7 |\u001b[39m\u001b[0m\n\n      at Object.ensurePeerDeps (D:\\Telegram Desktop\\New folder (2)../../../AITVMini/node_modules/.pnpm/@testing-library+react-nati_e8da934ef8e14122f5e2eb7f6422cdbc/node_modules/@testing-library/react-native/src/helpers/ensure-peer-deps.ts:36:3)\n      at Object.require (D:\\Telegram Desktop\\New folder (2)../../../AITVMini/node_modules/.pnpm/@testing-library+react-nati_e8da934ef8e14122f5e2eb7f6422cdbc/node_modules/@testing-library/react-native/src/index.ts:1:1)\n      at Object.require (D:\\Telegram Desktop\\New folder (2)../../../AITVMini/features/courses/store/content.test.tsx:4:1)\n","name":"D:\\Telegram Desktop\\New folder (2)\\AITVMini\\features\\courses\\store\\content.test.tsx","startTime":1777145499026,"status":"failed","summary":""},{"assertionResults":[],"coverage":{},"endTime":1777145499026,"message":"  ● Test suite failed to run\n\n    TypeError: The \"path\" argument must be of type string. Received null\n\n    \u001b[0m \u001b[90m 2 |\u001b[39m \u001b[36mimport\u001b[39m { useCourseStore } \u001b[36mfrom\u001b[39m \u001b[32m'../../courses/store/courseStore'\u001b[39m\u001b[33m;\u001b[39m\n     \u001b[90m 3 |\u001b[39m \u001b[36mimport\u001b[39m \u001b[33mGroq\u001b[39m \u001b[36mfrom\u001b[39m \u001b[32m'groq-sdk'\u001b[39m\u001b[33m;\u001b[39m\n    \u001b[31m\u001b[1m>\u001b[22m\u001b[39m\u001b[90m 4 |\u001b[39m \u001b[36mimport\u001b[39m { fetch \u001b[36mas\u001b[39m expoFetch } \u001b[36mfrom\u001b[39m \u001b[32m'expo/fetch'\u001b[39m\u001b[33m;\u001b[39m\n     \u001b[90m   |\u001b[39m \u001b[31m\u001b[1m^\u001b[22m\u001b[39m\n     \u001b[90m 5 |\u001b[39m \u001b[36mimport\u001b[39m { processUserMessage \u001b[36mas\u001b[39m processMockMessage } \u001b[36mfrom\u001b[39m \u001b[32m'./mockAgent'\u001b[39m\u001b[33m;\u001b[39m\n     \u001b[90m 6 |\u001b[39m\n     \u001b[90m 7 |\u001b[39m \u001b[90m// Initialize Groq SDK with expo/fetch for streaming support\u001b[39m\u001b[0m\n\n      at attemptLookup (D:\\Telegram Desktop\\New folder (2)../../../AITVMini/node_modules/.pnpm/jest-expo@55.0.16_@babel+co_0e67b749738ff1ebc43c3f401f539793/node_modules/jest-expo/src/preset/setup.js:223:31)\n      at Object.<anonymous> (D:\\Telegram Desktop\\New folder (2)../../../AITVMini/node_modules/.pnpm/expo@54.0.33_@babel+core@7._9ae66bbe0b653e8108a36bb6cf182ec5/node_modules/expo/src/winter/fetch/ExpoFetchModule.ts:3:51)\n      at Object.require (D:\\Telegram Desktop\\New folder (2)../../../AITVMini/node_modules/.pnpm/expo@54.0.33_@babel+core@7._9ae66bbe0b653e8108a36bb6cf182ec5/node_modules/expo/src/winter/fetch/fetch.ts:1:1)\n      at Object.require (D:\\Telegram Desktop\\New folder (2)../../../AITVMini/node_modules/.pnpm/expo@54.0.33_@babel+core@7._9ae66bbe0b653e8108a36bb6cf182ec5/node_modules/expo/src/winter/fetch/index.ts:1:1)\n      at Object.require (D:\\Telegram Desktop\\New folder (2)../../../AITVMini/node_modules/.pnpm/expo@54.0.33_@babel+core@7._9ae66bbe0b653e8108a36bb6cf182ec5/node_modules/expo/fetch.js:1:18)\n      at Object.require (D:\\Telegram Desktop\\New folder (2)../../../AITVMini/features/ai/services/groqAgent.ts:4:1)\n      at Object.require (D:\\Telegram Desktop\\New folder (2)../../../AITVMini/features/ai/services/groqAgent.test.ts:1:1)\n","name":"D:\\Telegram Desktop\\New folder (2)\\AITVMini\\features\\ai\\services\\groqAgent.test.ts","startTime":1777145499026,"status":"failed","summary":""},{"assertionResults":[],"coverage":{},"endTime":1777145499026,"message":"  ● Test suite failed to run\n\n    Incorrect version of \"react-test-renderer\" detected. Expected \"19.1.0\", but found \"19.2.5\".\n\n    Fix it by running:\n    npm install -D react-test-renderer@19.1.0\n\n    \u001b[0m\u001b[31m\u001b[1m>\u001b[22m\u001b[39m\u001b[90m 1 |\u001b[39m \u001b[36mimport\u001b[39m { renderHook\u001b[33m,\u001b[39m waitFor } \u001b[36mfrom\u001b[39m \u001b[32m'@testing-library/react-native'\u001b[39m\u001b[33m;\u001b[39m\n     \u001b[90m   |\u001b[39m \u001b[31m\u001b[1m^\u001b[22m\u001b[39m\n     \u001b[90m 2 |\u001b[39m \u001b[36mimport\u001b[39m { useNetworkStatus } \u001b[36mfrom\u001b[39m \u001b[32m'./network'\u001b[39m\u001b[33m;\u001b[39m\n     \u001b[90m 3 |\u001b[39m \u001b[36mimport\u001b[39m \u001b[33mNetInfo\u001b[39m \u001b[36mfrom\u001b[39m \u001b[32m'@react-native-community/netinfo'\u001b[39m\u001b[33m;\u001b[39m\n     \u001b[90m 4 |\u001b[39m\u001b[0m\n\n      at Object.ensurePeerDeps (D:\\Telegram Desktop\\New folder (2)../../../AITVMini/node_modules/.pnpm/@testing-library+react-nati_e8da934ef8e14122f5e2eb7f6422cdbc/node_modules/@testing-library/react-native/src/helpers/ensure-peer-deps.ts:36:3)\n      at Object.require (D:\\Telegram Desktop\\New folder (2)../../../AITVMini/node_modules/.pnpm/@testing-library+react-nati_e8da934ef8e14122f5e2eb7f6422cdbc/node_modules/@testing-library/react-native/src/index.ts:1:1)\n      at Object.require (D:\\Telegram Desktop\\New folder (2)../../../AITVMini/shared/utils/network.test.ts:1:1)\n","name":"D:\\Telegram Desktop\\New folder (2)\\AITVMini\\shared\\utils\\network.test.ts","startTime":1777145499026,"status":"failed","summary":""},{"assertionResults":[{"ancestorTitles":["Course HTML Generator"],"duration":1,"failing":false,"failureDetails":[],"failureMessages":[],"fullName":"Course HTML Generator should generate HTML with course info","invocations":1,"location":null,"numPassingAsserts":4,"retryReasons":[],"startAt":1777145495281,"status":"passed","title":"should generate HTML with course info"},{"ancestorTitles":["Course HTML Generator"],"duration":0,"failing":false,"failureDetails":[],"failureMessages":[],"fullName":"Course HTML Generator should respect dark mode flag","invocations":1,"location":null,"numPassingAsserts":2,"retryReasons":[],"startAt":1777145495283,"status":"passed","title":"should respect dark mode flag"}],"endTime":1777145495283,"message":"","name":"D:\\Telegram Desktop\\New folder (2)\\AITVMini\\features\\courses\\utils\\courseHtml.test.ts","startTime":1777145495135,"status":"passed","summary":""},{"assertionResults":[{"ancestorTitles":["Course Store"],"duration":15,"failing":false,"failureDetails":[],"failureMessages":[],"fullName":"Course Store should toggle bookmarks correctly","invocations":1,"location":null,"numPassingAsserts":3,"retryReasons":[],"startAt":1777145495499,"status":"passed","title":"should toggle bookmarks correctly"},{"ancestorTitles":["Course Store"],"duration":1,"failing":false,"failureDetails":[],"failureMessages":[],"fullName":"Course Store should enroll in a course and add timeline event","invocations":1,"location":null,"numPassingAsserts":4,"retryReasons":[],"startAt":1777145495514,"status":"passed","title":"should enroll in a course and add timeline event"},{"ancestorTitles":["Course Store"],"duration":1,"failing":false,"failureDetails":[],"failureMessages":[],"fullName":"Course Store should unenroll from a course","invocations":1,"location":null,"numPassingAsserts":1,"retryReasons":[],"startAt":1777145495515,"status":"passed","title":"should unenroll from a course"},{"ancestorTitles":["Course Store"],"duration":2,"failing":false,"failureDetails":[],"failureMessages":[],"fullName":"Course Store should complete a course and update streak","invocations":1,"location":null,"numPassingAsserts":2,"retryReasons":[],"startAt":1777145495516,"status":"passed","title":"should complete a course and update streak"},{"ancestorTitles":["Course Store"],"duration":0,"failing":false,"failureDetails":[],"failureMessages":[],"fullName":"Course Store should add notes","invocations":1,"location":null,"numPassingAsserts":1,"retryReasons":[],"startAt":1777145495518,"status":"passed","title":"should add notes"},{"ancestorTitles":["Course Store"],"duration":2,"failing":false,"failureDetails":[],"failureMessages":[],"fullName":"Course Store should update quiz scores","invocations":1,"location":null,"numPassingAsserts":3,"retryReasons":[],"startAt":1777145495518,"status":"passed","title":"should update quiz scores"}],"endTime":1777145495521,"message":"","name":"D:\\Telegram Desktop\\New folder (2)\\AITVMini\\features\\courses\\store\\courseStore.test.ts","startTime":1777145495307,"status":"passed","summary":""},{"assertionResults":[{"ancestorTitles":["API Client Interceptors"],"duration":14,"failing":false,"failureDetails":[],"failureMessages":[],"fullName":"API Client Interceptors should reject request when offline","invocations":1,"location":null,"numPassingAsserts":1,"retryReasons":[],"startAt":1777145495676,"status":"passed","title":"should reject request when offline"},{"ancestorTitles":["API Client Interceptors"],"duration":0,"failing":false,"failureDetails":[],"failureMessages":[],"fullName":"API Client Interceptors should attach token when online and token exists","invocations":1,"location":null,"numPassingAsserts":1,"retryReasons":[],"startAt":1777145495691,"status":"passed","title":"should attach token when online and token exists"},{"ancestorTitles":["API Client Interceptors"],"duration":0,"failing":false,"failureDetails":[],"failureMessages":[],"fullName":"API Client Interceptors should not attach token if it does not exist","invocations":1,"location":null,"numPassingAsserts":1,"retryReasons":[],"startAt":1777145495691,"status":"passed","title":"should not attach token if it does not exist"}],"endTime":1777145495692,"message":"","name":"D:\\Telegram Desktop\\New folder (2)\\AITVMini\\core\\api\\client.test.ts","startTime":1777145495538,"status":"passed","summary":""},{"assertionResults":[{"ancestorTitles":["Courses API"],"duration":1,"failing":false,"failureDetails":[],"failureMessages":[],"fullName":"Courses API should fetch instructors","invocations":1,"location":null,"numPassingAsserts":2,"retryReasons":[],"startAt":1777145495826,"status":"passed","title":"should fetch instructors"},{"ancestorTitles":["Courses API"],"duration":1,"failing":false,"failureDetails":[],"failureMessages":[],"fullName":"Courses API should fetch products","invocations":1,"location":null,"numPassingAsserts":2,"retryReasons":[],"startAt":1777145495828,"status":"passed","title":"should fetch products"},{"ancestorTitles":["Courses API"],"duration":0,"failing":false,"failureDetails":[],"failureMessages":[],"fullName":"Courses API should merge courses correctly","invocations":1,"location":null,"numPassingAsserts":5,"retryReasons":[],"startAt":1777145495829,"status":"passed","title":"should merge courses correctly"}],"endTime":1777145495830,"message":"","name":"D:\\Telegram Desktop\\New folder (2)\\AITVMini\\features\\courses\\api\\coursesApi.test.ts","startTime":1777145495700,"status":"passed","summary":""},{"assertionResults":[{"ancestorTitles":["Auth Store"],"duration":5,"failing":false,"failureDetails":[],"failureMessages":[],"fullName":"Auth Store should handle login flow correctly","invocations":1,"location":null,"numPassingAsserts":4,"retryReasons":[],"startAt":1777145495986,"status":"passed","title":"should handle login flow correctly"},{"ancestorTitles":["Auth Store"],"duration":1,"failing":false,"failureDetails":[],"failureMessages":[],"fullName":"Auth Store should handle logout flow correctly","invocations":1,"location":null,"numPassingAsserts":5,"retryReasons":[],"startAt":1777145495991,"status":"passed","title":"should handle logout flow correctly"},{"ancestorTitles":["Auth Store"],"duration":0,"failing":false,"failureDetails":[],"failureMessages":[],"fullName":"Auth Store should update profile correctly","invocations":1,"location":null,"numPassingAsserts":1,"retryReasons":[],"startAt":1777145495992,"status":"passed","title":"should update profile correctly"},{"ancestorTitles":["Auth Store"],"duration":1,"failing":false,"failureDetails":[],"failureMessages":[],"fullName":"Auth Store should set local avatar","invocations":1,"location":null,"numPassingAsserts":1,"retryReasons":[],"startAt":1777145495992,"status":"passed","title":"should set local avatar"}],"endTime":1777145495993,"message":"","name":"D:\\Telegram Desktop\\New folder (2)\\AITVMini\\features\\auth\\store\\authStore.test.ts","startTime":1777145495843,"status":"passed","summary":""},{"assertionResults":[{"ancestorTitles":["Security Utility","Biometric Authentication"],"duration":1,"failing":false,"failureDetails":[],"failureMessages":[],"fullName":"Security Utility Biometric Authentication should return true if hardware not present (fallback)","invocations":1,"location":null,"numPassingAsserts":1,"retryReasons":[],"startAt":1777145496126,"status":"passed","title":"should return true if hardware not present (fallback)"},{"ancestorTitles":["Security Utility","Biometric Authentication"],"duration":0,"failing":false,"failureDetails":[],"failureMessages":[],"fullName":"Security Utility Biometric Authentication should return true if successful","invocations":1,"location":null,"numPassingAsserts":1,"retryReasons":[],"startAt":1777145496127,"status":"passed","title":"should return true if successful"},{"ancestorTitles":["Security Utility","Biometric Authentication"],"duration":0,"failing":false,"failureDetails":[],"failureMessages":[],"fullName":"Security Utility Biometric Authentication should return false if unsuccessful","invocations":1,"location":null,"numPassingAsserts":1,"retryReasons":[],"startAt":1777145496127,"status":"passed","title":"should return false if unsuccessful"},{"ancestorTitles":["Security Utility","Secure Store Helpers"],"duration":1,"failing":false,"failureDetails":[],"failureMessages":[],"fullName":"Security Utility Secure Store Helpers should save securely","invocations":1,"location":null,"numPassingAsserts":1,"retryReasons":[],"startAt":1777145496127,"status":"passed","title":"should save securely"},{"ancestorTitles":["Security Utility","Secure Store Helpers"],"duration":0,"failing":false,"failureDetails":[],"failureMessages":[],"fullName":"Security Utility Secure Store Helpers should get securely","invocations":1,"location":null,"numPassingAsserts":1,"retryReasons":[],"startAt":1777145496128,"status":"passed","title":"should get securely"}],"endTime":1777145496129,"message":"","name":"D:\\Telegram Desktop\\New folder (2)\\AITVMini\\shared\\utils\\security.test.ts","startTime":1777145495999,"status":"passed","summary":""},{"assertionResults":[{"ancestorTitles":["Analytics Service"],"duration":2,"failing":false,"failureDetails":[],"failureMessages":[],"fullName":"Analytics Service should log events to sentry and storage","invocations":1,"location":null,"numPassingAsserts":2,"retryReasons":[],"startAt":1777145496249,"status":"passed","title":"should log events to sentry and storage"}],"endTime":1777145496252,"message":"","name":"D:\\Telegram Desktop\\New folder (2)\\AITVMini\\core\\services\\analyticsService.test.ts","startTime":1777145496132,"status":"passed","summary":""},{"assertionResults":[{"ancestorTitles":["Storage Utility","Secure Storage"],"duration":2,"failing":false,"failureDetails":[],"failureMessages":[],"fullName":"Storage Utility Secure Storage should set secure item","invocations":1,"location":null,"numPassingAsserts":1,"retryReasons":[],"startAt":1777145496398,"status":"passed","title":"should set secure item"},{"ancestorTitles":["Storage Utility","Secure Storage"],"duration":0,"failing":false,"failureDetails":[],"failureMessages":[],"fullName":"Storage Utility Secure Storage should get secure item","invocations":1,"location":null,"numPassingAsserts":1,"retryReasons":[],"startAt":1777145496400,"status":"passed","title":"should get secure item"},{"ancestorTitles":["Storage Utility","Secure Storage"],"duration":0,"failing":false,"failureDetails":[],"failureMessages":[],"fullName":"Storage Utility Secure Storage should remove secure item","invocations":1,"location":null,"numPassingAsserts":1,"retryReasons":[],"startAt":1777145496401,"status":"passed","title":"should remove secure item"},{"ancestorTitles":["Storage Utility","Async Storage"],"duration":0,"failing":false,"failureDetails":[],"failureMessages":[],"fullName":"Storage Utility Async Storage should set item","invocations":1,"location":null,"numPassingAsserts":1,"retryReasons":[],"startAt":1777145496401,"status":"passed","title":"should set item"},{"ancestorTitles":["Storage Utility","Async Storage"],"duration":0,"failing":false,"failureDetails":[],"failureMessages":[],"fullName":"Storage Utility Async Storage should get item","invocations":1,"location":null,"numPassingAsserts":1,"retryReasons":[],"startAt":1777145496401,"status":"passed","title":"should get item"},{"ancestorTitles":["Storage Utility","Async Storage"],"duration":0,"failing":false,"failureDetails":[],"failureMessages":[],"fullName":"Storage Utility Async Storage should return null if item not found","invocations":1,"location":null,"numPassingAsserts":1,"retryReasons":[],"startAt":1777145496402,"status":"passed","title":"should return null if item not found"},{"ancestorTitles":["Storage Utility","Async Storage"],"duration":0,"failing":false,"failureDetails":[],"failureMessages":[],"fullName":"Storage Utility Async Storage should remove item","invocations":1,"location":null,"numPassingAsserts":1,"retryReasons":[],"startAt":1777145496402,"status":"passed","title":"should remove item"}],"endTime":1777145496403,"message":"","name":"D:\\Telegram Desktop\\New folder (2)\\AITVMini\\shared\\utils\\storage.test.ts","startTime":1777145496273,"status":"passed","summary":""}],"wasInterrupted":false,"coverageMap":{"D:\\Telegram Desktop\\New folder (2)\\AITVMini\\features\\courses\\utils\\ai.ts":{"path":"D:\\Telegram Desktop\\New folder (2)\\AITVMini\\features\\courses\\utils\\ai.ts","statementMap":{"0":{"start":{"line":5,"column":21},"end":{"line":5,"column":57}},"1":{"start":{"line":7,"column":13},"end":{"line":10,"column":2}},"2":{"start":{"line":12,"column":25},"end":{"line":54,"column":1}},"3":{"start":{"line":14,"column":26},"end":{"line":14,"column":88}},"4":{"start":{"line":16,"column":4},"end":{"line":25,"column":5}},"5":{"start":{"line":18,"column":6},"end":{"line":18,"column":76}},"6":{"start":{"line":19,"column":6},"end":{"line":24,"column":21}},"7":{"start":{"line":20,"column":21},"end":{"line":23,"column":9}},"8":{"start":{"line":21,"column":10},"end":{"line":22,"column":64}},"9":{"start":{"line":27,"column":4},"end":{"line":52,"column":5}},"10":{"start":{"line":28,"column":23},"end":{"line":41,"column":8}},"11":{"start":{"line":38,"column":116},"end":{"line":38,"column":166}},"12":{"start":{"line":43,"column":22},"end":{"line":43,"column":57}},"13":{"start":{"line":44,"column":6},"end":{"line":44,"column":30}},"14":{"start":{"line":44,"column":20},"end":{"line":44,"column":30}},"15":{"start":{"line":46,"column":21},"end":{"line":46,"column":40}},"16":{"start":{"line":47,"column":29},"end":{"line":47,"column":56}},"17":{"start":{"line":48,"column":6},"end":{"line":48,"column":67}},"18":{"start":{"line":48,"column":36},"end":{"line":48,"column":65}},"19":{"start":{"line":50,"column":6},"end":{"line":50,"column":55}},"20":{"start":{"line":51,"column":6},"end":{"line":51,"column":36}}},"fnMap":{"0":{"name":"(anonymous_0)","decl":{"start":{"line":13,"column":25},"end":{"line":13,"column":26}},"loc":{"start":{"line":13,"column":101},"end":{"line":53,"column":3}},"line":13},"1":{"name":"(anonymous_1)","decl":{"start":{"line":20,"column":16},"end":{"line":20,"column":17}},"loc":{"start":{"line":20,"column":21},"end":{"line":23,"column":9}},"line":20},"2":{"name":"(anonymous_2)","decl":{"start":{"line":20,"column":40},"end":{"line":20,"column":41}},"loc":{"start":{"line":21,"column":10},"end":{"line":22,"column":64}},"line":21},"3":{"name":"(anonymous_3)","decl":{"start":{"line":38,"column":110},"end":{"line":38,"column":111}},"loc":{"start":{"line":38,"column":116},"end":{"line":38,"column":166}},"line":38},"4":{"name":"(anonymous_4)","decl":{"start":{"line":48,"column":31},"end":{"line":48,"column":32}},"loc":{"start":{"line":48,"column":36},"end":{"line":48,"column":65}},"line":48}},"branchMap":{"0":{"loc":{"start":{"line":8,"column":10},"end":{"line":8,"column":54}},"type":"binary-expr","locations":[{"start":{"line":8,"column":10},"end":{"line":8,"column":22}},{"start":{"line":8,"column":26},"end":{"line":8,"column":54}}],"line":8},"1":{"loc":{"start":{"line":14,"column":26},"end":{"line":14,"column":88}},"type":"binary-expr","locations":[{"start":{"line":14,"column":26},"end":{"line":14,"column":39}},{"start":{"line":14,"column":43},"end":{"line":14,"column":88}}],"line":14},"2":{"loc":{"start":{"line":16,"column":4},"end":{"line":25,"column":5}},"type":"if","locations":[{"start":{"line":16,"column":4},"end":{"line":25,"column":5}},{"start":{},"end":{}}],"line":16},"3":{"loc":{"start":{"line":21,"column":10},"end":{"line":22,"column":64}},"type":"binary-expr","locations":[{"start":{"line":21,"column":10},"end":{"line":21,"column":67}},{"start":{"line":22,"column":10},"end":{"line":22,"column":64}}],"line":21},"4":{"loc":{"start":{"line":44,"column":6},"end":{"line":44,"column":30}},"type":"if","locations":[{"start":{"line":44,"column":6},"end":{"line":44,"column":30}},{"start":{},"end":{}}],"line":44},"5":{"loc":{"start":{"line":47,"column":29},"end":{"line":47,"column":56}},"type":"binary-expr","locations":[{"start":{"line":47,"column":29},"end":{"line":47,"column":50}},{"start":{"line":47,"column":54},"end":{"line":47,"column":56}}],"line":47}},"s":{"0":2,"1":2,"2":2,"3":3,"4":3,"5":3,"6":3,"7":6,"8":6,"9":0,"10":0,"11":0,"12":0,"13":0,"14":0,"15":0,"16":0,"17":0,"18":0,"19":0,"20":0},"f":{"0":3,"1":6,"2":6,"3":0,"4":0},"b":{"0":[2,2],"1":[3,0],"2":[3,0],"3":[6,3],"4":[0,0],"5":[0,0]},"_coverageSchema":"1a1c01bbd47fc00a2c39e90264f33305004495a9","hash":"27c42b7d43dbd2b146d2552a5864aa513a400dd2"},"D:\\Telegram Desktop\\New folder (2)\\AITVMini\\shared\\utils\\storage.ts":{"path":"D:\\Telegram Desktop\\New folder (2)\\AITVMini\\shared\\utils\\storage.ts","statementMap":{"0":{"start":{"line":4,"column":23},"end":{"line":54,"column":1}},"1":{"start":{"line":7,"column":4},"end":{"line":11,"column":5}},"2":{"start":{"line":8,"column":6},"end":{"line":8,"column":49}},"3":{"start":{"line":10,"column":6},"end":{"line":10,"column":56}},"4":{"start":{"line":14,"column":4},"end":{"line":19,"column":5}},"5":{"start":{"line":15,"column":6},"end":{"line":15,"column":49}},"6":{"start":{"line":17,"column":6},"end":{"line":17,"column":56}},"7":{"start":{"line":18,"column":6},"end":{"line":18,"column":18}},"8":{"start":{"line":22,"column":4},"end":{"line":26,"column":5}},"9":{"start":{"line":23,"column":6},"end":{"line":23,"column":45}},"10":{"start":{"line":25,"column":6},"end":{"line":25,"column":57}},"11":{"start":{"line":31,"column":4},"end":{"line":36,"column":5}},"12":{"start":{"line":32,"column":24},"end":{"line":32,"column":45}},"13":{"start":{"line":33,"column":6},"end":{"line":33,"column":49}},"14":{"start":{"line":35,"column":6},"end":{"line":35,"column":45}},"15":{"start":{"line":39,"column":4},"end":{"line":45,"column":5}},"16":{"start":{"line":40,"column":24},"end":{"line":40,"column":55}},"17":{"start":{"line":41,"column":6},"end":{"line":41,"column":62}},"18":{"start":{"line":43,"column":6},"end":{"line":43,"column":46}},"19":{"start":{"line":44,"column":6},"end":{"line":44,"column":18}},"20":{"start":{"line":48,"column":4},"end":{"line":52,"column":5}},"21":{"start":{"line":49,"column":6},"end":{"line":49,"column":41}},"22":{"start":{"line":51,"column":6},"end":{"line":51,"column":47}}},"fnMap":{"0":{"name":"(anonymous_0)","decl":{"start":{"line":6,"column":2},"end":{"line":6,"column":3}},"loc":{"start":{"line":6,"column":46},"end":{"line":12,"column":3}},"line":6},"1":{"name":"(anonymous_1)","decl":{"start":{"line":13,"column":2},"end":{"line":13,"column":3}},"loc":{"start":{"line":13,"column":31},"end":{"line":20,"column":3}},"line":13},"2":{"name":"(anonymous_2)","decl":{"start":{"line":21,"column":2},"end":{"line":21,"column":3}},"loc":{"start":{"line":21,"column":34},"end":{"line":27,"column":3}},"line":21},"3":{"name":"(anonymous_3)","decl":{"start":{"line":30,"column":2},"end":{"line":30,"column":3}},"loc":{"start":{"line":30,"column":41},"end":{"line":37,"column":3}},"line":30},"4":{"name":"(anonymous_4)","decl":{"start":{"line":38,"column":2},"end":{"line":38,"column":3}},"loc":{"start":{"line":38,"column":29},"end":{"line":46,"column":3}},"line":38},"5":{"name":"(anonymous_5)","decl":{"start":{"line":47,"column":2},"end":{"line":47,"column":3}},"loc":{"start":{"line":47,"column":32},"end":{"line":53,"column":3}},"line":47}},"branchMap":{"0":{"loc":{"start":{"line":41,"column":13},"end":{"line":41,"column":61}},"type":"cond-expr","locations":[{"start":{"line":41,"column":33},"end":{"line":41,"column":54}},{"start":{"line":41,"column":57},"end":{"line":41,"column":61}}],"line":41}},"s":{"0":2,"1":2,"2":2,"3":1,"4":3,"5":3,"6":2,"7":2,"8":2,"9":2,"10":1,"11":2,"12":2,"13":2,"14":1,"15":5,"16":5,"17":2,"18":3,"19":3,"20":2,"21":2,"22":1},"f":{"0":2,"1":3,"2":2,"3":2,"4":5,"5":2},"b":{"0":[1,1]},"_coverageSchema":"1a1c01bbd47fc00a2c39e90264f33305004495a9","hash":"94a8140ce3cb4c3a9a0198807c542e22d5931872"},"D:\\Telegram Desktop\\New folder (2)\\AITVMini\\features\\auth\\api\\authApi.ts":{"path":"D:\\Telegram Desktop\\New folder (2)\\AITVMini\\features\\auth\\api\\authApi.ts","statementMap":{"0":{"start":{"line":41,"column":23},"end":{"line":74,"column":1}},"1":{"start":{"line":43,"column":21},"end":{"line":46,"column":5}},"2":{"start":{"line":47,"column":4},"end":{"line":47,"column":25}},"3":{"start":{"line":51,"column":21},"end":{"line":54,"column":5}},"4":{"start":{"line":55,"column":4},"end":{"line":55,"column":25}},"5":{"start":{"line":59,"column":21},"end":{"line":64,"column":5}},"6":{"start":{"line":65,"column":4},"end":{"line":65,"column":25}},"7":{"start":{"line":69,"column":21},"end":{"line":71,"column":5}},"8":{"start":{"line":72,"column":4},"end":{"line":72,"column":25}}},"fnMap":{"0":{"name":"(anonymous_0)","decl":{"start":{"line":42,"column":9},"end":{"line":42,"column":10}},"loc":{"start":{"line":42,"column":39},"end":{"line":48,"column":3}},"line":42},"1":{"name":"(anonymous_1)","decl":{"start":{"line":50,"column":12},"end":{"line":50,"column":13}},"loc":{"start":{"line":50,"column":45},"end":{"line":56,"column":3}},"line":50},"2":{"name":"(anonymous_2)","decl":{"start":{"line":58,"column":16},"end":{"line":58,"column":17}},"loc":{"start":{"line":58,"column":48},"end":{"line":66,"column":3}},"line":58},"3":{"name":"(anonymous_3)","decl":{"start":{"line":68,"column":18},"end":{"line":68,"column":19}},"loc":{"start":{"line":68,"column":30},"end":{"line":73,"column":3}},"line":68}},"branchMap":{},"s":{"0":3,"1":1,"2":1,"3":1,"4":1,"5":1,"6":1,"7":1,"8":1},"f":{"0":1,"1":1,"2":1,"3":1},"b":{},"_coverageSchema":"1a1c01bbd47fc00a2c39e90264f33305004495a9","hash":"9eeba02d026eecff4f5aacc20e6bf3733dc7f6c6"},"D:\\Telegram Desktop\\New folder (2)\\AITVMini\\core\\theme\\colors.ts":{"path":"D:\\Telegram Desktop\\New folder (2)\\AITVMini\\core\\theme\\colors.ts","statementMap":{"0":{"start":{"line":1,"column":22},"end":{"line":26,"column":1}}},"fnMap":{},"branchMap":{},"s":{"0":1},"f":{},"b":{},"_coverageSchema":"1a1c01bbd47fc00a2c39e90264f33305004495a9","hash":"c5abe95d376e60b9dc07bb9165460eba46578df7"},"D:\\Telegram Desktop\\New folder (2)\\AITVMini\\features\\courses\\utils\\courseHtml.ts":{"path":"D:\\Telegram Desktop\\New folder (2)\\AITVMini\\features\\courses\\utils\\courseHtml.ts","statementMap":{"0":{"start":{"line":4,"column":34},"end":{"line":440,"column":1}},"1":{"start":{"line":5,"column":13},"end":{"line":5,"column":43}},"2":{"start":{"line":6,"column":18},"end":{"line":6,"column":48}},"3":{"start":{"line":7,"column":15},"end":{"line":7,"column":47}},"4":{"start":{"line":8,"column":20},"end":{"line":8,"column":57}},"5":{"start":{"line":9,"column":17},"end":{"line":9,"column":47}},"6":{"start":{"line":10,"column":20},"end":{"line":10,"column":50}},"7":{"start":{"line":11,"column":23},"end":{"line":11,"column":67}},"8":{"start":{"line":13,"column":2},"end":{"line":439,"column":4}}},"fnMap":{"0":{"name":"(anonymous_0)","decl":{"start":{"line":4,"column":34},"end":{"line":4,"column":35}},"loc":{"start":{"line":4,"column":79},"end":{"line":440,"column":1}},"line":4}},"branchMap":{"0":{"loc":{"start":{"line":4,"column":51},"end":{"line":4,"column":74}},"type":"default-arg","locations":[{"start":{"line":4,"column":69},"end":{"line":4,"column":74}}],"line":4},"1":{"loc":{"start":{"line":5,"column":13},"end":{"line":5,"column":43}},"type":"cond-expr","locations":[{"start":{"line":5,"column":22},"end":{"line":5,"column":31}},{"start":{"line":5,"column":34},"end":{"line":5,"column":43}}],"line":5},"2":{"loc":{"start":{"line":6,"column":18},"end":{"line":6,"column":48}},"type":"cond-expr","locations":[{"start":{"line":6,"column":27},"end":{"line":6,"column":36}},{"start":{"line":6,"column":39},"end":{"line":6,"column":48}}],"line":6},"3":{"loc":{"start":{"line":7,"column":15},"end":{"line":7,"column":47}},"type":"cond-expr","locations":[{"start":{"line":7,"column":24},"end":{"line":7,"column":33}},{"start":{"line":7,"column":36},"end":{"line":7,"column":47}}],"line":7},"4":{"loc":{"start":{"line":8,"column":20},"end":{"line":8,"column":57}},"type":"cond-expr","locations":[{"start":{"line":8,"column":29},"end":{"line":8,"column":38}},{"start":{"line":8,"column":41},"end":{"line":8,"column":57}}],"line":8},"5":{"loc":{"start":{"line":9,"column":17},"end":{"line":9,"column":47}},"type":"cond-expr","locations":[{"start":{"line":9,"column":26},"end":{"line":9,"column":35}},{"start":{"line":9,"column":38},"end":{"line":9,"column":47}}],"line":9},"6":{"loc":{"start":{"line":10,"column":20},"end":{"line":10,"column":50}},"type":"cond-expr","locations":[{"start":{"line":10,"column":29},"end":{"line":10,"column":38}},{"start":{"line":10,"column":41},"end":{"line":10,"column":50}}],"line":10},"7":{"loc":{"start":{"line":11,"column":23},"end":{"line":11,"column":67}},"type":"cond-expr","locations":[{"start":{"line":11,"column":32},"end":{"line":11,"column":55}},{"start":{"line":11,"column":58},"end":{"line":11,"column":67}}],"line":11}},"s":{"0":1,"1":3,"2":3,"3":3,"4":3,"5":3,"6":3,"7":3,"8":3},"f":{"0":3},"b":{"0":[1],"1":[1,2],"2":[1,2],"3":[1,2],"4":[1,2],"5":[1,2],"6":[1,2],"7":[1,2]},"_coverageSchema":"1a1c01bbd47fc00a2c39e90264f33305004495a9","hash":"745c7da1bfcde0acbce2387a52dbf71e0b2745b4"},"D:\\Telegram Desktop\\New folder (2)\\AITVMini\\core\\services\\analyticsService.ts":{"path":"D:\\Telegram Desktop\\New folder (2)\\AITVMini\\core\\services\\analyticsService.ts","statementMap":{"0":{"start":{"line":21,"column":35},"end":{"line":21,"column":40}},"1":{"start":{"line":26,"column":4},"end":{"line":28,"column":5}},"2":{"start":{"line":27,"column":6},"end":{"line":27,"column":57}},"3":{"start":{"line":29,"column":4},"end":{"line":29,"column":37}},"4":{"start":{"line":33,"column":4},"end":{"line":33,"column":35}},"5":{"start":{"line":33,"column":28},"end":{"line":33,"column":35}},"6":{"start":{"line":37,"column":4},"end":{"line":37,"column":30}},"7":{"start":{"line":38,"column":4},"end":{"line":38,"column":36}},"8":{"start":{"line":42,"column":22},"end":{"line":42,"column":46}},"9":{"start":{"line":43,"column":22},"end":{"line":43,"column":49}},"10":{"start":{"line":46,"column":4},"end":{"line":48,"column":5}},"11":{"start":{"line":47,"column":6},"end":{"line":47,"column":50}},"12":{"start":{"line":51,"column":4},"end":{"line":56,"column":7}},"13":{"start":{"line":59,"column":4},"end":{"line":66,"column":5}},"14":{"start":{"line":60,"column":19},"end":{"line":60,"column":63}},"15":{"start":{"line":61,"column":26},"end":{"line":61,"column":54}},"16":{"start":{"line":62,"column":26},"end":{"line":62,"column":67}},"17":{"start":{"line":63,"column":6},"end":{"line":63,"column":80}},"18":{"start":{"line":65,"column":6},"end":{"line":65,"column":61}},"19":{"start":{"line":70,"column":4},"end":{"line":75,"column":5}},"20":{"start":{"line":71,"column":19},"end":{"line":71,"column":63}},"21":{"start":{"line":72,"column":6},"end":{"line":72,"column":42}},"22":{"start":{"line":74,"column":6},"end":{"line":74,"column":16}},"23":{"start":{"line":79,"column":25},"end":{"line":79,"column":55}}},"fnMap":{"0":{"name":"(anonymous_0)","decl":{"start":{"line":23,"column":2},"end":{"line":23,"column":3}},"loc":{"start":{"line":23,"column":24},"end":{"line":23,"column":26}},"line":23},"1":{"name":"(anonymous_1)","decl":{"start":{"line":25,"column":2},"end":{"line":25,"column":3}},"loc":{"start":{"line":25,"column":48},"end":{"line":30,"column":3}},"line":25},"2":{"name":"(anonymous_2)","decl":{"start":{"line":32,"column":2},"end":{"line":32,"column":3}},"loc":{"start":{"line":32,"column":22},"end":{"line":39,"column":3}},"line":32},"3":{"name":"(anonymous_3)","decl":{"start":{"line":41,"column":2},"end":{"line":41,"column":3}},"loc":{"start":{"line":41,"column":71},"end":{"line":67,"column":3}},"line":41},"4":{"name":"(anonymous_4)","decl":{"start":{"line":69,"column":2},"end":{"line":69,"column":3}},"loc":{"start":{"line":69,"column":33},"end":{"line":76,"column":3}},"line":69}},"branchMap":{"0":{"loc":{"start":{"line":26,"column":4},"end":{"line":28,"column":5}},"type":"if","locations":[{"start":{"line":26,"column":4},"end":{"line":28,"column":5}},{"start":{},"end":{}}],"line":26},"1":{"loc":{"start":{"line":33,"column":4},"end":{"line":33,"column":35}},"type":"if","locations":[{"start":{"line":33,"column":4},"end":{"line":33,"column":35}},{"start":{},"end":{}}],"line":33},"2":{"loc":{"start":{"line":46,"column":4},"end":{"line":48,"column":5}},"type":"if","locations":[{"start":{"line":46,"column":4},"end":{"line":48,"column":5}},{"start":{},"end":{}}],"line":46},"3":{"loc":{"start":{"line":61,"column":26},"end":{"line":61,"column":54}},"type":"cond-expr","locations":[{"start":{"line":61,"column":33},"end":{"line":61,"column":49}},{"start":{"line":61,"column":52},"end":{"line":61,"column":54}}],"line":61},"4":{"loc":{"start":{"line":72,"column":13},"end":{"line":72,"column":41}},"type":"cond-expr","locations":[{"start":{"line":72,"column":20},"end":{"line":72,"column":36}},{"start":{"line":72,"column":39},"end":{"line":72,"column":41}}],"line":72}},"s":{"0":4,"1":4,"2":4,"3":4,"4":0,"5":0,"6":0,"7":0,"8":9,"9":9,"10":9,"11":9,"12":9,"13":9,"14":9,"15":9,"16":9,"17":9,"18":0,"19":0,"20":0,"21":0,"22":0,"23":4},"f":{"0":4,"1":4,"2":0,"3":9,"4":0},"b":{"0":[4,0],"1":[0,0],"2":[9,0],"3":[1,8],"4":[0,0]},"_coverageSchema":"1a1c01bbd47fc00a2c39e90264f33305004495a9","hash":"7f24d86b55f92f30e325805a5414739206e8560a"},"D:\\Telegram Desktop\\New folder (2)\\AITVMini\\features\\auth\\store\\authStore.ts":{"path":"D:\\Telegram Desktop\\New folder (2)\\AITVMini\\features\\auth\\store\\authStore.ts","statementMap":{"0":{"start":{"line":23,"column":25},"end":{"line":23,"column":36}},"1":{"start":{"line":24,"column":26},"end":{"line":24,"column":40}},"2":{"start":{"line":26,"column":28},"end":{"line":150,"column":1}},"3":{"start":{"line":28,"column":14},"end":{"line":143,"column":5}},"4":{"start":{"line":36,"column":8},"end":{"line":36,"column":33}},"5":{"start":{"line":37,"column":8},"end":{"line":57,"column":9}},"6":{"start":{"line":38,"column":22},"end":{"line":38,"column":54}},"7":{"start":{"line":39,"column":10},"end":{"line":42,"column":12}},"8":{"start":{"line":43,"column":10},"end":{"line":46,"column":12}},"9":{"start":{"line":47,"column":10},"end":{"line":52,"column":13}},"10":{"start":{"line":53,"column":10},"end":{"line":53,"column":77}},"11":{"start":{"line":55,"column":10},"end":{"line":55,"column":36}},"12":{"start":{"line":56,"column":10},"end":{"line":56,"column":22}},"13":{"start":{"line":61,"column":8},"end":{"line":61,"column":33}},"14":{"start":{"line":62,"column":8},"end":{"line":73,"column":9}},"15":{"start":{"line":63,"column":10},"end":{"line":63,"column":39}},"16":{"start":{"line":65,"column":10},"end":{"line":68,"column":13}},"17":{"start":{"line":69,"column":10},"end":{"line":69,"column":49}},"18":{"start":{"line":71,"column":10},"end":{"line":71,"column":36}},"19":{"start":{"line":72,"column":10},"end":{"line":72,"column":22}},"20":{"start":{"line":77,"column":8},"end":{"line":77,"column":60}},"21":{"start":{"line":78,"column":8},"end":{"line":78,"column":61}},"22":{"start":{"line":79,"column":8},"end":{"line":79,"column":65}},"23":{"start":{"line":83,"column":8},"end":{"line":83,"column":33}},"24":{"start":{"line":84,"column":8},"end":{"line":133,"column":9}},"25":{"start":{"line":85,"column":24},"end":{"line":85,"column":72}},"26":{"start":{"line":86,"column":10},"end":{"line":112,"column":11}},"27":{"start":{"line":88,"column":12},"end":{"line":110,"column":13}},"28":{"start":{"line":89,"column":30},"end":{"line":89,"column":60}},"29":{"start":{"line":90,"column":14},"end":{"line":90,"column":90}},"30":{"start":{"line":93,"column":35},"end":{"line":93,"column":84}},"31":{"start":{"line":94,"column":14},"end":{"line":108,"column":15}},"32":{"start":{"line":95,"column":16},"end":{"line":107,"column":17}},"33":{"start":{"line":96,"column":37},"end":{"line":96,"column":77}},"34":{"start":{"line":97,"column":42},"end":{"line":97,"column":69}},"35":{"start":{"line":98,"column":43},"end":{"line":98,"column":87}},"36":{"start":{"line":99,"column":18},"end":{"line":99,"column":84}},"37":{"start":{"line":100,"column":18},"end":{"line":100,"column":86}},"38":{"start":{"line":101,"column":34},"end":{"line":101,"column":64}},"39":{"start":{"line":102,"column":18},"end":{"line":102,"column":111}},"40":{"start":{"line":103,"column":18},"end":{"line":103,"column":25}},"41":{"start":{"line":105,"column":18},"end":{"line":105,"column":70}},"42":{"start":{"line":106,"column":18},"end":{"line":106,"column":71}},"43":{"start":{"line":109,"column":14},"end":{"line":109,"column":89}},"44":{"start":{"line":111,"column":12},"end":{"line":111,"column":19}},"45":{"start":{"line":114,"column":31},"end":{"line":114,"column":80}},"46":{"start":{"line":115,"column":10},"end":{"line":128,"column":11}},"47":{"start":{"line":116,"column":12},"end":{"line":127,"column":13}},"48":{"start":{"line":117,"column":33},"end":{"line":117,"column":73}},"49":{"start":{"line":118,"column":38},"end":{"line":118,"column":65}},"50":{"start":{"line":119,"column":39},"end":{"line":119,"column":83}},"51":{"start":{"line":120,"column":14},"end":{"line":120,"column":80}},"52":{"start":{"line":121,"column":14},"end":{"line":121,"column":82}},"53":{"start":{"line":122,"column":30},"end":{"line":122,"column":60}},"54":{"start":{"line":123,"column":14},"end":{"line":123,"column":107}},"55":{"start":{"line":124,"column":14},"end":{"line":124,"column":21}},"56":{"start":{"line":126,"column":14},"end":{"line":126,"column":67}},"57":{"start":{"line":130,"column":10},"end":{"line":130,"column":73}},"58":{"start":{"line":132,"column":10},"end":{"line":132,"column":73}},"59":{"start":{"line":137,"column":8},"end":{"line":139,"column":12}},"60":{"start":{"line":137,"column":24},"end":{"line":139,"column":9}},"61":{"start":{"line":142,"column":39},"end":{"line":142,"column":64}},"62":{"start":{"line":146,"column":39},"end":{"line":146,"column":51}},"63":{"start":{"line":147,"column":30},"end":{"line":147,"column":82}}},"fnMap":{"0":{"name":"(anonymous_0)","decl":{"start":{"line":28,"column":4},"end":{"line":28,"column":5}},"loc":{"start":{"line":28,"column":14},"end":{"line":143,"column":5}},"line":28},"1":{"name":"(anonymous_1)","decl":{"start":{"line":35,"column":13},"end":{"line":35,"column":14}},"loc":{"start":{"line":35,"column":36},"end":{"line":58,"column":7}},"line":35},"2":{"name":"(anonymous_2)","decl":{"start":{"line":60,"column":16},"end":{"line":60,"column":17}},"loc":{"start":{"line":60,"column":32},"end":{"line":74,"column":7}},"line":60},"3":{"name":"(anonymous_3)","decl":{"start":{"line":76,"column":14},"end":{"line":76,"column":15}},"loc":{"start":{"line":76,"column":26},"end":{"line":80,"column":7}},"line":76},"4":{"name":"(anonymous_4)","decl":{"start":{"line":82,"column":17},"end":{"line":82,"column":18}},"loc":{"start":{"line":82,"column":29},"end":{"line":134,"column":7}},"line":82},"5":{"name":"(anonymous_5)","decl":{"start":{"line":136,"column":21},"end":{"line":136,"column":22}},"loc":{"start":{"line":136,"column":31},"end":{"line":140,"column":7}},"line":136},"6":{"name":"(anonymous_6)","decl":{"start":{"line":137,"column":12},"end":{"line":137,"column":13}},"loc":{"start":{"line":137,"column":24},"end":{"line":139,"column":9}},"line":137},"7":{"name":"(anonymous_7)","decl":{"start":{"line":142,"column":22},"end":{"line":142,"column":23}},"loc":{"start":{"line":142,"column":39},"end":{"line":142,"column":64}},"line":142},"8":{"name":"(anonymous_8)","decl":{"start":{"line":146,"column":33},"end":{"line":146,"column":34}},"loc":{"start":{"line":146,"column":39},"end":{"line":146,"column":51}},"line":146},"9":{"name":"(anonymous_9)","decl":{"start":{"line":147,"column":18},"end":{"line":147,"column":19}},"loc":{"start":{"line":147,"column":30},"end":{"line":147,"column":82}},"line":147}},"branchMap":{"0":{"loc":{"start":{"line":86,"column":10},"end":{"line":112,"column":11}},"type":"if","locations":[{"start":{"line":86,"column":10},"end":{"line":112,"column":11}},{"start":{},"end":{}}],"line":86},"1":{"loc":{"start":{"line":94,"column":14},"end":{"line":108,"column":15}},"type":"if","locations":[{"start":{"line":94,"column":14},"end":{"line":108,"column":15}},{"start":{},"end":{}}],"line":94},"2":{"loc":{"start":{"line":98,"column":43},"end":{"line":98,"column":87}},"type":"binary-expr","locations":[{"start":{"line":98,"column":43},"end":{"line":98,"column":71}},{"start":{"line":98,"column":75},"end":{"line":98,"column":87}}],"line":98},"3":{"loc":{"start":{"line":115,"column":10},"end":{"line":128,"column":11}},"type":"if","locations":[{"start":{"line":115,"column":10},"end":{"line":128,"column":11}},{"start":{},"end":{}}],"line":115},"4":{"loc":{"start":{"line":119,"column":39},"end":{"line":119,"column":83}},"type":"binary-expr","locations":[{"start":{"line":119,"column":39},"end":{"line":119,"column":67}},{"start":{"line":119,"column":71},"end":{"line":119,"column":83}}],"line":119},"5":{"loc":{"start":{"line":138,"column":16},"end":{"line":138,"column":62}},"type":"cond-expr","locations":[{"start":{"line":138,"column":29},"end":{"line":138,"column":55}},{"start":{"line":138,"column":58},"end":{"line":138,"column":62}}],"line":138}},"s":{"0":3,"1":3,"2":3,"3":3,"4":1,"5":1,"6":1,"7":1,"8":1,"9":1,"10":1,"11":0,"12":0,"13":0,"14":0,"15":0,"16":0,"17":0,"18":0,"19":0,"20":1,"21":1,"22":1,"23":0,"24":0,"25":0,"26":0,"27":0,"28":0,"29":0,"30":0,"31":0,"32":0,"33":0,"34":0,"35":0,"36":0,"37":0,"38":0,"39":0,"40":0,"41":0,"42":0,"43":0,"44":0,"45":0,"46":0,"47":0,"48":0,"49":0,"50":0,"51":0,"52":0,"53":0,"54":0,"55":0,"56":0,"57":0,"58":0,"59":1,"60":1,"61":1,"62":3,"63":11},"f":{"0":3,"1":1,"2":0,"3":1,"4":0,"5":1,"6":1,"7":1,"8":3,"9":11},"b":{"0":[0,0],"1":[0,0],"2":[0,0],"3":[0,0],"4":[0,0],"5":[1,0]},"_coverageSchema":"1a1c01bbd47fc00a2c39e90264f33305004495a9","hash":"90eb52310059c2831b9ccacceea68924ed0d6674"},"D:\\Telegram Desktop\\New folder (2)\\AITVMini\\core\\api\\client.ts":{"path":"D:\\Telegram Desktop\\New folder (2)\\AITVMini\\core\\api\\client.ts","statementMap":{"0":{"start":{"line":6,"column":25},"end":{"line":6,"column":36}},"1":{"start":{"line":7,"column":26},"end":{"line":7,"column":40}},"2":{"start":{"line":8,"column":27},"end":{"line":8,"column":32}},"3":{"start":{"line":9,"column":24},"end":{"line":9,"column":25}},"4":{"start":{"line":11,"column":2},"end":{"line":12,"column":27}},"5":{"start":{"line":19,"column":25},"end":{"line":22,"column":2}},"6":{"start":{"line":25,"column":2},"end":{"line":25,"column":59}},"7":{"start":{"line":25,"column":34},"end":{"line":25,"column":57}},"8":{"start":{"line":29,"column":2},"end":{"line":29,"column":44}},"9":{"start":{"line":33,"column":2},"end":{"line":39,"column":4}},"10":{"start":{"line":43,"column":23},"end":{"line":43,"column":72}},"11":{"start":{"line":44,"column":2},"end":{"line":46,"column":3}},"12":{"start":{"line":45,"column":4},"end":{"line":45,"column":16}},"13":{"start":{"line":48,"column":2},"end":{"line":75,"column":3}},"14":{"start":{"line":49,"column":21},"end":{"line":53,"column":5}},"15":{"start":{"line":55,"column":33},"end":{"line":57,"column":17}},"16":{"start":{"line":59,"column":6},"end":{"line":59,"column":79}},"17":{"start":{"line":61,"column":4},"end":{"line":63,"column":5}},"18":{"start":{"line":62,"column":6},"end":{"line":62,"column":18}},"19":{"start":{"line":65,"column":4},"end":{"line":65,"column":75}},"20":{"start":{"line":66,"column":4},"end":{"line":66,"column":77}},"21":{"start":{"line":68,"column":4},"end":{"line":71,"column":7}},"22":{"start":{"line":72,"column":4},"end":{"line":72,"column":32}},"23":{"start":{"line":74,"column":4},"end":{"line":74,"column":16}},"24":{"start":{"line":79,"column":0},"end":{"line":95,"column":2}},"25":{"start":{"line":81,"column":18},"end":{"line":81,"column":39}},"26":{"start":{"line":82,"column":4},"end":{"line":84,"column":5}},"27":{"start":{"line":83,"column":6},"end":{"line":83,"column":54}},"28":{"start":{"line":86,"column":18},"end":{"line":86,"column":66}},"29":{"start":{"line":87,"column":4},"end":{"line":89,"column":5}},"30":{"start":{"line":88,"column":6},"end":{"line":88,"column":55}},"31":{"start":{"line":90,"column":4},"end":{"line":90,"column":18}},"32":{"start":{"line":93,"column":4},"end":{"line":93,"column":33}},"33":{"start":{"line":98,"column":0},"end":{"line":162,"column":2}},"34":{"start":{"line":99,"column":16},"end":{"line":99,"column":24}},"35":{"start":{"line":102,"column":4},"end":{"line":102,"column":57}},"36":{"start":{"line":103,"column":4},"end":{"line":103,"column":45}},"37":{"start":{"line":104,"column":4},"end":{"line":104,"column":53}},"38":{"start":{"line":105,"column":4},"end":{"line":105,"column":45}},"39":{"start":{"line":106,"column":4},"end":{"line":106,"column":83}},"40":{"start":{"line":107,"column":4},"end":{"line":107,"column":57}},"41":{"start":{"line":109,"column":28},"end":{"line":109,"column":78}},"42":{"start":{"line":111,"column":4},"end":{"line":113,"column":5}},"43":{"start":{"line":112,"column":6},"end":{"line":112,"column":35}},"44":{"start":{"line":115,"column":4},"end":{"line":117,"column":5}},"45":{"start":{"line":116,"column":6},"end":{"line":116,"column":35}},"46":{"start":{"line":119,"column":29},"end":{"line":121,"column":5}},"47":{"start":{"line":123,"column":4},"end":{"line":139,"column":5}},"48":{"start":{"line":128,"column":6},"end":{"line":128,"column":40}},"49":{"start":{"line":129,"column":29},"end":{"line":129,"column":55}},"50":{"start":{"line":131,"column":6},"end":{"line":135,"column":7}},"51":{"start":{"line":132,"column":8},"end":{"line":132,"column":64}},"52":{"start":{"line":133,"column":8},"end":{"line":133,"column":75}},"53":{"start":{"line":134,"column":8},"end":{"line":134,"column":42}},"54":{"start":{"line":137,"column":6},"end":{"line":137,"column":45}},"55":{"start":{"line":138,"column":6},"end":{"line":138,"column":35}},"56":{"start":{"line":142,"column":6},"end":{"line":144,"column":47}},"57":{"start":{"line":146,"column":4},"end":{"line":154,"column":5}},"58":{"start":{"line":147,"column":6},"end":{"line":147,"column":69}},"59":{"start":{"line":149,"column":6},"end":{"line":153,"column":7}},"60":{"start":{"line":150,"column":8},"end":{"line":150,"column":41}},"61":{"start":{"line":151,"column":8},"end":{"line":151,"column":64}},"62":{"start":{"line":152,"column":8},"end":{"line":152,"column":42}},"63":{"start":{"line":156,"column":4},"end":{"line":158,"column":5}},"64":{"start":{"line":157,"column":6},"end":{"line":157,"column":50}},"65":{"start":{"line":160,"column":4},"end":{"line":160,"column":33}}},"fnMap":{"0":{"name":"wait","decl":{"start":{"line":24,"column":9},"end":{"line":24,"column":13}},"loc":{"start":{"line":24,"column":26},"end":{"line":26,"column":1}},"line":24},"1":{"name":"(anonymous_1)","decl":{"start":{"line":25,"column":21},"end":{"line":25,"column":22}},"loc":{"start":{"line":25,"column":34},"end":{"line":25,"column":57}},"line":25},"2":{"name":"getBackoffTime","decl":{"start":{"line":28,"column":9},"end":{"line":28,"column":23}},"loc":{"start":{"line":28,"column":44},"end":{"line":30,"column":1}},"line":28},"3":{"name":"isRetryableStatus","decl":{"start":{"line":32,"column":9},"end":{"line":32,"column":26}},"loc":{"start":{"line":32,"column":44},"end":{"line":40,"column":1}},"line":32},"4":{"name":"refreshAccessToken","decl":{"start":{"line":42,"column":15},"end":{"line":42,"column":33}},"loc":{"start":{"line":42,"column":36},"end":{"line":76,"column":1}},"line":42},"5":{"name":"(anonymous_5)","decl":{"start":{"line":80,"column":2},"end":{"line":80,"column":3}},"loc":{"start":{"line":80,"column":48},"end":{"line":91,"column":3}},"line":80},"6":{"name":"(anonymous_6)","decl":{"start":{"line":92,"column":2},"end":{"line":92,"column":3}},"loc":{"start":{"line":92,"column":13},"end":{"line":94,"column":3}},"line":92},"7":{"name":"(anonymous_7)","decl":{"start":{"line":99,"column":2},"end":{"line":99,"column":3}},"loc":{"start":{"line":99,"column":16},"end":{"line":99,"column":24}},"line":99},"8":{"name":"(anonymous_8)","decl":{"start":{"line":100,"column":2},"end":{"line":100,"column":3}},"loc":{"start":{"line":100,"column":31},"end":{"line":161,"column":3}},"line":100}},"branchMap":{"0":{"loc":{"start":{"line":11,"column":2},"end":{"line":12,"column":27}},"type":"binary-expr","locations":[{"start":{"line":11,"column":2},"end":{"line":11,"column":63}},{"start":{"line":12,"column":2},"end":{"line":12,"column":27}}],"line":11},"1":{"loc":{"start":{"line":34,"column":4},"end":{"line":38,"column":18}},"type":"binary-expr","locations":[{"start":{"line":34,"column":4},"end":{"line":34,"column":18}},{"start":{"line":35,"column":4},"end":{"line":35,"column":18}},{"start":{"line":36,"column":4},"end":{"line":36,"column":18}},{"start":{"line":37,"column":4},"end":{"line":37,"column":18}},{"start":{"line":38,"column":4},"end":{"line":38,"column":18}}],"line":34},"2":{"loc":{"start":{"line":44,"column":2},"end":{"line":46,"column":3}},"type":"if","locations":[{"start":{"line":44,"column":2},"end":{"line":46,"column":3}},{"start":{},"end":{}}],"line":44},"3":{"loc":{"start":{"line":59,"column":6},"end":{"line":59,"column":79}},"type":"binary-expr","locations":[{"start":{"line":59,"column":7},"end":{"line":59,"column":62}},{"start":{"line":59,"column":67},"end":{"line":59,"column":79}}],"line":59},"4":{"loc":{"start":{"line":61,"column":4},"end":{"line":63,"column":5}},"type":"if","locations":[{"start":{"line":61,"column":4},"end":{"line":63,"column":5}},{"start":{},"end":{}}],"line":61},"5":{"loc":{"start":{"line":82,"column":4},"end":{"line":84,"column":5}},"type":"if","locations":[{"start":{"line":82,"column":4},"end":{"line":84,"column":5}},{"start":{},"end":{}}],"line":82},"6":{"loc":{"start":{"line":87,"column":4},"end":{"line":89,"column":5}},"type":"if","locations":[{"start":{"line":87,"column":4},"end":{"line":89,"column":5}},{"start":{},"end":{}}],"line":87},"7":{"loc":{"start":{"line":87,"column":8},"end":{"line":87,"column":31}},"type":"binary-expr","locations":[{"start":{"line":87,"column":8},"end":{"line":87,"column":13}},{"start":{"line":87,"column":17},"end":{"line":87,"column":31}}],"line":87},"8":{"loc":{"start":{"line":111,"column":4},"end":{"line":113,"column":5}},"type":"if","locations":[{"start":{"line":111,"column":4},"end":{"line":113,"column":5}},{"start":{},"end":{}}],"line":111},"9":{"loc":{"start":{"line":115,"column":4},"end":{"line":117,"column":5}},"type":"if","locations":[{"start":{"line":115,"column":4},"end":{"line":117,"column":5}},{"start":{},"end":{}}],"line":115},"10":{"loc":{"start":{"line":123,"column":4},"end":{"line":139,"column":5}},"type":"if","locations":[{"start":{"line":123,"column":4},"end":{"line":139,"column":5}},{"start":{},"end":{}}],"line":123},"11":{"loc":{"start":{"line":124,"column":6},"end":{"line":126,"column":33}},"type":"binary-expr","lo
[...]
e":47,"column":31},"end":{"line":47,"column":32}},"loc":{"start":{"line":47,"column":37},"end":{"line":51,"column":1}},"line":47}},"branchMap":{"0":{"loc":{"start":{"line":1,"column":28},"end":{"line":1,"column":77}},"type":"binary-expr","locations":[{"start":{"line":1,"column":28},"end":{"line":1,"column":71}},{"start":{"line":1,"column":75},"end":{"line":1,"column":77}}],"line":1},"1":{"loc":{"start":{"line":15,"column":42},"end":{"line":15,"column":68}},"type":"default-arg","locations":[{"start":{"line":15,"column":58},"end":{"line":15,"column":68}}],"line":15},"2":{"loc":{"start":{"line":15,"column":70},"end":{"line":15,"column":86}},"type":"default-arg","locations":[{"start":{"line":15,"column":85},"end":{"line":15,"column":86}}],"line":15},"3":{"loc":{"start":{"line":18,"column":4},"end":{"line":28,"column":5}},"type":"if","locations":[{"start":{"line":18,"column":4},"end":{"line":28,"column":5}},{"start":{},"end":{}}],"line":18},"4":{"loc":{"start":{"line":40,"column":11},"end":{"line":40,"column":29}},"type":"binary-expr","locations":[{"start":{"line":40,"column":11},"end":{"line":40,"column":23}},{"start":{"line":40,"column":27},"end":{"line":40,"column":29}}],"line":40}},"s":{"0":0,"1":0,"2":0,"3":0,"4":0,"5":0,"6":0,"7":0,"8":0,"9":0,"10":0,"11":0,"12":0,"13":0,"14":0},"f":{"0":0,"1":0,"2":0},"b":{"0":[0,0],"1":[0],"2":[0],"3":[0,0],"4":[0,0]}},"D:\\Telegram Desktop\\New folder (2)\\AITVMini\\app\\(tabs)\\explore.tsx":{"path":"D:\\Telegram Desktop\\New folder (2)\\AITVMini\\app\\(tabs)\\explore.tsx","statementMap":{"0":{"start":{"line":19,"column":19},"end":{"line":27,"column":1}},"1":{"start":{"line":29,"column":15},"end":{"line":29,"column":62}},"2":{"start":{"line":30,"column":21},"end":{"line":30,"column":44}},"3":{"start":{"line":33,"column":17},"end":{"line":33,"column":28}},"4":{"start":{"line":34,"column":17},"end":{"line":34,"column":36}},"5":{"start":{"line":35,"column":20},"end":{"line":35,"column":41}},"6":{"start":{"line":36,"column":122},"end":{"line":36,"column":138}},"7":{"start":{"line":37,"column":50},"end":{"line":37,"column":65}},"8":{"start":{"line":38,"column":44},"end":{"line":38,"column":59}},"9":{"start":{"line":39,"column":44},"end":{"line":39,"column":59}},"10":{"start":{"line":40,"column":30},"end":{"line":40,"column":48}},"11":{"start":{"line":42,"column":26},"end":{"line":70,"column":102}},"12":{"start":{"line":43,"column":4},"end":{"line":45,"column":5}},"13":{"start":{"line":44,"column":6},"end":{"line":44,"column":68}},"14":{"start":{"line":44,"column":35},"end":{"line":44,"column":66}},"15":{"start":{"line":47,"column":4},"end":{"line":69,"column":7}},"16":{"start":{"line":49,"column":8},"end":{"line":51,"column":73}},"17":{"start":{"line":54,"column":8},"end":{"line":54,"column":74}},"18":{"start":{"line":57,"column":8},"end":{"line":57,"column":65}},"19":{"start":{"line":60,"column":8},"end":{"line":61,"column":74}},"20":{"start":{"line":63,"column":6},"end":{"line":63,"column":78}},"21":{"start":{"line":65,"column":6},"end":{"line":65,"column":68}},"22":{"start":{"line":65,"column":43},"end":{"line":65,"column":68}},"23":{"start":{"line":66,"column":6},"end":{"line":66,"column":68}},"24":{"start":{"line":66,"column":43},"end":{"line":66,"column":68}},"25":{"start":{"line":67,"column":6},"end":{"line":67,"column":65}},"26":{"start":{"line":67,"column":38},"end":{"line":67,"column":65}},"27":{"start":{"line":68,"column":6},"end":{"line":68,"column":15}},"28":{"start":{"line":72,"column":23},"end":{"line":77,"column":21}},"29":{"start":{"line":73,"column":4},"end":{"line":73,"column":24}},"30":{"start":{"line":74,"column":4},"end":{"line":76,"column":5}},"31":{"start":{"line":75,"column":6},"end":{"line":75,"column":62}},"32":{"start":{"line":79,"column":30},"end":{"line":82,"column":8}},"33":{"start":{"line":80,"column":4},"end":{"line":80,"column":34}},"34":{"start":{"line":81,"column":4},"end":{"line":81,"column":29}},"35":{"start":{"line":84,"column":28},"end":{"line":86,"column":14}},"36":{"start":{"line":85,"column":4},"end":{"line":85,"column":48}},"37":{"start":{"line":88,"column":23},"end":{"line":93,"column":21}},"38":{"start":{"line":89,"column":4},"end":{"line":89,"column":28}},"39":{"start":{"line":90,"column":4},"end":{"line":90,"column":28}},"40":{"start":{"line":91,"column":4},"end":{"line":91,"column":31}},"41":{"start":{"line":92,"column":4},"end":{"line":92,"column":22}},"42":{"start":{"line":95,"column":24},"end":{"line":97,"column":22}},"43":{"start":{"line":96,"column":4},"end":{"line":96,"column":27}},"44":{"start":{"line":99,"column":32},"end":{"line":99,"column":68}},"45":{"start":{"line":101,"column":2},"end":{"line":122,"column":4}},"46":{"start":{"line":147,"column":6},"end":{"line":147,"column":23}},"47":{"start":{"line":148,"column":24},"end":{"line":148,"column":34}},"48":{"start":{"line":150,"column":25},"end":{"line":150,"column":50}},"49":{"start":{"line":151,"column":21},"end":{"line":151,"column":47}},"50":{"start":{"line":151,"column":35},"end":{"line":151,"column":42}},"51":{"start":{"line":153,"column":25},"end":{"line":156,"column":3}},"52":{"start":{"line":154,"column":20},"end":{"line":154,"column":110}},"53":{"start":{"line":158,"column":21},"end":{"line":167,"column":52}},"54":{"start":{"line":159,"column":4},"end":{"line":166,"column":11}},"55":{"start":{"line":169,"column":21},"end":{"line":234,"column":155}},"56":{"start":{"line":170,"column":4},"end":{"line":233,"column":11}},"57":{"start":{"line":178,"column":25},"end":{"line":178,"column":57}},"58":{"start":{"line":205,"column":31},"end":{"line":205,"column":60}},"59":{"start":{"line":206,"column":12},"end":{"line":223,"column":14}},"60":{"start":{"line":209,"column":31},"end":{"line":209,"column":60}},"61":{"start":{"line":236,"column":2},"end":{"line":354,"column":4}},"62":{"start":{"line":244,"column":32},"end":{"line":244,"column":39}},"63":{"start":{"line":280,"column":45},"end":{"line":280,"column":76}},"64":{"start":{"line":288,"column":14},"end":{"line":301,"column":33}},"65":{"start":{"line":291,"column":18},"end":{"line":291,"column":73}},"66":{"start":{"line":292,"column":18},"end":{"line":292,"column":42}},"67":{"start":{"line":308,"column":14},"end":{"line":321,"column":33}},"68":{"start":{"line":311,"column":18},"end":{"line":311,"column":73}},"69":{"start":{"line":312,"column":18},"end":{"line":312,"column":42}},"70":{"start":{"line":328,"column":14},"end":{"line":341,"column":33}},"71":{"start":{"line":331,"column":18},"end":{"line":331,"column":73}},"72":{"start":{"line":332,"column":18},"end":{"line":332,"column":36}},"73":{"start":{"line":347,"column":27},"end":{"line":347,"column":58}}},"fnMap":{"0":{"name":"useExploreLogic","decl":{"start":{"line":32,"column":9},"end":{"line":32,"column":24}},"loc":{"start":{"line":32,"column":27},"end":{"line":123,"column":1}},"line":32},"1":{"name":"(anonymous_1)","decl":{"start":{"line":42,"column":34},"end":{"line":42,"column":35}},"loc":{"start":{"line":42,"column":40},"end":{"line":70,"column":3}},"line":42},"2":{"name":"(anonymous_2)","decl":{"start":{"line":44,"column":28},"end":{"line":44,"column":29}},"loc":{"start":{"line":44,"column":35},"end":{"line":44,"column":66}},"line":44},"3":{"name":"(anonymous_3)","decl":{"start":{"line":47,"column":26},"end":{"line":47,"column":27}},"loc":{"start":{"line":47,"column":38},"end":{"line":64,"column":5}},"line":47},"4":{"name":"(anonymous_4)","decl":{"start":{"line":64,"column":12},"end":{"line":64,"column":13}},"loc":{"start":{"line":64,"column":22},"end":{"line":69,"column":5}},"line":64},"5":{"name":"(anonymous_5)","decl":{"start":{"line":72,"column":35},"end":{"line":72,"column":36}},"loc":{"start":{"line":72,"column":53},"end":{"line":77,"column":3}},"line":72},"6":{"name":"(anonymous_6)","decl":{"start":{"line":79,"column":42},"end":{"line":79,"column":43}},"loc":{"start":{"line":79,"column":64},"end":{"line":82,"column":3}},"line":79},"7":{"name":"(anonymous_7)","decl":{"start":{"line":84,"column":40},"end":{"line":84,"column":41}},"loc":{"start":{"line":84,"column":60},"end":{"line":86,"column":3}},"line":84},"8":{"name":"(anonymous_8)","decl":{"start":{"line":88,"column":35},"end":{"line":88,"column":36}},"loc":{"start":{"line":88,"column":41},"end":{"line":93,"column":3}},"line":88},"9":{"name":"(anonymous_9)","decl":{"start":{"line":95,"column":36},"end":{"line":95,"column":37}},"loc":{"start":{"line":95,"column":48},"end":{"line":97,"column":3}},"line":95},"10":{"name":"TechExploreScreen","decl":{"start":{"line":125,"column":24},"end":{"line":125,"column":41}},"loc":{"start":{"line":125,"column":44},"end":{"line":355,"column":1}},"line":125},"11":{"name":"(anonymous_11)","decl":{"start":{"line":151,"column":29},"end":{"line":151,"column":30}},"loc":{"start":{"line":151,"column":35},"end":{"line":151,"column":42}},"line":151},"12":{"name":"(anonymous_12)","decl":{"start":{"line":154,"column":4},"end":{"line":154,"column":5}},"loc":{"start":{"line":154,"column":20},"end":{"line":154,"column":110}},"line":154},"13":{"name":"(anonymous_13)","decl":{"start":{"line":158,"column":33},"end":{"line":158,"column":34}},"loc":{"start":{"line":159,"column":4},"end":{"line":166,"column":11}},"line":159},"14":{"name":"(anonymous_14)","decl":{"start":{"line":169,"column":29},"end":{"line":169,"column":30}},"loc":{"start":{"line":170,"column":4},"end":{"line":233,"column":11}},"line":170},"15":{"name":"(anonymous_15)","decl":{"start":{"line":178,"column":19},"end":{"line":178,"column":20}},"loc":{"start":{"line":178,"column":25},"end":{"line":178,"column":57}},"line":178},"16":{"name":"(anonymous_16)","decl":{"start":{"line":204,"column":26},"end":{"line":204,"column":27}},"loc":{"start":{"line":204,"column":40},"end":{"line":224,"column":11}},"line":204},"17":{"name":"(anonymous_17)","decl":{"start":{"line":209,"column":25},"end":{"line":209,"column":26}},"loc":{"start":{"line":209,"column":31},"end":{"line":209,"column":60}},"line":209},"18":{"name":"(anonymous_18)","decl":{"start":{"line":244,"column":22},"end":{"line":244,"column":23}},"loc":{"start":{"line":244,"column":32},"end":{"line":244,"column":39}},"line":244},"19":{"name":"(anonymous_19)","decl":{"start":{"line":280,"column":39},"end":{"line":280,"column":40}},"loc":{"start":{"line":280,"column":45},"end":{"line":280,"column":76}},"line":280},"20":{"name":"(anonymous_20)","decl":{"start":{"line":287,"column":24},"end":{"line":287,"column":25}},"loc":{"start":{"line":288,"column":14},"end":{"line":301,"column":33}},"line":288},"21":{"name":"(anonymous_21)","decl":{"start":{"line":290,"column":25},"end":{"line":290,"column":26}},"loc":{"start":{"line":290,"column":31},"end":{"line":293,"column":17}},"line":290},"22":{"name":"(anonymous_22)","decl":{"start":{"line":307,"column":30},"end":{"line":307,"column":31}},"loc":{"start":{"line":308,"column":14},"end":{"line":321,"column":33}},"line":308},"23":{"name":"(anonymous_23)","decl":{"start":{"line":310,"column":25},"end":{"line":310,"column":26}},"loc":{"start":{"line":310,"column":31},"end":{"line":313,"column":17}},"line":310},"24":{"name":"(anonymous_24)","decl":{"start":{"line":327,"column":89},"end":{"line":327,"column":90}},"loc":{"start":{"line":328,"column":14},"end":{"line":341,"column":33}},"line":328},"25":{"name":"(anonymous_25)","decl":{"start":{"line":330,"column":25},"end":{"line":330,"column":26}},"loc":{"start":{"line":330,"column":31},"end":{"line":333,"column":17}},"line":330},"26":{"name":"(anonymous_26)","decl":{"start":{"line":347,"column":21},"end":{"line":347,"column":22}},"loc":{"start":{"line":347,"column":27},"end":{"line":347,"column":58}},"line":347}},"branchMap":{"0":{"loc":{"start":{"line":43,"column":4},"end":{"line":45,"column":5}},"type":"if","locations":[{"start":{"line":43,"column":4},"end":{"line":45,"column":5}},{"start":{},"end":{}}],"line":43},"1":{"loc":{"start":{"line":49,"column":8},"end":{"line":51,"column":73}},"type":"binary-expr","locations":[{"start":{"line":49,"column":8},"end":{"line":49,"column":20}},{"start":{"line":50,"column":8},"end":{"line":50,"column":70}},{"start":{"line":51,"column":8},"end":{"line":51,"column":73}}],"line":49},"2":{"loc":{"start":{"line":54,"column":8},"end":{"line":54,"column":74}},"type":"binary-expr","locations":[{"start":{"line":54,"column":8},"end":{"line":54,"column":34}},{"start":{"line":54,"column":38},"end":{"line":54,"column":74}}],"line":54},"3":{"loc":{"start":{"line":57,"column":8},"end":{"line":57,"column":65}},"type":"binary-expr","locations":[{"start":{"line":57,"column":8},"end":{"line":57,"column":31}},{"start":{"line":57,"column":35},"end":{"line":57,"column":65}}],"line":57},"4":{"loc":{"start":{"line":60,"column":8},"end":{"line":61,"column":74}},"type":"binary-expr","locations":[{"start":{"line":60,"column":8},"end":{"line":60,"column":31}},{"start":{"line":61,"column":9},"end":{"line":61,"column":73}}],"line":60},"5":{"loc":{"start":{"line":61,"column":9},"end":{"line":61,"column":73}},"type":"cond-expr","locations":[{"start":{"line":61,"column":36},"end":{"line":61,"column":54}},{"start":{"line":61,"column":57},"end":{"line":61,"column":73}}],"line":61},"6":{"loc":{"start":{"line":63,"column":13},"end":{"line":63,"column":77}},"type":"binary-expr","locations":[{"start":{"line":63,"column":13},"end":{"line":63,"column":26}},{"start":{"line":63,"column":30},"end":{"line":63,"column":45}},{"start":{"line":63,"column":49},"end":{"line":63,"column":61}},{"start":{"line":63,"column":65},"end":{"line":63,"column":77}}],"line":63},"7":{"loc":{"start":{"line":65,"column":6},"end":{"line":65,"column":68}},"type":"if","locations":[{"start":{"line":65,"column":6},"end":{"line":65,"column":68}},{"start":{},"end":{}}],"line":65},"8":{"loc":{"start":{"line":66,"column":6},"end":{"line":66,"column":68}},"type":"if","locations":[{"start":{"line":66,"column":6},"end":{"line":66,"column":68}},{"start":{},"end":{}}],"line":66},"9":{"loc":{"start":{"line":67,"column":6},"end":{"line":67,"column":65}},"type":"if","locations":[{"start":{"line":67,"column":6},"end":{"line":67,"column":65}},{"start":{},"end":{}}],"line":67},"10":{"loc":{"start":{"line":74,"column":4},"end":{"line":76,"column":5}},"type":"if","locations":[{"start":{"line":74,"column":4},"end":{"line":76,"column":5}},{"start":{},"end":{}}],"line":74},"11":{"loc":{"start":{"line":99,"column":32},"end":{"line":99,"column":68}},"type":"cond-expr","locations":[{"start":{"line":99,"column":46},"end":{"line":99,"column":63}},{"start":{"line":99,"column":66},"end":{"line":99,"column":68}}],"line":99},"12":{"loc":{"start":{"line":181,"column":11},"end":{"line":185,"column":11}},"type":"binary-expr","locations":[{"start":{"line":181,"column":12},"end":{"line":181,"column":35}},{"start":{"line":181,"column":39},"end":{"line":181,"column":62}},{"start":{"line":182,"column":12},"end":{"line":184,"column":19}}],"line":181},"13":{"loc":{"start":{"line":211,"column":35},"end":{"line":211,"column":74}},"type":"cond-expr","locations":[{"start":{"line":211,"column":48},"end":{"line":211,"column":62}},{"start":{"line":211,"column":65},"end":{"line":211,"column":74}}],"line":211},"14":{"loc":{"start":{"line":212,"column":31},"end":{"line":212,"column":69}},"type":"cond-expr","locations":[{"start":{"line":212,"column":44},"end":{"line":212,"column":58}},{"start":{"line":212,"column":61},"end":{"line":212,"column":69}}],"line":212},"15":{"loc":{"start":{"line":217,"column":34},"end":{"line":217,"column":63}},"type":"cond-expr","locations":[{"start":{"line":217,"column":47},"end":{"line":217,"column":54}},{"start":{"line":217,"column":57},"end":{"line":217,"column":63}}],"line":217},"16":{"loc":{"start":{"line":229,"column":11},"end":{"line":229,"column":114}},"type":"cond-expr","locations":[{"start":{"line":229,"column":41},"end":{"line":229,"column":57}},{"start":{"line":229,"column":60},"end":{"line":229,"column":114}}],"line":229},"17":{"loc":{"start":{"line":229,"column":60},"end":{"line":229,"column":114}},"type":"cond-expr","locations":[{"start":{"line":229,"column":74},"end":{"line":229,"column":90}},{"start":{"line":229,"column":93},"end":{"line":229,"column":114}}],"line":229},"18":{"loc":{"start":{"line":238,"column":16},"end":{"line":238,"column":60}},"type":"cond-expr","locations":[{"start":{"line":238,"column":40},"end":{"line":238,"column":49}},{"start":{"line":238,"column":52},"end":{"line":238,"column":60}}],"line":238},"19":{"loc":{"start":{"line":274,"column":49},"end":{"line":274,"column":79}},"type":"cond-expr","locations":[{"start":{"line":274,"column":58},"end":{"line":274,"column":67}},{"start":{"line":274,"column":70},"end":{"line":274,"column":79}}],"line":274},"20":{"loc":{"start":{"line":295,"column":35},"end":{"line":295,"column":95}},"type":"cond-expr","locations":[{"start":{"line":295,"column":61},"end":{"line":295,"column":75}},{"start":{"line":295,"column":78},"end":{"line":295,"column":95}}],"line":295},"21":{"loc":{"start":{"line":296,"column":31},"end":{"line":296,"column":82}},"type":"cond-expr","locations":[{"start":{"line":296,"column":57},"end":{"line":296,"column":71}},{"start":{"line":296,"column":74},"end":{"line":296,"column":82}}],"line":296},"22":{"loc":{"start":{"line":300,"column":38},"end":{"line":300,"column":80}},"type":"cond-expr","locations":[{"start":{"line":300,"column":64},"end":{"line":300,"column":71}},{"start":{"line":300,"column":74},"end":{"line":300,"column":80}}],"line":300},"23":{"loc":{"start":{"line":315,"column":35},"end":{"line":315,"column":95}},"type":"cond-expr","locations":[{"start":{"line":315,"column":61},"end":{"line":315,"column":75}},{"start":{"line":315,"column":78},"end":{"line":315,"column":95}}],"line":315},"24":{"loc":{"start":{"line":316,"column":31},"end":{"line":316,"column":82}},"type":"cond-expr","locations":[{"start":{"line":316,"column":57},"end":{"line":316,"column":71}},{"start":{"line":316,"column":74},"end":{"line":316,"column":82}}],"line":316},"25":{"loc":{"start":{"line":320,"column":38},"end":{"line":320,"column":80}},"type":"cond-expr","locations":[{"start":{"line":320,"column":64},"end":{"line":320,"column":71}},{"start":{"line":320,"column":74},"end":{"line":320,"column":80}}],"line":320},"26":{"loc":{"start":{"line":335,"column":35},"end":{"line":335,"column":89}},"type":"cond-expr","locations":[{"start":{"line":335,"column":55},"end":{"line":335,"column":69}},{"start":{"line":335,"column":72},"end":{"line":335,"column":89}}],"line":335},"27":{"loc":{"start":{"line":336,"column":31},"end":{"line":336,"column":76}},"type":"cond-expr","locations":[{"start":{"line":336,"column":51},"end":{"line":336,"column":65}},{"start":{"line":336,"column":68},"end":{"line":336,"column":76}}],"line":336},"28":{"loc":{"start":{"line":340,"column":38},"end":{"line":340,"column":74}},"type":"cond-expr","locations":[{"start":{"line":340,"column":58},"end":{"line":340,"column":65}},{"start":{"line":340,"column":68},"end":{"line":340,"column":74}}],"line":340}},"s":{"0":0,"1":0,"2":0,"3":0,"4":0,"5":0,"6":0,"7":0,"8":0,"9":0,"10":0,"11":0,"12":0,"13":0,"14":0,"15":0,"16":0,"17":0,"18":0,"19":0,"20":0,"21":0,"22":0,"23":0,"24":0,"25":0,"26":0,"27":0,"28":0,"29":0,"30":0,"31":0,"32":0,"33":0,"34":0,"35":0,"36":0,"37":0,"38":0,"39":0,"40":0,"41":0,"42":0,"43":0,"44":0,"45":0,"46":0,"47":0,"48":0,"49":0,"50":0,"51":0,"52":0,"53":0,"54":0,"55":0,"56":0,"57":0,"58":0,"59":0,"60":0,"61":0,"62":0,"63":0,"64":0,"65":0,"66":0,"67":0,"68":0,"69":0,"70":0,"71":0,"72":0,"73":0},"f":{"0":0,"1":0,"2":0,"3":0,"4":0,"5":0,"6":0,"7":0,"8":0,"9":0,"10":0,"11":0,"12":0,"13":0,"14":0,"15":0,"16":0,"17":0,"18":0,"19":0,"20":0,"21":0,"22":0,"23":0,"24":0,"25":0,"26":0},"b":{"0":[0,0],"1":[0,0,0],"2":[0,0],"3":[0,0],"4":[0,0],"5":[0,0],"6":[0,0,0,0],"7":[0,0],"8":[0,0],"9":[0,0],"10":[0,0],"11":[0,0],"12":[0,0,0],"13":[0,0],"14":[0,0],"15":[0,0],"16":[0,0],"17":[0,0],"18":[0,0],"19":[0,0],"20":[0,0],"21":[0,0],"22":[0,0],"23":[0,0],"24":[0,0],"25":[0,0],"26":[0,0],"27":[0,0],"28":[0,0]}}}}
