TN:
SF:expo-env.d.ts
FNF:0
FNH:0
LF:0
LH:0
BRF:0
BRH:0
end_of_record
TN:
SF:nativewind-env.d.ts
FNF:0
FNH:0
LF:0
LH:0
BRF:0
BRH:0
end_of_record
TN:
SF:.expo\types\router.d.ts
FNF:0
FNH:0
LF:0
LH:0
BRF:0
BRH:0
end_of_record
TN:
SF:app\_layout.tsx
FN:13,(anonymous_0)
FN:55,RootLayoutContent
FN:77,(anonymous_2)
FN:78,(anonymous_3)
FN:131,(anonymous_4)
FN:132,(anonymous_5)
FN:138,(anonymous_6)
FN:143,(anonymous_7)
FN:160,(anonymous_8)
FN:170,(anonymous_9)
FN:172,(anonymous_10)
FN:174,(anonymous_11)
FN:174,(anonymous_12)
FN:178,(anonymous_13)
FN:181,(anonymous_14)
FN:202,RootLayout
FNF:16
FNH:0
FNDA:0,(anonymous_0)
FNDA:0,RootLayoutContent
FNDA:0,(anonymous_2)
FNDA:0,(anonymous_3)
FNDA:0,(anonymous_4)
FNDA:0,(anonymous_5)
FNDA:0,(anonymous_6)
FNDA:0,(anonymous_7)
FNDA:0,(anonymous_8)
FNDA:0,(anonymous_9)
FNDA:0,(anonymous_10)
FNDA:0,(anonymous_11)
FNDA:0,(anonymous_12)
FNDA:0,(anonymous_13)
FNDA:0,(anonymous_14)
FNDA:0,RootLayout
DA:13,0
DA:39,0
DA:40,0
DA:41,0
DA:48,0
DA:56,0
DA:57,0
DA:58,0
DA:59,0
DA:60,0
DA:61,0
DA:62,0
DA:63,0
DA:64,0
DA:65,0
DA:66,0
DA:73,0
DA:74,0
DA:75,0
DA:77,0
DA:78,0
DA:80,0
DA:81,0
DA:82,0
DA:83,0
DA:87,0
DA:90,0
DA:91,0
DA:92,0
DA:96,0
DA:97,0
DA:98,0
DA:102,0
DA:103,0
DA:105,0
DA:106,0
DA:107,0
DA:114,0
DA:117,0
DA:120,0
DA:121,0
DA:122,0
DA:126,0
DA:128,0
DA:131,0
DA:132,0
DA:133,0
DA:134,0
DA:138,0
DA:139,0
DA:143,0
DA:144,0
DA:146,0
DA:148,0
DA:149,0
DA:150,0
DA:151,0
DA:155,0
DA:156,0
DA:159,0
DA:160,0
DA:163,0
DA:171,0
DA:172,0
DA:174,0
DA:181,0
DA:203,0
LF:67
LH:0
BRDA:40,0,0,0
BRDA:40,0,1,0
BRDA:73,1,0,0
BRDA:73,1,1,0
BRDA:75,2,0,0
BRDA:75,2,1,0
BRDA:82,3,0,0
BRDA:82,3,1,0
BRDA:91,4,0,0
BRDA:91,4,1,0
BRDA:97,5,0,0
BRDA:97,5,1,0
BRDA:97,6,0,0
BRDA:97,6,1,0
BRDA:102,7,0,0
BRDA:102,7,1,0
BRDA:121,8,0,0
BRDA:121,8,1,0
BRDA:133,9,0,0
BRDA:133,9,1,0
BRDA:144,10,0,0
BRDA:144,10,1,0
BRDA:144,11,0,0
BRDA:144,11,1,0
BRDA:144,11,2,0
BRDA:148,12,0,0
BRDA:148,12,1,0
BRDA:148,13,0,0
BRDA:148,13,1,0
BRDA:150,14,0,0
BRDA:150,14,1,0
BRDA:150,15,0,0
BRDA:150,15,1,0
BRDA:155,16,0,0
BRDA:155,16,1,0
BRDA:155,17,0,0
BRDA:155,17,1,0
BRDA:155,17,2,0
BRDA:159,18,0,0
BRDA:159,18,1,0
BRDA:164,19,0,0
BRDA:164,19,1,0
BRDA:176,20,0,0
BRDA:176,20,1,0
BRDA:176,21,0,0
BRDA:176,21,1,0
BRDA:188,22,0,0
BRDA:188,22,1,0
BRDA:195,23,0,0
BRDA:195,23,1,0
BRDA:208,24,0,0
BRDA:208,24,1,0
BRDA:212,25,0,0
BRDA:212,25,1,0
BRF:54
BRH:0
end_of_record
TN:
SF:app\ai-tutor.tsx
FN:30,AITutorScreen
FN:41,(anonymous_1)
FN:43,(anonymous_2)
FN:49,(anonymous_3)
FN:69,(anonymous_4)
FN:83,(anonymous_5)
FN:102,(anonymous_6)
FN:155,(anonymous_7)
FN:175,(anonymous_8)
FN:204,(anonymous_9)
FN:207,(anonymous_10)
FN:227,(anonymous_11)
FN:262,(anonymous_12)
FNF:13
FNH:0
FNDA:0,AITutorScreen
FNDA:0,(anonymous_1)
FNDA:0,(anonymous_2)
FNDA:0,(anonymous_3)
FNDA:0,(anonymous_4)
FNDA:0,(anonymous_5)
FNDA:0,(anonymous_6)
FNDA:0,(anonymous_7)
FNDA:0,(anonymous_8)
FNDA:0,(anonymous_9)
FNDA:0,(anonymous_10)
FNDA:0,(anonymous_11)
FNDA:0,(anonymous_12)
DA:24,0
DA:31,0
DA:32,0
DA:33,0
DA:34,0
DA:36,0
DA:37,0
DA:38,0
DA:41,0
DA:42,0
DA:43,0
DA:44,0
DA:49,0
DA:50,0
DA:51,0
DA:52,0
DA:54,0
DA:55,0
DA:58,0
DA:59,0
DA:60,0
DA:61,0
DA:62,0
DA:65,0
DA:66,0
DA:69,0
DA:70,0
DA:77,0
DA:78,0
DA:79,0
DA:83,0
DA:84,0
DA:85,0
DA:86,0
DA:87,0
DA:90,0
DA:96,0
DA:97,0
DA:98,0
DA:102,0
DA:103,0
DA:104,0
DA:106,0
DA:144,0
DA:155,0
DA:175,0
DA:205,0
DA:207,0
DA:227,0
DA:262,0
LF:50
LH:0
BRDA:42,0,0,0
BRDA:42,0,1,0
BRDA:42,1,0,0
BRDA:42,1,1,0
BRDA:52,2,0,0
BRDA:52,2,1,0
BRDA:52,3,0,0
BRDA:52,3,1,0
BRDA:59,4,0,0
BRDA:59,4,1,0
BRDA:59,5,0,0
BRDA:59,5,1,0
BRDA:61,6,0,0
BRDA:61,6,1,0
BRDA:61,7,0,0
BRDA:61,7,1,0
BRDA:77,8,0,0
BRDA:77,8,1,0
BRDA:85,9,0,0
BRDA:85,9,1,0
BRDA:96,10,0,0
BRDA:96,10,1,0
BRDA:109,11,0,0
BRDA:109,11,1,0
BRDA:110,12,0,0
BRDA:110,12,1,0
BRDA:112,13,0,0
BRDA:112,13,1,0
BRDA:120,14,0,0
BRDA:120,14,1,0
BRDA:124,15,0,0
BRDA:124,15,1,0
BRDA:128,16,0,0
BRDA:128,16,1,0
BRDA:135,17,0,0
BRDA:135,17,1,0
BRDA:147,18,0,0
BRDA:147,18,1,0
BRDA:180,19,0,0
BRDA:180,19,1,0
BRDA:199,20,0,0
BRDA:199,20,1,0
BRDA:201,21,0,0
BRDA:201,21,1,0
BRDA:201,21,2,0
BRDA:219,22,0,0
BRDA:219,22,1,0
BRDA:260,23,0,0
BRDA:260,23,1,0
BRDA:260,24,0,0
BRDA:260,24,1,0
BRDA:260,25,0,0
BRDA:260,25,1,0
BRDA:263,26,0,0
BRDA:263,26,1,0
BRDA:263,26,2,0
BRDA:265,27,0,0
BRDA:265,27,1,0
BRDA:265,28,0,0
BRDA:265,28,1,0
BRF:60
BRH:0
end_of_record
TN:
SF:app\(auth)\_layout.tsx
FN:3,AuthLayout
FNF:1
FNH:0
FNDA:0,AuthLayout
DA:4,0
LF:1
LH:0
BRF:0
BRH:0
end_of_record
TN:
SF:app\(auth)\login.tsx
FN:35,LoginScreen
FN:47,(anonymous_1)
FN:67,(anonymous_2)
FN:67,(anonymous_3)
FN:68,(anonymous_4)
FN:68,(anonymous_5)
FN:114,(anonymous_6)
FN:133,(anonymous_7)
FN:161,(anonymous_8)
FNF:9
FNH:0
FNDA:0,LoginScreen
FNDA:0,(anonymous_1)
FNDA:0,(anonymous_2)
FNDA:0,(anonymous_3)
FNDA:0,(anonymous_4)
FNDA:0,(anonymous_5)
FNDA:0,(anonymous_6)
FNDA:0,(anonymous_7)
FNDA:0,(anonymous_8)
DA:25,0
DA:33,0
DA:36,0
DA:37,0
DA:38,0
DA:39,0
DA:40,0
DA:42,0
DA:47,0
DA:48,0
DA:49,0
DA:51,0
DA:52,0
DA:56,0
DA:67,0
DA:68,0
DA:115,0
DA:134,0
DA:161,0
LF:19
LH:0
BRDA:51,0,0,0
BRDA:51,0,1,0
BRDA:58,1,0,0
BRDA:58,1,1,0
BRDA:87,2,0,0
BRDA:87,2,1,0
BRF:6
BRH:0
end_of_record
TN:
SF:app\(auth)\register.tsx
FN:35,(anonymous_0)
FN:45,RegisterScreen
FN:62,(anonymous_2)
FN:87,(anonymous_3)
FN:87,(anonymous_4)
FN:88,(anonymous_5)
FN:88,(anonymous_6)
FN:132,(anonymous_7)
FN:151,(anonymous_8)
FN:170,(anonymous_9)
FN:187,(anonymous_10)
FN:214,(anonymous_11)
FNF:12
FNH:0
FNDA:0,(anonymous_0)
FNDA:0,RegisterScreen
FNDA:0,(anonymous_2)
FNDA:0,(anonymous_3)
FNDA:0,(anonymous_4)
FNDA:0,(anonymous_5)
FNDA:0,(anonymous_6)
FNDA:0,(anonymous_7)
FNDA:0,(anonymous_8)
FNDA:0,(anonymous_9)
FNDA:0,(anonymous_10)
FNDA:0,(anonymous_11)
DA:22,0
DA:35,0
DA:43,0
DA:46,0
DA:47,0
DA:48,0
DA:49,0
DA:51,0
DA:62,0
DA:63,0
DA:64,0
DA:71,0
DA:72,0
DA:76,0
DA:87,0
DA:88,0
DA:133,0
DA:152,0
DA:171,0
DA:188,0
DA:214,0
LF:21
LH:0
BRDA:71,0,0,0
BRDA:71,0,1,0
BRDA:78,1,0,0
BRDA:78,1,1,0
BRDA:107,2,0,0
BRDA:107,2,1,0
BRF:6
BRH:0
end_of_record
TN:
SF:app\(tabs)\_layout.tsx
FN:13,TabLayout
FN:15,(anonymous_1)
FN:59,(anonymous_2)
FN:69,(anonymous_3)
FN:88,(anonymous_4)
FN:98,(anonymous_5)
FNF:6
FNH:0
FNDA:0,TabLayout
FNDA:0,(anonymous_1)
FNDA:0,(anonymous_2)
FNDA:0,(anonymous_3)
FNDA:0,(anonymous_4)
FNDA:0,(anonymous_5)
DA:14,0
DA:15,0
DA:16,0
DA:17,0
DA:19,0
DA:60,0
DA:70,0
DA:89,0
DA:99,0
DA:100,0
DA:101,0
DA:118,0
LF:12
LH:0
BRDA:26,0,0,0
BRDA:26,0,1,0
BRDA:36,1,0,0
BRDA:36,1,1,0
BRDA:37,2,0,0
BRDA:37,2,1,0
BRDA:38,3,0,0
BRDA:38,3,1,0
BRDA:39,4,0,0
BRDA:39,4,1,0
BRDA:41,5,0,0
BRDA:41,5,1,0
BRDA:44,6,0,0
BRDA:44,6,1,0
BRDA:60,7,0,0
BRDA:60,7,1,0
BRDA:70,8,0,0
BRDA:70,8,1,0
BRDA:79,9,0,0
BRDA:79,9,1,0
BRDA:89,10,0,0
BRDA:89,10,1,0
BRDA:99,11,0,0
BRDA:99,11,1,0
BRDA:100,12,0,0
BRDA:100,12,1,0
BRDA:100,13,0,0
BRDA:100,13,1,0
BRDA:100,13,2,0
BRDA:105,14,0,0
BRDA:105,14,1,0
BRDA:118,15,0,0
BRDA:118,15,1,0
BRF:33
BRH:0
end_of_record
TN:
SF:app\(tabs)\bookmarks.tsx
FN:16,BookmarksScreen
FN:25,(anonymous_1)
FN:27,(anonymous_2)
FN:28,(anonymous_3)
FN:32,(anonymous_4)
FN:36,(anonymous_5)
FN:42,(anonymous_6)
FN:46,(anonymous_7)
FN:63,(anonymous_8)
FN:67,(anonymous_9)
FN:71,(anonymous_10)
FN:72,(anonymous_11)
FN:78,(anonymous_12)
FN:79,(anonymous_13)
FN:87,(anonymous_14)
FN:101,(anonymous_15)
FN:112,(anonymous_16)
FN:148,(anonymous_17)
FN:160,(anonymous_18)
FN:168,(anonymous_19)
FNF:20
FNH:0
FNDA:0,BookmarksScreen
FNDA:0,(anonymous_1)
FNDA:0,(anonymous_2)
FNDA:0,(anonymous_3)
FNDA:0,(anonymous_4)
FNDA:0,(anonymous_5)
FNDA:0,(anonymous_6)
FNDA:0,(anonymous_7)
FNDA:0,(anonymous_8)
FNDA:0,(anonymous_9)
FNDA:0,(anonymous_10)
FNDA:0,(anonymous_11)
FNDA:0,(anonymous_12)
FNDA:0,(anonymous_13)
FNDA:0,(anonymous_14)
FNDA:0,(anonymous_15)
FNDA:0,(anonymous_16)
FNDA:0,(anonymous_17)
FNDA:0,(anonymous_18)
FNDA:0,(anonymous_19)
DA:17,0
DA:18,0
DA:19,0
DA:20,0
DA:21,0
DA:23,0
DA:24,0
DA:25,0
DA:27,0
DA:28,0
DA:32,0
DA:33,0
DA:36,0
DA:37,0
DA:38,0
DA:39,0
DA:42,0
DA:43,0
DA:44,0
DA:46,0
DA:47,0
DA:48,0
DA:49,0
DA:50,0
DA:51,0
DA:54,0
DA:55,0
DA:56,0
DA:57,0
DA:62,0
DA:63,0
DA:67,0
DA:68,0
DA:71,0
DA:72,0
DA:78,0
DA:87,0
DA:88,0
DA:91,0
DA:93,0
DA:94,0
DA:101,0
DA:107,0
DA:112,0
DA:148,0
DA:160,0
DA:168,0
LF:47
LH:0
BRDA:43,0,0,0
BRDA:43,0,1,0
BRDA:47,1,0,0
BRDA:47,1,1,0
BRDA:50,2,0,0
BRDA:50,2,1,0
BRDA:54,3,0,0
BRDA:54,3,1,0
BRDA:91,4,0,0
BRDA:91,4,1,0
BRDA:93,5,0,0
BRDA:93,5,1,0
BRDA:136,6,0,0
BRDA:136,6,1,0
BRF:14
BRH:0
end_of_record
TN:
SF:app\(tabs)\explore.tsx
FN:32,useExploreLogic
FN:42,(anonymous_1)
FN:44,(anonymous_2)
FN:47,(anonymous_3)
FN:64,(anonymous_4)
FN:72,(anonymous_5)
FN:79,(anonymous_6)
FN:84,(anonymous_7)
FN:88,(anonymous_8)
FN:95,(anonymous_9)
FN:125,TechExploreScreen
FN:151,(anonymous_11)
FN:154,(anonymous_12)
FN:158,(anonymous_13)
FN:169,(anonymous_14)
FN:178,(anonymous_15)
FN:204,(anonymous_16)
FN:209,(anonymous_17)
FN:244,(anonymous_18)
FN:280,(anonymous_19)
FN:287,(anonymous_20)
FN:290,(anonymous_21)
FN:307,(anonymous_22)
FN:310,(anonymous_23)
FN:327,(anonymous_24)
FN:330,(anonymous_25)
FN:347,(anonymous_26)
FNF:27
FNH:0
FNDA:0,useExploreLogic
FNDA:0,(anonymous_1)
FNDA:0,(anonymous_2)
FNDA:0,(anonymous_3)
FNDA:0,(anonymous_4)
FNDA:0,(anonymous_5)
FNDA:0,(anonymous_6)
FNDA:0,(anonymous_7)
FNDA:0,(anonymous_8)
FNDA:0,(anonymous_9)
FNDA:0,TechExploreScreen
FNDA:0,(anonymous_11)
FNDA:0,(anonymous_12)
FNDA:0,(anonymous_13)
FNDA:0,(anonymous_14)
FNDA:0,(anonymous_15)
FNDA:0,(anonymous_16)
FNDA:0,(anonymous_17)
FNDA:0,(anonymous_18)
FNDA:0,(anonymous_19)
FNDA:0,(anonymous_20)
FNDA:0,(anonymous_21)
FNDA:0,(anonymous_22)
FNDA:0,(anonymous_23)
FNDA:0,(anonymous_24)
FNDA:0,(anonymous_25)
FNDA:0,(anonymous_26)
DA:19,0
DA:29,0
DA:30,0
DA:33,0
DA:34,0
DA:35,0
DA:36,0
DA:37,0
DA:38,0
DA:39,0
DA:40,0
DA:42,0
DA:43,0
DA:44,0
DA:47,0
DA:49,0
DA:54,0
DA:57,0
DA:60,0
DA:63,0
DA:65,0
DA:66,0
DA:67,0
DA:68,0
DA:72,0
DA:73,0
DA:74,0
DA:75,0
DA:79,0
DA:80,0
DA:81,0
DA:84,0
DA:85,0
DA:88,0
DA:89,0
DA:90,0
DA:91,0
DA:92,0
DA:95,0
DA:96,0
DA:99,0
DA:101,0
DA:147,0
DA:148,0
DA:150,0
DA:151,0
DA:153,0
DA:154,0
DA:158,0
DA:159,0
DA:169,0
DA:170,0
DA:178,0
DA:205,0
DA:206,0
DA:209,0
DA:236,0
DA:244,0
DA:280,0
DA:288,0
DA:291,0
DA:292,0
DA:308,0
DA:311,0
DA:312,0
DA:328,0
DA:331,0
DA:332,0
DA:347,0
LF:69
LH:0
BRDA:43,0,0,0
BRDA:43,0,1,0
BRDA:49,1,0,0
BRDA:49,1,1,0
BRDA:49,1,2,0
BRDA:54,2,0,0
BRDA:54,2,1,0
BRDA:57,3,0,0
BRDA:57,3,1,0
BRDA:60,4,0,0
BRDA:60,4,1,0
BRDA:61,5,0,0
BRDA:61,5,1,0
BRDA:63,6,0,0
BRDA:63,6,1,0
BRDA:63,6,2,0
BRDA:63,6,3,0
BRDA:65,7,0,0
BRDA:65,7,1,0
BRDA:66,8,0,0
BRDA:66,8,1,0
BRDA:67,9,0,0
BRDA:67,9,1,0
BRDA:74,10,0,0
BRDA:74,10,1,0
BRDA:99,11,0,0
BRDA:99,11,1,0
BRDA:181,12,0,0
BRDA:181,12,1,0
BRDA:181,12,2,0
BRDA:211,13,0,0
BRDA:211,13,1,0
BRDA:212,14,0,0
BRDA:212,14,1,0
BRDA:217,15,0,0
BRDA:217,15,1,0
BRDA:229,16,0,0
BRDA:229,16,1,0
BRDA:229,17,0,0
BRDA:229,17,1,0
BRDA:238,18,0,0
BRDA:238,18,1,0
BRDA:274,19,0,0
BRDA:274,19,1,0
BRDA:295,20,0,0
BRDA:295,20,1,0
BRDA:296,21,0,0
BRDA:296,21,1,0
BRDA:300,22,0,0
BRDA:300,22,1,0
BRDA:315,23,0,0
BRDA:315,23,1,0
BRDA:316,24,0,0
BRDA:316,24,1,0
BRDA:320,25,0,0
BRDA:320,25,1,0
BRDA:335,26,0,0
BRDA:335,26,1,0
BRDA:336,27,0,0
BRDA:336,27,1,0
BRDA:340,28,0,0
BRDA:340,28,1,0
BRF:62
BRH:0
end_of_record
TN:
SF:app\(tabs)\index.tsx
FN:18,useHomeLogic
FN:21,(anonymous_1)
FN:40,(anonymous_2)
FN:41,(anonymous_3)
FN:49,(anonymous_4)
FN:57,(anonymous_5)
FN:61,(anonymous_6)
FN:62,(anonymous_7)
FN:88,HomeScreen
FN:106,(anonymous_9)
FN:117,(anonymous_10)
FN:119,(anonymous_11)
FN:127,(anonymous_12)
FN:169,(anonymous_13)
FN:173,(anonymous_14)
FN:210,(anonymous_15)
FN:241,(anonymous_16)
FN:273,(anonymous_17)
FN:294,(anonymous_18)
FN:310,(anonymous_19)
FNF:20
FNH:0
FNDA:0,useHomeLogic
FNDA:0,(anonymous_1)
FNDA:0,(anonymous_2)
FNDA:0,(anonymous_3)
FNDA:0,(anonymous_4)
FNDA:0,(anonymous_5)
FNDA:0,(anonymous_6)
FNDA:0,(anonymous_7)
FNDA:0,HomeScreen
FNDA:0,(anonymous_9)
FNDA:0,(anonymous_10)
FNDA:0,(anonymous_11)
FNDA:0,(anonymous_12)
FNDA:0,(anonymous_13)
FNDA:0,(anonymous_14)
FNDA:0,(anonymous_15)
FNDA:0,(anonymous_16)
FNDA:0,(anonymous_17)
FNDA:0,(anonymous_18)
FNDA:0,(anonymous_19)
DA:19,0
DA:20,0
DA:21,0
DA:36,0
DA:38,0
DA:40,0
DA:41,0
DA:42,0
DA:43,0
DA:44,0
DA:46,0
DA:49,0
DA:50,0
DA:51,0
DA:52,0
DA:53,0
DA:54,0
DA:57,0
DA:58,0
DA:61,0
DA:62,0
DA:66,0
DA:68,0
DA:103,0
DA:104,0
DA:106,0
DA:107,0
DA:117,0
DA:118,0
DA:119,0
DA:120,0
DA:121,0
DA:124,0
DA:127,0
DA:128,0
DA:170,0
DA:173,0
DA:211,0
DA:241,0
DA:242,0
DA:243,0
DA:254,0
DA:273,0
DA:295,0
DA:310,0
LF:45
LH:0
BRDA:62,0,0,0
BRDA:62,0,1,0
BRDA:66,1,0,0
BRDA:66,1,1,0
BRDA:120,2,0,0
BRDA:120,2,1,0
BRDA:140,3,0,0
BRDA:140,3,1,0
BRDA:155,4,0,0
BRDA:155,4,1,0
BRDA:181,5,0,0
BRDA:181,5,1,0
BRDA:191,6,0,0
BRDA:191,6,1,0
BRDA:200,7,0,0
BRDA:200,7,1,0
BRDA:242,8,0,0
BRDA:242,8,1,0
BRDA:262,9,0,0
BRDA:262,9,1,0
BRDA:262,9,2,0
BRDA:262,9,3,0
BRDA:268,10,0,0
BRDA:268,10,1,0
BRDA:280,11,0,0
BRDA:280,11,1,0
BRDA:280,12,0,0
BRDA:280,12,1,0
BRF:28
BRH:0
end_of_record
TN:
SF:app\(tabs)\profile.tsx
FN:26,ProfileScreen
FN:44,(anonymous_1)
FN:62,(anonymous_2)
FN:63,(anonymous_3)
FN:70,(anonymous_4)
FN:92,(anonymous_5)
FN:103,(anonymous_6)
FN:157,(anonymous_7)
FN:165,(anonymous_8)
FN:183,(anonymous_9)
FN:185,(anonymous_10)
FN:187,(anonymous_11)
FN:187,(anonymous_12)
FN:191,(anonymous_13)
FN:193,(anonymous_14)
FN:227,(anonymous_15)
FN:313,(anonymous_16)
FNF:17
FNH:0
FNDA:0,ProfileScreen
FNDA:0,(anonymous_1)
FNDA:0,(anonymous_2)
FNDA:0,(anonymous_3)
FNDA:0,(anonymous_4)
FNDA:0,(anonymous_5)
FNDA:0,(anonymous_6)
FNDA:0,(anonymous_7)
FNDA:0,(anonymous_8)
FNDA:0,(anonymous_9)
FNDA:0,(anonymous_10)
FNDA:0,(anonymous_11)
FNDA:0,(anonymous_12)
FNDA:0,(anonymous_13)
FNDA:0,(anonymous_14)
FNDA:0,(anonymous_15)
FNDA:0,(anonymous_16)
DA:27,0
DA:28,0
DA:29,0
DA:30,0
DA:31,0
DA:32,0
DA:33,0
DA:34,0
DA:42,0
DA:44,0
DA:45,0
DA:46,0
DA:47,0
DA:48,0
DA:49,0
DA:53,0
DA:57,0
DA:58,0
DA:59,0
DA:60,0
DA:62,0
DA:63,0
DA:64,0
DA:65,0
DA:67,0
DA:70,0
DA:71,0
DA:72,0
DA:73,0
DA:75,0
DA:76,0
DA:83,0
DA:87,0
DA:88,0
DA:89,0
DA:92,0
DA:93,0
DA:103,0
DA:104,0
DA:105,0
DA:107,0
DA:108,0
DA:115,0
DA:118,0
DA:119,0
DA:120,0
DA:121,0
DA:128,0
DA:132,0
DA:139,0
DA:140,0
DA:141,0
DA:142,0
DA:143,0
DA:146,0
DA:147,0
DA:157,0
DA:158,0
DA:159,0
DA:160,0
DA:161,0
DA:162,0
DA:165,0
DA:166,0
DA:169,0
DA:171,0
DA:175,0
DA:184,0
DA:185,0
DA:187,0
DA:191,0
DA:194,0
DA:195,0
DA:228,0
DA:314,0
DA:315,0
LF:76
LH:0
BRDA:45,0,0,0
BRDA:45,0,1,0
BRDA:53,1,0,0
BRDA:53,1,1,0
BRDA:57,2,0,0
BRDA:57,2,1,0
BRDA:58,3,0,0
BRDA:58,3,1,0
BRDA:71,4,0,0
BRDA:71,4,1,0
BRDA:75,5,0,0
BRDA:75,5,1,0
BRDA:75,6,0,0
BRDA:75,6,1,0
BRDA:107,7,0,0
BRDA:107,7,1,0
BRDA:118,8,0,0
BRDA:118,8,1,0
BRDA:120,9,0,0
BRDA:120,9,1,0
BRDA:139,10,0,0
BRDA:139,10,1,0
BRDA:139,11,0,0
BRDA:139,11,1,0
BRDA:139,11,2,0
BRDA:169,12,0,0
BRDA:169,12,1,0
BRF:27
BRH:0
end_of_record
TN:
SF:app\course\[id]\content.tsx
FN:29,CourseContentScreen
FN:52,(anonymous_1)
FN:55,(anonymous_2)
FN:63,(anonymous_3)
FN:68,(anonymous_4)
FN:79,(anonymous_5)
FN:92,(anonymous_6)
FN:102,(anonymous_7)
FN:118,(anonymous_8)
FN:121,(anonymous_9)
FN:134,(anonymous_10)
FN:147,(anonymous_11)
FN:167,(anonymous_12)
FN:169,(anonymous_13)
FN:171,(anonymous_14)
FN:171,(anonymous_15)
FN:175,(anonymous_16)
FN:192,(anonymous_17)
FN:195,(anonymous_18)
FN:204,(anonymous_19)
FN:206,(anonymous_20)
FN:211,(anonymous_21)
FN:215,(anonymous_22)
FN:227,(anonymous_23)
FN:240,(anonymous_24)
FN:250,(anonymous_25)
FNF:26
FNH:0
FNDA:0,CourseContentScreen
FNDA:0,(anonymous_1)
FNDA:0,(anonymous_2)
FNDA:0,(anonymous_3)
FNDA:0,(anonymous_4)
FNDA:0,(anonymous_5)
FNDA:0,(anonymous_6)
FNDA:0,(anonymous_7)
FNDA:0,(anonymous_8)
FNDA:0,(anonymous_9)
FNDA:0,(anonymous_10)
FNDA:0,(anonymous_11)
FNDA:0,(anonymous_12)
FNDA:0,(anonymous_13)
FNDA:0,(anonymous_14)
FNDA:0,(anonymous_15)
FNDA:0,(anonymous_16)
FNDA:0,(anonymous_17)
FNDA:0,(anonymous_18)
FNDA:0,(anonymous_19)
FNDA:0,(anonymous_20)
FNDA:0,(anonymous_21)
FNDA:0,(anonymous_22)
FNDA:0,(anonymous_23)
FNDA:0,(anonymous_24)
FNDA:0,(anonymous_25)
DA:30,0
DA:31,0
DA:32,0
DA:33,0
DA:34,0
DA:35,0
DA:37,0
DA:38,0
DA:39,0
DA:40,0
DA:41,0
DA:43,0
DA:52,0
DA:54,0
DA:55,0
DA:63,0
DA:64,0
DA:65,0
DA:68,0
DA:69,0
DA:70,0
DA:79,0
DA:80,0
DA:81,0
DA:82,0
DA:83,0
DA:84,0
DA:85,0
DA:86,0
DA:92,0
DA:94,0
DA:95,0
DA:98,0
DA:102,0
DA:103,0
DA:104,0
DA:105,0
DA:106,0
DA:107,0
DA:109,0
DA:118,0
DA:119,0
DA:121,0
DA:122,0
DA:123,0
DA:127,0
DA:129,0
DA:130,0
DA:134,0
DA:148,0
DA:149,0
DA:159,0
DA:168,0
DA:169,0
DA:171,0
DA:175,0
DA:193,0
DA:196,0
DA:204,0
DA:208,0
DA:212,0
DA:216,0
DA:228,0
DA:229,0
DA:240,0
DA:250,0
LF:66
LH:0
BRDA:56,0,0,0
BRDA:56,0,1,0
BRDA:64,1,0,0
BRDA:64,1,1,0
BRDA:69,2,0,0
BRDA:69,2,1,0
BRDA:82,3,0,0
BRDA:82,3,1,0
BRDA:94,4,0,0
BRDA:94,4,1,0
BRDA:103,5,0,0
BRDA:103,5,1,0
BRDA:122,6,0,0
BRDA:122,6,1,0
BRDA:122,7,0,0
BRDA:122,7,1,0
BRDA:127,8,0,0
BRDA:127,8,1,0
BRDA:129,9,0,0
BRDA:129,9,1,0
BRDA:243,10,0,0
BRDA:243,10,1,0
BRF:22
BRH:0
end_of_record
TN:
SF:app\course\[id]\index.tsx
FN:39,CourseDetailScreen
FN:50,(anonymous_1)
FN:65,(anonymous_2)
FN:67,(anonymous_3)
FN:73,(anonymous_4)
FN:80,(anonymous_5)
FN:84,(anonymous_6)
FN:92,(anonymous_7)
FN:97,(anonymous_8)
FN:109,(anonymous_9)
FN:115,(anonymous_10)
FN:130,(anonymous_11)
FN:132,(anonymous_12)
FN:134,(anonymous_13)
FN:134,(anonymous_14)
FN:142,(anonymous_15)
FN:177,(anonymous_16)
FN:180,(anonymous_17)
FN:217,(anonymous_18)
FN:223,(anonymous_19)
FN:240,(anonymous_20)
FN:257,(anonymous_21)
FN:261,(anonymous_22)
FN:290,(anonymous_23)
FN:316,(anonymous_24)
FN:323,(anonymous_25)
FN:337,(anonymous_26)
FN:345,(anonymous_27)
FN:376,(anonymous_28)
FN:401,(anonymous_29)
FNF:30
FNH:0
FNDA:0,CourseDetailScreen
FNDA:0,(anonymous_1)
FNDA:0,(anonymous_2)
FNDA:0,(anonymous_3)
FNDA:0,(anonymous_4)
FNDA:0,(anonymous_5)
FNDA:0,(anonymous_6)
FNDA:0,(anonymous_7)
FNDA:0,(anonymous_8)
FNDA:0,(anonymous_9)
FNDA:0,(anonymous_10)
FNDA:0,(anonymous_11)
FNDA:0,(anonymous_12)
FNDA:0,(anonymous_13)
FNDA:0,(anonymous_14)
FNDA:0,(anonymous_15)
FNDA:0,(anonymous_16)
FNDA:0,(anonymous_17)
FNDA:0,(anonymous_18)
FNDA:0,(anonymous_19)
FNDA:0,(anonymous_20)
FNDA:0,(anonymous_21)
FNDA:0,(anonymous_22)
FNDA:0,(anonymous_23)
FNDA:0,(anonymous_24)
FNDA:0,(anonymous_25)
FNDA:0,(anonymous_26)
FNDA:0,(anonymous_27)
FNDA:0,(anonymous_28)
FNDA:0,(anonymous_29)
DA:37,0
DA:40,0
DA:41,0
DA:42,0
DA:43,0
DA:44,0
DA:46,0
DA:47,0
DA:48,0
DA:50,0
DA:51,0
DA:52,0
DA:53,0
DA:55,0
DA:56,0
DA:65,0
DA:66,0
DA:67,0
DA:68,0
DA:69,0
DA:73,0
DA:74,0
DA:75,0
DA:79,0
DA:80,0
DA:84,0
DA:85,0
DA:86,0
DA:87,0
DA:92,0
DA:93,0
DA:94,0
DA:97,0
DA:98,0
DA:99,0
DA:100,0
DA:101,0
DA:103,0
DA:104,0
DA:105,0
DA:106,0
DA:109,0
DA:110,0
DA:111,0
DA:112,0
DA:115,0
DA:116,0
DA:117,0
DA:120,0
DA:122,0
DA:131,0
DA:132,0
DA:134,0
DA:142,0
DA:178,0
DA:181,0
DA:182,0
DA:217,0
DA:224,0
DA:241,0
DA:242,0
DA:258,0
DA:262,0
DA:263,0
DA:291,0
DA:292,0
DA:317,0
DA:324,0
DA:338,0
DA:346,0
DA:377,0
DA:378,0
DA:401,0
LF:73
LH:0
BRDA:68,0,0,0
BRDA:68,0,1,0
BRDA:74,1,0,0
BRDA:74,1,1,0
BRDA:85,2,0,0
BRDA:85,2,1,0
BRDA:99,3,0,0
BRDA:99,3,1,0
BRDA:120,4,0,0
BRDA:120,4,1,0
BRDA:136,5,0,0
BRDA:136,5,1,0
BRDA:155,6,0,0
BRDA:155,6,1,0
BRDA:157,7,0,0
BRDA:157,7,1,0
BRDA:166,8,0,0
BRDA:166,8,1,0
BRDA:171,9,0,0
BRDA:171,9,1,0
BRDA:184,10,0,0
BRDA:184,10,1,0
BRDA:188,11,0,0
BRDA:188,11,1,0
BRDA:199,12,0,0
BRDA:199,12,1,0
BRDA:203,13,0,0
BRDA:203,13,1,0
BRDA:214,14,0,0
BRDA:214,14,1,0
BRDA:218,15,0,0
BRDA:218,15,1,0
BRDA:233,16,0,0
BRDA:233,16,1,0
BRDA:262,17,0,0
BRDA:262,17,1,0
BRDA:267,18,0,0
BRDA:267,18,1,0
BRDA:267,19,0,0
BRDA:267,19,1,0
BRDA:268,20,0,0
BRDA:268,20,1,0
BRDA:270,21,0,0
BRDA:270,21,1,0
BRDA:271,22,0,0
BRDA:271,22,1,0
BRDA:281,23,0,0
BRDA:281,23,1,0
BRDA:310,24,0,0
BRDA:310,24,1,0
BRDA:320,25,0,0
BRDA:320,25,1,0
BRDA:327,26,0,0
BRDA:327,26,1,0
BRDA:327,27,0,0
BRDA:327,27,1,0
BRDA:327,28,0,0
BRDA:327,28,1,0
BRDA:346,29,0,0
BRDA:346,29,1,0
BRDA:346,30,0,0
BRDA:346,30,1,0
BRDA:371,31,0,0
BRDA:371,31,1,0
BRDA:375,32,0,0
BRDA:375,32,1,0
BRDA:375,33,0,0
BRDA:375,33,1,0
BRDA:388,34,0,0
BRDA:388,34,1,0
BRDA:393,35,0,0
BRDA:393,35,1,0
BRDA:395,36,0,0
BRDA:395,36,1,0
BRF:74
BRH:0
end_of_record
TN:
SF:app\instructor\[id].tsx
FN:13,InstructorProfileScreen
FN:21,(anonymous_1)
FN:22,(anonymous_2)
FN:31,(anonymous_3)
FN:38,(anonymous_4)
FN:56,(anonymous_5)
FN:121,(anonymous_6)
FNF:7
FNH:0
FNDA:0,InstructorProfileScreen
FNDA:0,(anonymous_1)
FNDA:0,(anonymous_2)
FNDA:0,(anonymous_3)
FNDA:0,(anonymous_4)
FNDA:0,(anonymous_5)
FNDA:0,(anonymous_6)
DA:14,0
DA:15,0
DA:16,0
DA:17,0
DA:19,0
DA:21,0
DA:22,0
DA:25,0
DA:27,0
DA:28,0
DA:31,0
DA:38,0
DA:39,0
DA:42,0
DA:56,0
DA:122,0
LF:16
LH:0
BRDA:27,0,0,0
BRDA:27,0,1,0
BRDA:50,1,0,0
BRDA:50,1,1,0
BRDA:75,2,0,0
BRDA:75,2,1,0
BRDA:86,3,0,0
BRDA:86,3,1,0
BRDA:90,4,0,0
BRDA:90,4,1,0
BRDA:101,5,0,0
BRDA:101,5,1,0
BRDA:106,6,0,0
BRDA:106,6,1,0
BRF:14
BRH:0
end_of_record
TN:
SF:core\api\client.ts
FN:24,wait
FN:25,(anonymous_1)
FN:28,getBackoffTime
FN:32,isRetryableStatus
FN:42,refreshAccessToken
FN:80,(anonymous_5)
FN:92,(anonymous_6)
FN:99,(anonymous_7)
FN:100,(anonymous_8)
FNF:9
FNH:1
FNDA:0,wait
FNDA:0,(anonymous_1)
FNDA:0,getBackoffTime
FNDA:0,isRetryableStatus
FNDA:0,refreshAccessToken
FNDA:3,(anonymous_5)
FNDA:0,(anonymous_6)
FNDA:0,(anonymous_7)
FNDA:0,(anonymous_8)
DA:6,2
DA:7,2
DA:8,2
DA:9,2
DA:11,2
DA:19,2
DA:25,0
DA:29,0
DA:33,0
DA:43,0
DA:44,0
DA:45,0
DA:48,0
DA:49,0
DA:55,0
DA:59,0
DA:61,0
DA:62,0
DA:65,0
DA:66,0
DA:68,0
DA:72,0
DA:74,0
DA:79,2
DA:81,3
DA:82,3
DA:83,1
DA:86,2
DA:87,2
DA:88,1
DA:90,2
DA:93,0
DA:98,2
DA:99,0
DA:102,0
DA:103,0
DA:104,0
DA:105,0
DA:106,0
DA:107,0
DA:109,0
DA:111,0
DA:112,0
DA:115,0
DA:116,0
DA:119,0
DA:123,0
DA:128,0
DA:129,0
DA:131,0
DA:132,0
DA:133,0
DA:134,0
DA:137,0
DA:138,0
DA:142,0
DA:146,0
DA:147,0
DA:149,0
DA:150,0
DA:151,0
DA:152,0
DA:156,0
DA:157,0
DA:160,0
LF:65
LH:15
BRDA:11,0,0,2
BRDA:11,0,1,2
BRDA:34,1,0,0
BRDA:34,1,1,0
BRDA:34,1,2,0
BRDA:34,1,3,0
BRDA:34,1,4,0
BRDA:44,2,0,0
BRDA:44,2,1,0
BRDA:59,3,0,0
BRDA:59,3,1,0
BRDA:61,4,0,0
BRDA:61,4,1,0
BRDA:82,5,0,1
BRDA:82,5,1,2
BRDA:87,6,0,1
BRDA:87,6,1,1
BRDA:87,7,0,2
BRDA:87,7,1,1
BRDA:111,8,0,0
BRDA:111,8,1,0
BRDA:115,9,0,0
BRDA:115,9,1,0
BRDA:123,10,0,0
BRDA:123,10,1,0
BRDA:124,11,0,0
BRDA:124,11,1,0
BRDA:124,11,2,0
BRDA:131,12,0,0
BRDA:131,12,1,0
BRDA:132,13,0,0
BRDA:132,13,1,0
BRDA:142,14,0,0
BRDA:142,14,1,0
BRDA:142,14,2,0
BRDA:146,15,0,0
BRDA:146,15,1,0
BRDA:147,16,0,0
BRDA:147,16,1,0
BRDA:149,17,0,0
BRDA:149,17,1,0
BRDA:156,18,0,0
BRDA:156,18,1,0
BRF:43
BRH:8
end_of_record
TN:
SF:core\services\analyticsService.ts
FN:23,(anonymous_0)
FN:25,(anonymous_1)
FN:32,(anonymous_2)
FN:41,(anonymous_3)
FN:69,(anonymous_4)
FNF:5
FNH:3
FNDA:4,(anonymous_0)
FNDA:4,(anonymous_1)
FNDA:0,(anonymous_2)
FNDA:9,(anonymous_3)
FNDA:0,(anonymous_4)
DA:21,4
DA:26,4
DA:27,4
DA:29,4
DA:33,0
DA:37,0
DA:38,0
DA:42,9
DA:43,9
DA:46,9
DA:47,9
DA:51,9
DA:59,9
DA:60,9
DA:61,9
DA:62,9
DA:63,9
DA:65,0
DA:70,0
DA:71,0
DA:72,0
DA:74,0
DA:79,4
LF:23
LH:15
BRDA:26,0,0,4
BRDA:26,0,1,0
BRDA:33,1,0,0
BRDA:33,1,1,0
BRDA:46,2,0,9
BRDA:46,2,1,0
BRDA:61,3,0,1
BRDA:61,3,1,8
BRDA:72,4,0,0
BRDA:72,4,1,0
BRF:10
BRH:4
end_of_record
TN:
SF:core\services\unsplashService.ts
FN:15,(anonymous_0)
FN:19,(anonymous_1)
FN:47,(anonymous_2)
FNF:3
FNH:0
FNDA:0,(anonymous_0)
FNDA:0,(anonymous_1)
FNDA:0,(anonymous_2)
DA:1,0
DA:15,0
DA:16,0
DA:18,0
DA:19,0
DA:30,0
DA:39,0
DA:40,0
DA:42,0
DA:43,0
DA:47,0
DA:48,0
DA:49,0
DA:50,0
LF:14
LH:0
BRDA:1,0,0,0
BRDA:1,0,1,0
BRDA:15,1,0,0
BRDA:15,2,0,0
BRDA:18,3,0,0
BRDA:18,3,1,0
BRDA:40,4,0,0
BRDA:40,4,1,0
BRF:8
BRH:0
end_of_record
TN:
SF:core\theme\colors.ts
FNF:0
FNH:0
DA:1,1
LF:1
LH:1
BRF:0
BRH:0
end_of_record
TN:
SF:core\theme\theme.ts
FNF:0
FNH:0
DA:3,0
DA:62,0
DA:73,0
DA:82,0
DA:93,0
DA:101,0
DA:126,0
DA:145,0
LF:8
LH:0
BRF:0
BRH:0
end_of_record
TN:
SF:core\theme\themeStore.ts
FN:13,(anonymous_0)
FN:15,(anonymous_1)
FN:19,(anonymous_2)
FNF:3
FNH:0
FNDA:0,(anonymous_0)
FNDA:0,(anonymous_1)
FNDA:0,(anonymous_2)
DA:11,0
DA:13,0
DA:15,0
DA:19,0
LF:4
LH:0
BRF:0
BRH:0
end_of_record
TN:
SF:core\theme\useTheme.ts
FN:12,useTheme
FNF:1
FNH:0
FNDA:0,useTheme
DA:13,0
DA:14,0
DA:16,0
DA:35,0
LF:4
LH:0
BRDA:26,0,0,0
BRDA:26,0,1,0
BRDA:27,1,0,0
BRDA:27,1,1,0
BRDA:28,2,0,0
BRDA:28,2,1,0
BRDA:29,3,0,0
BRDA:29,3,1,0
BRDA:30,4,0,0
BRDA:30,4,1,0
BRDA:31,5,0,0
BRDA:31,5,1,0
BRDA:32,6,0,0
BRDA:32,6,1,0
BRF:14
BRH:0
end_of_record
TN:
SF:features\ai\components\SmartSearch.tsx
FN:10,(anonymous_0)
FN:15,(anonymous_1)
FN:27,(anonymous_2)
FNF:3
FNH:0
FNDA:0,(anonymous_0)
FNDA:0,(anonymous_1)
FNDA:0,(anonymous_2)
DA:10,0
DA:11,0
DA:12,0
DA:13,0
DA:15,0
DA:16,0
DA:18,0
DA:19,0
DA:21,0
DA:22,0
DA:24,0
DA:27,0
DA:28,0
DA:29,0
DA:30,0
DA:33,0
LF:16
LH:0
BRDA:16,0,0,0
BRDA:16,0,1,0
BRDA:61,1,0,0
BRDA:61,1,1,0
BRDA:70,2,0,0
BRDA:70,2,1,0
BRDA:71,3,0,0
BRDA:71,3,1,0
BRDA:73,4,0,0
BRDA:73,4,1,0
BRF:10
BRH:0
end_of_record
TN:
SF:features\ai\services\groqAgent.ts
FN:15,(anonymous_0)
FN:17,(anonymous_1)
FN:52,(anonymous_2)
FN:62,(anonymous_3)
FN:148,(anonymous_4)
FN:151,(anonymous_5)
FN:170,(anonymous_6)
FN:176,(anonymous_7)
FN:179,(anonymous_8)
FNF:9
FNH:2
FNDA:0,(anonymous_0)
FNDA:0,(anonymous_1)
FNDA:0,(anonymous_2)
FNDA:0,(anonymous_3)
FNDA:0,(anonymous_4)
FNDA:0,(anonymous_5)
FNDA:0,(anonymous_6)
FNDA:1,(anonymous_7)
FNDA:2,(anonymous_8)
DA:8,1
DA:15,1
DA:16,0
DA:17,0
DA:27,1
DA:32,1
DA:52,1
DA:53,0
DA:56,0
DA:57,0
DA:60,0
DA:62,0
DA:66,0
DA:68,0
DA:70,0
DA:71,0
DA:75,0
DA:82,0
DA:85,0
DA:86,0
DA:88,0
DA:89,0
DA:90,0
DA:91,0
DA:101,0
DA:102,0
DA:104,0
DA:110,0
DA:111,0
DA:112,0
DA:113,0
DA:118,0
DA:119,0
DA:121,0
DA:127,0
DA:128,0
DA:129,0
DA:130,0
DA:135,0
DA:138,0
DA:141,0
DA:142,0
DA:143,0
DA:145,0
DA:146,0
DA:147,0
DA:148,0
DA:150,0
DA:151,0
DA:152,0
DA:153,0
DA:155,0
DA:157,0
DA:158,0
DA:159,0
DA:160,0
DA:162,0
DA:165,0
DA:166,0
DA:167,0
DA:169,0
DA:170,0
DA:171,0
DA:176,1
DA:177,1
DA:178,1
DA:179,2
DA:181,1
DA:196,1
DA:197,1
DA:198,1
DA:200,0
DA:201,0
LF:73
LH:13
BRDA:9,0,0,1
BRDA:9,0,1,1
BRDA:23,1,0,0
BRDA:23,1,1,0
BRDA:62,2,0,0
BRDA:62,2,1,0
BRDA:68,3,0,0
BRDA:68,3,1,0
BRDA:70,4,0,0
BRDA:70,4,1,0
BRDA:85,5,0,0
BRDA:85,5,1,0
BRDA:89,6,0,0
BRDA:89,6,1,0
BRDA:111,7,0,0
BRDA:111,7,1,0
BRDA:112,8,0,0
BRDA:112,8,1,0
BRDA:128,9,0,0
BRDA:128,9,1,0
BRDA:129,10,0,0
BRDA:129,10,1,0
BRDA:145,11,0,0
BRDA:145,11,1,0
BRDA:145,12,0,0
BRDA:145,12,1,0
BRDA:145,12,2,0
BRDA:150,13,0,0
BRDA:150,13,1,0
BRDA:150,14,0,0
BRDA:150,14,1,0
BRDA:152,15,0,0
BRDA:152,15,1,0
BRDA:153,16,0,0
BRDA:153,16,1,0
BRDA:157,17,0,0
BRDA:157,17,1,0
BRDA:157,18,0,0
BRDA:157,18,1,0
BRDA:159,19,0,0
BRDA:159,19,1,0
BRDA:159,20,0,0
BRDA:159,20,1,0
BRDA:196,21,0,1
BRDA:196,21,1,0
BRDA:198,22,0,1
BRDA:198,22,1,0
BRF:47
BRH:4
end_of_record
TN:
SF:features\ai\services\mockAgent.ts
FN:5,(anonymous_0)
FN:16,(anonymous_1)
FN:25,(anonymous_2)
FN:28,(anonymous_3)
FN:51,(anonymous_4)
FNF:5
FNH:0
FNDA:0,(anonymous_0)
FNDA:0,(anonymous_1)
FNDA:0,(anonymous_2)
FNDA:0,(anonymous_3)
FNDA:0,(anonymous_4)
DA:5,0
DA:6,0
DA:7,0
DA:10,0
DA:13,0
DA:16,0
DA:19,0
DA:20,0
DA:22,0
DA:23,0
DA:24,0
DA:25,0
DA:27,0
DA:28,0
DA:29,0
DA:30,0
DA:32,0
DA:34,0
DA:35,0
DA:36,0
DA:37,0
DA:39,0
DA:43,0
DA:46,0
DA:47,0
DA:49,0
DA:51,0
DA:52,0
LF:28
LH:0
BRDA:22,0,0,0
BRDA:22,0,1,0
BRDA:22,1,0,0
BRDA:22,1,1,0
BRDA:22,1,2,0
BRDA:27,2,0,0
BRDA:27,2,1,0
BRDA:27,3,0,0
BRDA:27,3,1,0
BRDA:29,4,0,0
BRDA:29,4,1,0
BRDA:30,5,0,0
BRDA:30,5,1,0
BRDA:34,6,0,0
BRDA:34,6,1,0
BRDA:34,7,0,0
BRDA:34,7,1,0
BRDA:36,8,0,0
BRDA:36,8,1,0
BRDA:36,9,0,0
BRDA:36,9,1,0
BRF:21
BRH:0
end_of_record
TN:
SF:features\ai\store\aiStore.ts
FN:19,(anonymous_0)
FN:30,(anonymous_1)
FN:32,(anonymous_2)
FN:38,(anonymous_3)
FN:38,(anonymous_4)
FN:39,(anonymous_5)
FN:44,(anonymous_6)
FN:46,(anonymous_7)
FNF:8
FNH:1
FNDA:1,(anonymous_0)
FNDA:0,(anonymous_1)
FNDA:0,(anonymous_2)
FNDA:0,(anonymous_3)
FNDA:0,(anonymous_4)
FNDA:0,(anonymous_5)
FNDA:0,(anonymous_6)
FNDA:0,(anonymous_7)
DA:19,1
DA:31,0
DA:32,0
DA:35,0
DA:38,0
DA:40,0
DA:44,0
DA:46,0
LF:8
LH:1
BRDA:40,0,0,0
BRDA:40,0,1,0
BRF:2
BRH:0
end_of_record
TN:
SF:features\auth\api\authApi.ts
FN:42,(anonymous_0)
FN:50,(anonymous_1)
FN:58,(anonymous_2)
FN:68,(anonymous_3)
FNF:4
FNH:4
FNDA:1,(anonymous_0)
FNDA:1,(anonymous_1)
FNDA:1,(anonymous_2)
FNDA:1,(anonymous_3)
DA:41,3
DA:43,1
DA:47,1
DA:51,1
DA:55,1
DA:59,1
DA:65,1
DA:69,1
DA:72,1
LF:9
LH:9
BRF:0
BRH:0
end_of_record
TN:
SF:features\auth\components\Profile\LevelProgress.tsx
FN:12,(anonymous_0)
FNF:1
FNH:0
FNDA:0,(anonymous_0)
DA:12,0
DA:13,0
DA:15,0
LF:3
LH:0
BRF:0
BRH:0
end_of_record
TN:
SF:features\auth\components\Profile\ProfileHeader.tsx
FN:15,(anonymous_0)
FNF:1
FNH:0
FNDA:0,(anonymous_0)
DA:15,0
DA:16,0
DA:18,0
LF:3
LH:0
BRDA:25,0,0,0
BRDA:25,0,1,0
BRDA:25,1,0,0
BRDA:25,1,1,0
BRDA:25,1,2,0
BRDA:25,1,3,0
BRDA:27,2,0,0
BRDA:27,2,1,0
BRDA:28,3,0,0
BRDA:28,3,1,0
BRF:10
BRH:0
end_of_record
TN:
SF:features\auth\components\Profile\ProfileStats.tsx
FN:13,(anonymous_0)
FNF:1
FNH:0
FNDA:0,(anonymous_0)
DA:13,0
DA:14,0
DA:16,0
DA:21,0
LF:4
LH:0
BRF:0
BRH:0
end_of_record
TN:
SF:features\auth\components\Profile\ProfileTimeline.tsx
FN:11,(anonymous_0)
FN:21,(anonymous_1)
FNF:2
FNH:0
FNDA:0,(anonymous_0)
FNDA:0,(anonymous_1)
DA:11,0
DA:12,0
DA:14,0
DA:22,0
LF:4
LH:0
BRDA:21,0,0,0
BRDA:21,0,1,0
BRDA:22,1,0,0
BRDA:22,1,1,0
BRDA:25,2,0,0
BRDA:25,2,1,0
BRDA:26,3,0,0
BRDA:26,3,1,0
BRDA:27,4,0,0
BRDA:27,4,1,0
BRDA:28,5,0,0
BRDA:28,5,1,0
BRDA:31,6,0,0
BRDA:31,6,1,0
BRDA:32,7,0,0
BRDA:32,7,1,0
BRDA:33,8,0,0
BRDA:33,8,1,0
BRDA:34,9,0,0
BRDA:34,9,1,0
BRDA:38,10,0,0
BRDA:38,10,1,0
BRDA:39,11,0,0
BRDA:39,11,1,0
BRDA:40,12,0,0
BRDA:40,12,1,0
BRDA:41,13,0,0
BRDA:41,13,1,0
BRDA:45,14,0,0
BRDA:45,14,1,0
BRF:30
BRH:0
end_of_record
TN:
SF:features\auth\store\authStore.ts
FN:28,(anonymous_0)
FN:35,(anonymous_1)
FN:60,(anonymous_2)
FN:76,(anonymous_3)
FN:82,(anonymous_4)
FN:136,(anonymous_5)
FN:137,(anonymous_6)
FN:142,(anonymous_7)
FN:146,(anonymous_8)
FN:147,(anonymous_9)
FNF:10
FNH:8
FNDA:3,(anonymous_0)
FNDA:1,(anonymous_1)
FNDA:0,(anonymous_2)
FNDA:1,(anonymous_3)
FNDA:0,(anonymous_4)
FNDA:1,(anonymous_5)
FNDA:1,(anonymous_6)
FNDA:1,(anonymous_7)
FNDA:3,(anonymous_8)
FNDA:11,(anonymous_9)
DA:23,3
DA:24,3
DA:26,3
DA:28,3
DA:36,1
DA:37,1
DA:38,1
DA:39,1
DA:43,1
DA:47,1
DA:53,1
DA:55,0
DA:56,0
DA:61,0
DA:62,0
DA:63,0
DA:65,0
DA:69,0
DA:71,0
DA:72,0
DA:77,1
DA:78,1
DA:79,1
DA:83,0
DA:84,0
DA:85,0
DA:86,0
DA:88,0
DA:89,0
DA:90,0
DA:93,0
DA:94,0
DA:95,0
DA:96,0
DA:97,0
DA:98,0
DA:99,0
DA:100,0
DA:101,0
DA:102,0
DA:103,0
DA:105,0
DA:106,0
DA:109,0
DA:111,0
DA:114,0
DA:115,0
DA:116,0
DA:117,0
DA:118,0
DA:119,0
DA:120,0
DA:121,0
DA:122,0
DA:123,0
DA:124,0
DA:126,0
DA:130,0
DA:132,0
DA:137,1
DA:142,1
DA:146,3
DA:147,11
LF:63
LH:18
BRDA:86,0,0,0
BRDA:86,0,1,0
BRDA:94,1,0,0
BRDA:94,1,1,0
BRDA:98,2,0,0
BRDA:98,2,1,0
BRDA:115,3,0,0
BRDA:115,3,1,0
BRDA:119,4,0,0
BRDA:119,4,1,0
BRDA:138,5,0,1
BRDA:138,5,1,0
BRF:12
BRH:1
end_of_record
TN:
SF:features\courses\api\coursesApi.ts
FN:49,(anonymous_0)
FN:54,(anonymous_1)
FN:59,(anonymous_2)
FN:60,(anonymous_3)
FNF:4
FNH:4
FNDA:1,(anonymous_0)
FNDA:1,(anonymous_1)
FNDA:1,(anonymous_2)
FNDA:1,(anonymous_3)
DA:5,2
DA:16,2
DA:29,2
DA:42,2
DA:46,2
DA:48,2
DA:50,1
DA:51,1
DA:55,1
DA:56,1
DA:60,1
DA:62,1
DA:65,1
DA:68,1
DA:69,1
DA:71,1
DA:80,1
DA:82,1
DA:85,1
DA:86,1
DA:88,1
DA:90,1
LF:22
LH:22
BRDA:72,0,0,1
BRDA:72,0,1,0
BRDA:80,1,0,1
BRDA:80,1,1,0
BRDA:82,2,0,1
BRDA:82,2,1,0
BRDA:82,3,0,0
BRDA:82,3,1,0
BRF:8
BRH:3
end_of_record
TN:
SF:features\courses\components\CourseCard.tsx
FN:28,(anonymous_0)
FN:33,(anonymous_1)
FN:34,(anonymous_2)
FN:36,(anonymous_3)
FN:41,(anonymous_4)
FN:45,(anonymous_5)
FN:49,(anonymous_6)
FN:53,(anonymous_7)
FN:57,(anonymous_8)
FN:68,(anonymous_9)
FN:88,(anonymous_10)
FNF:11
FNH:0
FNDA:0,(anonymous_0)
FNDA:0,(anonymous_1)
FNDA:0,(anonymous_2)
FNDA:0,(anonymous_3)
FNDA:0,(anonymous_4)
FNDA:0,(anonymous_5)
FNDA:0,(anonymous_6)
FNDA:0,(anonymous_7)
FNDA:0,(anonymous_8)
FNDA:0,(anonymous_9)
FNDA:0,(anonymous_10)
DA:25,0
DA:27,0
DA:29,0
DA:30,0
DA:31,0
DA:33,0
DA:34,0
DA:36,0
DA:37,0
DA:38,0
DA:41,0
DA:45,0
DA:49,0
DA:50,0
DA:53,0
DA:54,0
DA:57,0
DA:58,0
DA:60,0
DA:65,0
DA:68,0
DA:69,0
DA:70,0
DA:71,0
DA:74,0
DA:88,0
LF:26
LH:0
BRDA:38,0,0,0
BRDA:38,0,1,0
BRDA:38,1,0,0
BRDA:38,1,1,0
BRDA:69,2,0,0
BRDA:69,2,1,0
BRDA:83,3,0,0
BRDA:83,3,1,0
BRDA:106,4,0,0
BRDA:106,4,1,0
BRDA:110,5,0,0
BRDA:110,5,1,0
BRDA:115,6,0,0
BRDA:115,6,1,0
BRDA:123,7,0,0
BRDA:123,7,1,0
BRDA:128,8,0,0
BRDA:128,8,1,0
BRDA:135,9,0,0
BRDA:135,9,1,0
BRDA:137,10,0,0
BRDA:137,10,1,0
BRDA:185,11,0,0
BRDA:185,11,1,0
BRDA:196,12,0,0
BRDA:196,12,1,0
BRDA:199,13,0,0
BRDA:199,13,1,0
BRDA:215,14,0,0
BRDA:215,14,1,0
BRDA:226,15,0,0
BRDA:226,15,1,0
BRDA:226,15,2,0
BRF:33
BRH:0
end_of_record
TN:
SF:features\courses\components\SearchBar.tsx
FN:12,(anonymous_0)
FN:33,(anonymous_1)
FNF:2
FNH:0
FNDA:0,(anonymous_0)
FNDA:0,(anonymous_1)
DA:12,0
DA:17,0
DA:19,0
DA:33,0
LF:4
LH:0
BRDA:15,0,0,0
BRDA:32,1,0,0
BRDA:32,1,1,0
BRF:3
BRH:0
end_of_record
TN:
SF:features\courses\components\CourseDetail\CertificateModal.tsx
FN:15,(anonymous_0)
FNF:1
FNH:0
FNDA:0,(anonymous_0)
DA:15,0
DA:16,0
LF:2
LH:0
BRF:0
BRH:0
end_of_record
TN:
SF:features\courses\components\CourseDetail\CourseHeader.tsx
FN:15,(anonymous_0)
FN:27,(anonymous_1)
FNF:2
FNH:0
FNDA:0,(anonymous_0)
FNDA:0,(anonymous_1)
DA:15,0
DA:16,0
DA:17,0
DA:19,0
DA:27,0
LF:5
LH:0
BRDA:46,0,0,0
BRDA:46,0,1,0
BRF:2
BRH:0
end_of_record
TN:
SF:features\courses\components\CourseDetail\CourseHero.tsx
FN:10,(anonymous_0)
FNF:1
FNH:0
FNDA:0,(anonymous_0)
DA:10,0
DA:11,0
LF:2
LH:0
BRF:0
BRH:0
end_of_record
TN:
SF:features\courses\components\CourseDetail\EnrollmentBottomSheet.tsx
FN:18,(anonymous_0)
FN:27,(anonymous_1)
FN:31,(anonymous_2)
FN:65,(anonymous_3)
FNF:4
FNH:0
FNDA:0,(anonymous_0)
FNDA:0,(anonymous_1)
FNDA:0,(anonymous_2)
FNDA:0,(anonymous_3)
DA:18,0
DA:27,0
DA:28,0
DA:30,0
DA:31,0
DA:35,0
DA:65,0
LF:7
LH:0
BRDA:46,0,0,0
BRDA:46,0,1,0
BRF:2
BRH:0
end_of_record
TN:
SF:features\courses\store\courseStore.ts
FN:57,getFriendlyErrorMessage
FN:80,(anonymous_1)
FN:98,(anonymous_2)
FN:109,(anonymous_3)
FN:144,(anonymous_4)
FN:156,(anonymous_5)
FN:160,(anonymous_6)
FN:171,(anonymous_7)
FN:181,(anonymous_8)
FN:187,(anonymous_9)
FN:191,(anonymous_10)
FN:211,(anonymous_11)
FN:215,(anonymous_12)
FN:228,(anonymous_13)
FN:231,(anonymous_14)
FN:232,(anonymous_15)
FN:236,(anonymous_16)
FN:252,(anonymous_17)
FN:265,(anonymous_18)
FN:277,(anonymous_19)
FN:290,(anonymous_20)
FN:301,(anonymous_21)
FN:324,(anonymous_22)
FN:329,(anonymous_23)
FN:330,(anonymous_24)
FN:335,(anonymous_25)
FN:336,(anonymous_26)
FNF:27
FNH:16
FNDA:0,getFriendlyErrorMessage
FNDA:1,(anonymous_1)
FNDA:5,(anonymous_2)
FNDA:0,(anonymous_3)
FNDA:0,(anonymous_4)
FNDA:0,(anonymous_5)
FNDA:0,(anonymous_6)
FNDA:0,(anonymous_7)
FNDA:2,(anonymous_8)
FNDA:1,(anonymous_9)
FNDA:1,(anonymous_10)
FNDA:1,(anonymous_11)
FNDA:1,(anonymous_12)
FNDA:1,(anonymous_13)
FNDA:2,(anonymous_14)
FNDA:0,(anonymous_15)
FNDA:1,(anonymous_16)
FNDA:1,(anonymous_17)
FNDA:3,(anonymous_18)
FNDA:2,(anonymous_19)
FNDA:1,(anonymous_20)
FNDA:0,(anonymous_21)
FNDA:0,(anonymous_22)
FNDA:0,(anonymous_23)
FNDA:0,(anonymous_24)
FNDA:1,(anonymous_25)
FNDA:21,(anonymous_26)
DA:55,1
DA:58,0
DA:59,0
DA:60,0
DA:63,0
DA:64,0
DA:68,0
DA:69,0
DA:70,0
DA:71,0
DA:75,0
DA:78,1
DA:80,1
DA:99,5
DA:100,5
DA:106,5
DA:111,0
DA:112,0
DA:115,0
DA:120,0
DA:123,0
DA:124,0
DA:125,0
DA:130,0
DA:132,0
DA:140,0
DA:145,0
DA:146,0
DA:148,0
DA:149,0
DA:150,0
DA:157,0
DA:162,0
DA:163,0
DA:165,0
DA:166,0
DA:167,0
DA:170,0
DA:172,0
DA:178,0
DA:182,2
DA:184,2
DA:186,2
DA:187,1
DA:188,1
DA:190,1
DA:191,1
DA:192,1
DA:193,1
DA:200,1
DA:203,2
DA:206,2
DA:207,0
DA:212,1
DA:213,1
DA:214,1
DA:215,1
DA:216,1
DA:217,1
DA:224,1
DA:229,1
DA:230,1
DA:231,2
DA:232,0
DA:237,1
DA:239,1
DA:240,0
DA:243,1
DA:244,1
DA:249,0
DA:252,1
DA:253,1
DA:254,1
DA:262,1
DA:266,3
DA:267,3
DA:268,3
DA:276,3
DA:277,2
DA:278,2
DA:279,2
DA:287,3
DA:291,1
DA:292,1
DA:293,1
DA:302,0
DA:303,0
DA:304,0
DA:306,0
DA:307,0
DA:308,0
DA:311,0
DA:312,0
DA:314,0
DA:315,0
DA:317,0
DA:318,0
DA:319,0
DA:320,0
DA:325,0
DA:326,0
DA:330,0
DA:335,1
DA:336,21
LF:104
LH:49
BRDA:58,0,0,0
BRDA:58,0,1,0
BRDA:59,1,0,0
BRDA:59,1,1,0
BRDA:63,2,0,0
BRDA:63,2,1,0
BRDA:68,3,0,0
BRDA:68,3,1,0
BRDA:70,4,0,0
BRDA:70,4,1,0
BRDA:70,5,0,0
BRDA:70,5,1,0
BRDA:115,6,0,0
BRDA:115,6,1,0
BRDA:116,7,0,0
BRDA:116,7,1,0
BRDA:116,7,2,0
BRDA:146,8,0,0
BRDA:146,8,1,0
BRDA:165,9,0,0
BRDA:165,9,1,0
BRDA:172,10,0,0
BRDA:172,10,1,0
BRDA:172,10,2,0
BRDA:172,10,3,0
BRDA:186,11,0,1
BRDA:186,11,1,1
BRDA:192,12,0,1
BRDA:192,12,1,0
BRDA:206,13,0,0
BRDA:206,13,1,2
BRDA:213,14,0,1
BRDA:213,14,1,0
BRDA:216,15,0,1
BRDA:216,15,1,0
BRDA:239,16,0,0
BRDA:239,16,1,1
BRDA:243,17,0,1
BRDA:243,17,1,0
BRDA:253,18,0,1
BRDA:253,18,1,0
BRDA:267,19,0,3
BRDA:267,19,1,1
BRDA:276,20,0,2
BRDA:276,20,1,1
BRDA:278,21,0,2
BRDA:278,21,1,0
BRDA:292,22,0,1
BRDA:292,22,1,1
BRDA:306,23,0,0
BRDA:306,23,1,0
BRDA:317,24,0,0
BRDA:317,24,1,0
BRDA:319,25,0,0
BRDA:319,25,1,0
BRF:55
BRH:16
end_of_record
TN:
SF:features\courses\utils\ai.ts
FN:13,(anonymous_0)
FN:20,(anonymous_1)
FN:20,(anonymous_2)
FN:38,(anonymous_3)
FN:48,(anonymous_4)
FNF:5
FNH:3
FNDA:3,(anonymous_0)
FNDA:6,(anonymous_1)
FNDA:6,(anonymous_2)
FNDA:0,(anonymous_3)
FNDA:0,(anonymous_4)
DA:5,2
DA:7,2
DA:12,2
DA:14,3
DA:16,3
DA:18,3
DA:19,3
DA:20,6
DA:21,6
DA:27,0
DA:28,0
DA:38,0
DA:43,0
DA:44,0
DA:46,0
DA:47,0
DA:48,0
DA:50,0
DA:51,0
LF:19
LH:9
BRDA:8,0,0,2
BRDA:8,0,1,2
BRDA:14,1,0,3
BRDA:14,1,1,0
BRDA:16,2,0,3
BRDA:16,2,1,0
BRDA:21,3,0,6
BRDA:21,3,1,3
BRDA:44,4,0,0
BRDA:44,4,1,0
BRDA:47,5,0,0
BRDA:47,5,1,0
BRF:12
BRH:6
end_of_record
TN:
SF:features\courses\utils\courseHtml.ts
FN:4,(anonymous_0)
FNF:1
FNH:1
FNDA:3,(anonymous_0)
DA:4,1
DA:5,3
DA:6,3
DA:7,3
DA:8,3
DA:9,3
DA:10,3
DA:11,3
DA:13,3
LF:9
LH:9
BRDA:4,0,0,1
BRDA:5,1,0,1
BRDA:5,1,1,2
BRDA:6,2,0,1
BRDA:6,2,1,2
BRDA:7,3,0,1
BRDA:7,3,1,2
BRDA:8,4,0,1
BRDA:8,4,1,2
BRDA:9,5,0,1
BRDA:9,5,1,2
BRDA:10,6,0,1
BRDA:10,6,1,2
BRDA:11,7,0,1
BRDA:11,7,1,2
BRF:15
BRH:15
end_of_record
TN:
SF:features\notifications\services\notificationService.ts
FN:10,(anonymous_0)
FN:19,requestPermissions
FN:38,scheduleBookmarkMilestoneNotification
FN:52,scheduleReminderNotification
FN:74,clearReminderNotification
FN:84,scheduleCourseReengagementReminder
FN:119,clearCourseReminderNotification
FN:135,cancelAllNotifications
FNF:8
FNH:0
FNDA:0,(anonymous_0)
FNDA:0,requestPermissions
FNDA:0,scheduleBookmarkMilestoneNotification
FNDA:0,scheduleReminderNotification
FNDA:0,clearReminderNotification
FNDA:0,scheduleCourseReengagementReminder
FNDA:0,clearCourseReminderNotification
FNDA:0,cancelAllNotifications
DA:5,1
DA:6,1
DA:7,1
DA:9,1
DA:10,0
DA:20,0
DA:21,0
DA:29,0
DA:30,0
DA:31,0
DA:32,0
DA:33,0
DA:35,0
DA:39,0
DA:40,0
DA:41,0
DA:48,0
DA:53,0
DA:56,0
DA:57,0
DA:60,0
DA:71,0
DA:75,0
DA:78,0
DA:79,0
DA:80,0
DA:89,0
DA:90,0
DA:91,0
DA:92,0
DA:93,0
DA:94,0
DA:101,0
DA:113,0
DA:120,0
DA:121,0
DA:123,0
DA:124,0
DA:125,0
DA:126,0
DA:132,0
DA:136,0
DA:137,0
LF:43
LH:4
BRDA:20,0,0,0
BRDA:20,0,1,0
BRDA:31,1,0,0
BRDA:31,1,1,0
BRDA:40,2,0,0
BRDA:40,2,1,0
BRDA:56,3,0,0
BRDA:56,3,1,0
BRDA:78,4,0,0
BRDA:78,4,1,0
BRDA:87,5,0,0
BRDA:90,6,0,0
BRDA:90,6,1,0
BRDA:93,7,0,0
BRDA:93,7,1,0
BRDA:121,8,0,0
BRDA:121,8,1,0
BRDA:125,9,0,0
BRDA:125,9,1,0
BRF:19
BRH:0
end_of_record
TN:
SF:shared\components\ErrorBoundary.tsx
FN:22,(anonymous_0)
FN:26,(anonymous_1)
FN:30,(anonymous_2)
FN:34,(anonymous_3)
FNF:4
FNH:0
FNDA:0,(anonymous_0)
FNDA:0,(anonymous_1)
FNDA:0,(anonymous_2)
FNDA:0,(anonymous_3)
DA:17,0
DA:23,0
DA:27,0
DA:30,0
DA:31,0
DA:35,0
DA:36,0
DA:59,0
LF:8
LH:0
BRDA:35,0,0,0
BRDA:35,0,1,0
BRF:2
BRH:0
end_of_record
TN:
SF:shared\components\ui\AnimatedSplashScreen.tsx
FN:20,AnimatedSplashScreen
FN:27,(anonymous_1)
FN:49,(anonymous_2)
FN:53,(anonymous_3)
FN:55,(anonymous_4)
FN:63,(anonymous_5)
FN:71,(anonymous_6)
FNF:7
FNH:0
FNDA:0,AnimatedSplashScreen
FNDA:0,(anonymous_1)
FNDA:0,(anonymous_2)
FNDA:0,(anonymous_3)
FNDA:0,(anonymous_4)
FNDA:0,(anonymous_5)
FNDA:0,(anonymous_6)
DA:14,0
DA:21,0
DA:22,0
DA:23,0
DA:24,0
DA:25,0
DA:27,0
DA:29,0
DA:30,0
DA:33,0
DA:38,0
DA:43,0
DA:49,0
DA:50,0
DA:53,0
DA:54,0
DA:55,0
DA:56,0
DA:57,0
DA:63,0
DA:71,0
DA:76,0
DA:97,0
LF:23
LH:0
BRDA:56,0,0,0
BRDA:56,0,1,0
BRF:2
BRH:0
end_of_record
TN:
SF:shared\components\ui\Badge.tsx
FN:12,(anonymous_0)
FNF:1
FNH:0
FNDA:0,(anonymous_0)
DA:12,0
DA:13,0
LF:2
LH:0
BRDA:12,0,0,0
BRDA:18,1,0,0
BRDA:18,1,1,0
BRF:3
BRH:0
end_of_record
TN:
SF:shared\components\ui\Button.tsx
FN:15,(anonymous_0)
FN:24,(anonymous_1)
FN:38,(anonymous_2)
FNF:3
FNH:0
FNDA:0,(anonymous_0)
FNDA:0,(anonymous_1)
FNDA:0,(anonymous_2)
DA:15,0
DA:24,0
DA:25,0
DA:27,0
DA:29,0
DA:31,0
DA:34,0
DA:38,0
DA:39,0
DA:41,0
DA:43,0
DA:47,0
LF:12
LH:0
BRDA:18,0,0,0
BRDA:19,1,0,0
BRDA:20,2,0,0
BRDA:21,3,0,0
BRDA:22,4,0,0
BRDA:25,5,0,0
BRDA:25,5,1,0
BRDA:25,5,2,0
BRDA:25,5,3,0
BRDA:25,5,4,0
BRDA:39,6,0,0
BRDA:39,6,1,0
BRDA:49,7,0,0
BRDA:49,7,1,0
BRDA:51,8,0,0
BRDA:51,8,1,0
BRDA:54,9,0,0
BRDA:54,9,1,0
BRDA:58,10,0,0
BRDA:58,10,1,0
BRF:20
BRH:0
end_of_record
TN:
SF:shared\components\ui\Card.tsx
FN:9,(anonymous_0)
FNF:1
FNH:0
FNDA:0,(anonymous_0)
DA:9,0
DA:10,0
LF:2
LH:0
BRDA:9,0,0,0
BRF:1
BRH:0
end_of_record
TN:
SF:shared\components\ui\CustomDialog.tsx
FN:23,CustomDialog
FNF:1
FNH:0
FNDA:0,CustomDialog
DA:33,0
DA:35,0
DA:37,0
DA:38,0
DA:40,0
LF:5
LH:0
BRDA:29,0,0,0
BRDA:30,1,0,0
BRDA:31,2,0,0
BRDA:35,3,0,0
BRDA:35,3,1,0
BRDA:62,4,0,0
BRDA:62,4,1,0
BRDA:72,5,0,0
BRDA:72,5,1,0
BRDA:76,6,0,0
BRDA:76,6,1,0
BRDA:76,7,0,0
BRDA:76,7,1,0
BRF:13
BRH:0
end_of_record
TN:
SF:shared\components\ui\EmptyState.tsx
FN:16,(anonymous_0)
FNF:1
FNH:0
FNDA:0,(anonymous_0)
DA:16,0
DA:24,0
LF:2
LH:0
BRDA:26,0,0,0
BRDA:26,0,1,0
BRDA:29,1,0,0
BRDA:29,1,1,0
BRDA:29,1,2,0
BRF:5
BRH:0
end_of_record
TN:
SF:shared\components\ui\ErrorBanner.tsx
FN:9,ErrorBanner
FNF:1
FNH:0
FNDA:0,ErrorBanner
DA:10,0
DA:12,0
LF:2
LH:0
BRDA:10,0,0,0
BRDA:10,0,1,0
BRF:2
BRH:0
end_of_record
TN:
SF:shared\components\ui\ErrorBoundary.tsx
FN:18,(anonymous_0)
FN:23,(anonymous_1)
FN:27,(anonymous_2)
FN:39,(anonymous_3)
FN:43,(anonymous_4)
FNF:5
FNH:0
FNDA:0,(anonymous_0)
FNDA:0,(anonymous_1)
FNDA:0,(anonymous_2)
FNDA:0,(anonymous_3)
FNDA:0,(anonymous_4)
DA:19,0
DA:20,0
DA:24,0
DA:29,0
DA:30,0
DA:31,0
DA:32,0
DA:33,0
DA:36,0
DA:39,0
DA:40,0
DA:44,0
DA:45,0
DA:47,0
DA:92,0
LF:15
LH:0
BRDA:44,0,0,0
BRDA:44,0,1,0
BRDA:45,1,0,0
BRDA:45,1,1,0
BRDA:59,2,0,0
BRDA:59,2,1,0
BRDA:59,2,2,0
BRF:7
BRH:0
end_of_record
TN:
SF:shared\components\ui\FloatingAIBtn.tsx
FN:14,FloatingAIBtn
FN:19,(anonymous_1)
FN:30,(anonymous_2)
FN:48,(anonymous_3)
FNF:4
FNH:0
FNDA:0,FloatingAIBtn
FNDA:0,(anonymous_1)
FNDA:0,(anonymous_2)
FNDA:0,(anonymous_3)
DA:15,0
DA:16,0
DA:17,0
DA:19,0
DA:20,0
DA:30,0
DA:34,0
DA:48,0
LF:8
LH:0
BRF:0
BRH:0
end_of_record
TN:
SF:shared\components\ui\Input.tsx
FN:14,(anonymous_0)
FN:40,(anonymous_1)
FN:41,(anonymous_2)
FN:50,(anonymous_3)
FN:50,(anonymous_4)
FNF:5
FNH:0
FNDA:0,(anonymous_0)
FNDA:0,(anonymous_1)
FNDA:0,(anonymous_2)
FNDA:0,(anonymous_3)
FNDA:0,(anonymous_4)
DA:14,0
DA:15,0
DA:16,0
DA:17,0
DA:19,0
DA:21,0
DA:40,0
DA:42,0
DA:43,0
DA:50,0
LF:10
LH:0
BRDA:14,0,0,0
BRDA:23,1,0,0
BRDA:23,1,1,0
BRDA:32,2,0,0
BRDA:32,2,1,0
BRDA:32,3,0,0
BRDA:32,3,1,0
BRDA:36,4,0,0
BRDA:36,4,1,0
BRDA:46,5,0,0
BRDA:46,5,1,0
BRDA:49,6,0,0
BRDA:49,6,1,0
BRDA:51,7,0,0
BRDA:51,7,1,0
BRDA:58,8,0,0
BRDA:58,8,1,0
BRDA:61,9,0,0
BRDA:61,9,1,0
BRDA:61,9,2,0
BRF:20
BRH:0
end_of_record
TN:
SF:shared\components\ui\NetworkStatus.tsx
FN:8,NetworkStatus
FN:15,(anonymous_1)
FN:16,(anonymous_2)
FN:19,(anonymous_3)
FN:26,(anonymous_4)
FN:32,(anonymous_5)
FNF:6
FNH:0
FNDA:0,NetworkStatus
FNDA:0,(anonymous_1)
FNDA:0,(anonymous_2)
FNDA:0,(anonymous_3)
FNDA:0,(anonymous_4)
FNDA:0,(anonymous_5)
DA:9,0
DA:10,0
DA:11,0
DA:12,0
DA:13,0
DA:15,0
DA:16,0
DA:17,0
DA:19,0
DA:21,0
DA:22,0
DA:23,0
DA:25,0
DA:26,0
DA:28,0
DA:32,0
DA:33,0
DA:34,0
DA:39,0
DA:40,0
DA:42,0
DA:43,0
DA:56,0
LF:23
LH:0
BRDA:17,0,0,0
BRDA:17,0,1,0
BRDA:21,1,0,0
BRDA:21,1,1,0
BRDA:21,2,0,0
BRDA:21,2,1,0
BRDA:25,3,0,0
BRDA:25,3,1,0
BRDA:34,4,0,0
BRDA:34,4,1,0
BRDA:39,5,0,0
BRDA:39,5,1,0
BRDA:40,6,0,0
BRDA:40,6,1,0
BRDA:40,7,0,0
BRDA:40,7,1,0
BRDA:42,8,0,0
BRDA:42,8,1,0
BRDA:42,9,0,0
BRDA:42,9,1,0
BRF:20
BRH:0
end_of_record
TN:
SF:shared\components\ui\OfflineBanner.tsx
FN:9,(anonymous_0)
FN:36,(anonymous_1)
FNF:2
FNH:0
FNDA:0,(anonymous_0)
FNDA:0,(anonymous_1)
DA:9,0
DA:10,0
DA:11,0
DA:13,0
DA:15,0
LF:5
LH:0
BRDA:13,0,0,0
BRDA:13,0,1,0
BRF:2
BRH:0
end_of_record
TN:
SF:shared\components\ui\OfflineScreen.tsx
FN:13,(anonymous_0)
FNF:1
FNH:0
FNDA:0,(anonymous_0)
DA:13,0
DA:14,0
DA:57,0
LF:3
LH:0
BRF:0
BRH:0
end_of_record
TN:
SF:shared\components\ui\SkeletonCard.tsx
FN:12,(anonymous_0)
FN:16,(anonymous_1)
FN:27,(anonymous_2)
FNF:3
FNH:0
FNDA:0,(anonymous_0)
FNDA:0,(anonymous_1)
FNDA:0,(anonymous_2)
DA:12,0
DA:13,0
DA:14,0
DA:16,0
DA:17,0
DA:27,0
DA:31,0
LF:7
LH:0
BRF:0
BRH:0
end_of_record
TN:
SF:shared\components\ui\UnsplashPicker.tsx
FN:16,(anonymous_0)
FN:22,(anonymous_1)
FN:29,(anonymous_2)
FN:53,(anonymous_3)
FN:71,(anonymous_4)
FN:75,(anonymous_5)
FNF:6
FNH:0
FNDA:0,(anonymous_0)
FNDA:0,(anonymous_1)
FNDA:0,(anonymous_2)
FNDA:0,(anonymous_3)
FNDA:0,(anonymous_4)
FNDA:0,(anonymous_5)
DA:16,0
DA:17,0
DA:18,0
DA:19,0
DA:20,0
DA:22,0
DA:23,0
DA:24,0
DA:25,0
DA:26,0
DA:29,0
DA:30,0
DA:31,0
DA:35,0
DA:53,0
DA:72,0
DA:75,0
LF:17
LH:0
BRDA:30,0,0,0
BRDA:30,0,1,0
BRDA:64,1,0,0
BRDA:64,1,1,0
BRDA:85,2,0,0
BRDA:85,2,1,0
BRF:6
BRH:0
end_of_record
TN:
SF:shared\hooks\useNetworkStatus.ts
FN:11,useNetworkStatus
FN:20,(anonymous_1)
FN:22,(anonymous_2)
FN:23,(anonymous_3)
FN:31,(anonymous_4)
FN:43,(anonymous_5)
FNF:6
FNH:0
FNDA:0,useNetworkStatus
FNDA:0,(anonymous_1)
FNDA:0,(anonymous_2)
FNDA:0,(anonymous_3)
FNDA:0,(anonymous_4)
FNDA:0,(anonymous_5)
DA:12,0
DA:18,0
DA:20,0
DA:22,0
DA:23,0
DA:31,0
DA:32,0
DA:33,0
DA:35,0
DA:43,0
DA:46,0
LF:11
LH:0
BRDA:25,0,0,0
BRDA:25,0,1,0
BRDA:32,1,0,0
BRDA:32,1,1,0
BRDA:36,2,0,0
BRDA:36,2,1,0
BRF:6
BRH:0
end_of_record
TN:
SF:shared\hooks\useTheme.ts
FN:4,useTheme
FNF:1
FNH:0
FNDA:0,useTheme
DA:5,0
DA:6,0
DA:8,0
LF:3
LH:0
BRDA:12,0,0,0
BRDA:12,0,1,0
BRF:2
BRH:0
end_of_record
TN:
SF:shared\types\index.ts
FNF:0
FNH:0
LF:0
LH:0
BRF:0
BRH:0
end_of_record
TN:
SF:shared\utils\network.ts
FN:4,useNetworkStatus
FN:8,(anonymous_1)
FN:10,(anonymous_2)
FN:16,(anonymous_3)
FN:21,(anonymous_4)
FNF:5
FNH:0
FNDA:0,useNetworkStatus
FNDA:0,(anonymous_1)
FNDA:0,(anonymous_2)
FNDA:0,(anonymous_3)
FNDA:0,(anonymous_4)
DA:5,0
DA:6,0
DA:8,0
DA:10,0
DA:11,0
DA:12,0
DA:16,0
DA:17,0
DA:18,0
DA:21,0
DA:22,0
DA:26,0
LF:12
LH:0
BRDA:11,0,0,0
BRDA:11,0,1,0
BRDA:17,1,0,0
BRDA:17,1,1,0
BRF:4
BRH:0
end_of_record
TN:
SF:shared\utils\security.ts
FN:8,(anonymous_0)
FN:39,(anonymous_1)
FN:46,(anonymous_2)
FNF:3
FNH:3
FNDA:3,(anonymous_0)
FNDA:1,(anonymous_1)
FNDA:1,(anonymous_2)
DA:8,1
DA:11,3
DA:12,3
DA:13,3
DA:15,3
DA:18,1
DA:21,2
DA:28,2
DA:30,0
DA:31,0
DA:39,1
DA:40,1
DA:46,1
DA:47,1
LF:14
LH:12
BRDA:9,0,0,3
BRDA:15,1,0,1
BRDA:15,1,1,2
BRDA:15,2,0,3
BRDA:15,2,1,2
BRF:5
BRH:5
end_of_record
TN:
SF:shared\utils\storage.ts
FN:6,(anonymous_0)
FN:13,(anonymous_1)
FN:21,(anonymous_2)
FN:30,(anonymous_3)
FN:38,(anonymous_4)
FN:47,(anonymous_5)
FNF:6
FNH:6
FNDA:1,(anonymous_0)
FNDA:2,(anonymous_1)
FNDA:1,(anonymous_2)
FNDA:1,(anonymous_3)
FNDA:3,(anonymous_4)
FNDA:1,(anonymous_5)
DA:4,1
DA:7,1
DA:8,1
DA:10,1
DA:14,2
DA:15,2
DA:17,2
DA:18,2
DA:22,1
DA:23,1
DA:25,1
DA:31,1
DA:32,1
DA:33,1
DA:35,1
DA:39,3
DA:40,3
DA:41,0
DA:43,3
DA:44,3
DA:48,1
DA:49,1
DA:51,1
LF:23
LH:22
BRDA:41,0,0,0
BRDA:41,0,1,0
BRF:2
BRH:0
end_of_record
